2025-05-31 11:40:27,309+0200 IPDMONITORING {"timestamp":"1748684427","label":"MAIL.QUEUE.JOBRUNNING.VALUE","attributes":{"_value":"0.0"}}
2025-05-31 11:40:57,199+0200 IPDMONITORING {"timestamp":"1748684457","label":"MAIL.QUEUE.NUMITEMSPROCESSEDPERMIN.STATISTICS","attributes":{"_99thPercentile":"0.0","_count":"1","_mean":"0.0","_max":"0.0","_min":"0.0"}}
2025-05-31 11:40:57,199+0200 IPDMONITORING {"timestamp":"1748684457","label":"MAIL.QUEUE.NUMERRORS.VALUE","attributes":{"_value":"0.0"}}
2025-05-31 11:40:57,199+0200 IPDMONITORING {"timestamp":"1748684457","label":"HTTP.REQUESTS.STATISTICS","attributes":{"_99thPercentile":"0.0","_count":"1","_mean":"0.0","_max":"0.0","_min":"0.0"}}
2025-05-31 11:40:57,199+0200 IPDMONITORING {"timestamp":"1748684457","label":"HTTP.CONNECTION.POOL.NUMMAX.VALUE","attributes":{"_value":"200.0"}}
2025-05-31 11:40:57,199+0200 IPDMONITORING {"timestamp":"1748684457","label":"DB.CONNECTION.POOL.NUMACTIVE.STATISTICS","attributes":{"_99thPercentile":"0.0","_count":"1","_mean":"0.0","_max":"0.0","_min":"0.0"}}
2025-05-31 11:40:57,199+0200 IPDMONITORING {"timestamp":"1748684457","label":"MAIL.QUEUE.NUMERRORS.STATISTICS","attributes":{"_99thPercentile":"0.0","_count":"1","_mean":"0.0","_max":"0.0","_min":"0.0"}}
2025-05-31 11:40:57,199+0200 IPDMONITORING {"timestamp":"1748684457","label":"DB.CONNECTION.FAILURES.COUNTER","attributes":{"_count":"0"}}
2025-05-31 11:40:57,199+0200 IPDMONITORING {"timestamp":"1748684457","label":"DB.CONNECTION.LATENCY.VALUE","attributes":{"_value":"0.0"}}
2025-05-31 11:40:57,199+0200 IPDMONITORING {"timestamp":"1748684457","label":"HTTP.CONNECTION.POOL.NUMIDLE.VALUE","attributes":{"_value":"0.0"}}
2025-05-31 11:40:57,199+0200 IPDMONITORING {"timestamp":"1748684457","label":"MAIL.QUEUE.NUMEMAILSSENTPERMIN.STATISTICS","attributes":{"_99thPercentile":"0.0","_count":"1","_mean":"0.0","_max":"0.0","_min":"0.0"}}
2025-05-31 11:40:57,199+0200 IPDMONITORING {"timestamp":"1748684457","label":"MAIL.QUEUE.NUMITEMS.VALUE","attributes":{"_value":"0.0"}}
2025-05-31 11:40:57,199+0200 IPDMONITORING {"timestamp":"1748684457","label":"MAIL.QUEUE.NUMERRORSADDEDPERMIN.VALUE","attributes":{"_value":"0.0"}}
2025-05-31 11:40:57,199+0200 IPDMONITORING {"timestamp":"1748684457","label":"MAIL.QUEUE.NUMERRORSADDEDPERMIN.STATISTICS","attributes":{"_99thPercentile":"0.0","_count":"1","_mean":"0.0","_max":"0.0","_min":"0.0"}}
2025-05-31 11:40:57,199+0200 IPDMONITORING {"timestamp":"1748684457","label":"MAIL.QUEUE.NUMITEMS.STATISTICS","attributes":{"_99thPercentile":"0.0","_count":"1","_mean":"0.0","_max":"0.0","_min":"0.0"}}
2025-05-31 11:40:57,200+0200 IPDMONITORING {"timestamp":"1748684457","label":"DB.CONNECTION.STATE.VALUE","attributes":{"_value":"1.0"}}
2025-05-31 11:40:57,200+0200 IPDMONITORING {"timestamp":"1748684457","label":"HOME.LOCAL.WRITE.LATENCY.SYNTHETIC.VALUE","attributes":{"_value":"-1.0"}}
2025-05-31 11:40:57,200+0200 IPDMONITORING {"timestamp":"1748684457","label":"HTTP.REQUESTS.VALUE","attributes":{"_value":"0.0"}}
2025-05-31 11:40:57,200+0200 IPDMONITORING {"timestamp":"1748684457","label":"MAIL.QUEUE.NUMEMAILSSENTPERMIN.VALUE","attributes":{"_value":"0.0"}}
2025-05-31 11:40:57,200+0200 IPDMONITORING {"timestamp":"1748684457","label":"MAIL.QUEUE.NUMITEMSADDEDPERMIN.VALUE","attributes":{"_value":"0.0"}}
2025-05-31 11:40:57,200+0200 IPDMONITORING {"timestamp":"1748684457","label":"DB.CONNECTION.LATENCY.STATISTICS","attributes":{"_99thPercentile":"0.0","_count":"1","_mean":"0.0","_max":"0.0","_min":"0.0"}}
2025-05-31 11:40:57,200+0200 IPDMONITORING {"timestamp":"1748684457","label":"MAIL.QUEUE.NUMITEMSPROCESSEDPERMIN.VALUE","attributes":{"_value":"0.0"}}
2025-05-31 11:40:57,200+0200 IPDMONITORING {"timestamp":"1748684457","label":"DB.CONNECTION.POOL.NUMIDLE.VALUE","attributes":{"_value":"2.0"}}
2025-05-31 11:40:57,200+0200 IPDMONITORING {"timestamp":"1748684457","label":"DB.CONNECTION.POOL.NUMACTIVE.VALUE","attributes":{"_value":"0.0"}}
2025-05-31 11:40:57,200+0200 IPDMONITORING {"timestamp":"1748684457","label":"HTTP.CONNECTION.POOL.NUMACTIVE.VALUE","attributes":{"_value":"-2.0"}}
2025-05-31 11:40:57,200+0200 IPDMONITORING {"timestamp":"1748684457","label":"HTTP.CONNECTION.SESSIONS.RECENT.VALUE","attributes":{"_value":"0.0"}}
2025-05-31 11:40:57,200+0200 IPDMONITORING {"timestamp":"1748684457","label":"HTTP.CONNECTION.SESSIONS.ACTIVE.VALUE","attributes":{"_value":"0.0"}}
2025-05-31 11:40:57,200+0200 IPDMONITORING {"timestamp":"1748684457","label":"MAIL.QUEUE.NUMITEMSADDEDPERMIN.STATISTICS","attributes":{"_99thPercentile":"0.0","_count":"1","_mean":"0.0","_max":"0.0","_min":"0.0"}}
2025-05-31 11:40:57,200+0200 IPDMONITORING {"timestamp":"1748684457","label":"DB.CONNECTION.POOL.NUMIDLE.STATISTICS","attributes":{"_99thPercentile":"2.0","_count":"1","_mean":"2.0","_max":"2.0","_min":"2.0"}}
2025-05-31 11:40:57,201+0200 IPDMONITORING {"timestamp":"1748684457","label":"HTTP.CONNECTION.SESSIONS.ACTIVE.STATISTICS","attributes":{"_99thPercentile":"0.0","_count":"1","_mean":"0.0","_max":"0.0","_min":"0.0"}}
2025-05-31 11:41:27,205+0200 IPDMONITORING {"timestamp":"1748684487","label":"MAIL.QUEUE.JOBRUNNING.VALUE","attributes":{"_value":"0.0"}}
2025-05-31 11:41:57,197+0200 IPDMONITORING {"timestamp":"1748684517","label":"MAIL.QUEUE.NUMITEMSPROCESSEDPERMIN.STATISTICS","attributes":{"_99thPercentile":"0.0","_count":"2","_mean":"0.0","_max":"0.0","_min":"0.0"}}
2025-05-31 11:41:57,197+0200 IPDMONITORING {"timestamp":"1748684517","label":"MAIL.QUEUE.NUMERRORS.VALUE","attributes":{"_value":"0.0"}}
2025-05-31 11:41:57,197+0200 IPDMONITORING {"timestamp":"1748684517","label":"HTTP.REQUESTS.STATISTICS","attributes":{"_99thPercentile":"0.0","_count":"2","_mean":"0.0","_max":"0.0","_min":"0.0"}}
2025-05-31 11:41:57,197+0200 IPDMONITORING {"timestamp":"1748684517","label":"HTTP.CONNECTION.POOL.NUMMAX.VALUE","attributes":{"_value":"200.0"}}
2025-05-31 11:41:57,197+0200 IPDMONITORING {"timestamp":"1748684517","label":"DB.CONNECTION.POOL.NUMACTIVE.STATISTICS","attributes":{"_99thPercentile":"0.0","_count":"2","_mean":"0.0","_max":"0.0","_min":"0.0"}}
2025-05-31 11:41:57,198+0200 IPDMONITORING {"timestamp":"1748684517","label":"MAIL.QUEUE.NUMERRORS.STATISTICS","attributes":{"_99thPercentile":"0.0","_count":"2","_mean":"0.0","_max":"0.0","_min":"0.0"}}
2025-05-31 11:41:57,198+0200 IPDMONITORING {"timestamp":"1748684517","label":"DB.CONNECTION.FAILURES.COUNTER","attributes":{"_count":"0"}}
2025-05-31 11:41:57,198+0200 IPDMONITORING {"timestamp":"1748684517","label":"DB.CONNECTION.LATENCY.VALUE","attributes":{"_value":"0.0"}}
2025-05-31 11:41:57,198+0200 IPDMONITORING {"timestamp":"1748684517","label":"HTTP.CONNECTION.POOL.NUMIDLE.VALUE","attributes":{"_value":"10.0"}}
2025-05-31 11:41:57,199+0200 IPDMONITORING {"timestamp":"1748684517","label":"MAIL.QUEUE.NUMEMAILSSENTPERMIN.STATISTICS","attributes":{"_99thPercentile":"0.0","_count":"2","_mean":"0.0","_max":"0.0","_min":"0.0"}}
2025-05-31 11:41:57,200+0200 IPDMONITORING {"timestamp":"1748684517","label":"MAIL.QUEUE.NUMITEMS.VALUE","attributes":{"_value":"0.0"}}
2025-05-31 11:41:57,200+0200 IPDMONITORING {"timestamp":"1748684517","label":"MAIL.QUEUE.NUMERRORSADDEDPERMIN.VALUE","attributes":{"_value":"0.0"}}
2025-05-31 11:41:57,200+0200 IPDMONITORING {"timestamp":"1748684517","label":"MAIL.QUEUE.NUMERRORSADDEDPERMIN.STATISTICS","attributes":{"_99thPercentile":"0.0","_count":"2","_mean":"0.0","_max":"0.0","_min":"0.0"}}
2025-05-31 11:41:57,200+0200 IPDMONITORING {"timestamp":"1748684517","label":"MAIL.QUEUE.NUMITEMS.STATISTICS","attributes":{"_99thPercentile":"0.0","_count":"2","_mean":"0.0","_max":"0.0","_min":"0.0"}}
2025-05-31 11:41:57,200+0200 IPDMONITORING {"timestamp":"1748684517","label":"DB.CONNECTION.STATE.VALUE","attributes":{"_value":"1.0"}}
2025-05-31 11:41:57,200+0200 IPDMONITORING {"timestamp":"1748684517","label":"HOME.LOCAL.WRITE.LATENCY.SYNTHETIC.VALUE","attributes":{"_value":"-1.0"}}
2025-05-31 11:41:57,200+0200 IPDMONITORING {"timestamp":"1748684517","label":"HTTP.REQUESTS.VALUE","attributes":{"_value":"0.0"}}
2025-05-31 11:41:57,200+0200 IPDMONITORING {"timestamp":"1748684517","label":"MAIL.QUEUE.NUMEMAILSSENTPERMIN.VALUE","attributes":{"_value":"0.0"}}
2025-05-31 11:41:57,200+0200 IPDMONITORING {"timestamp":"1748684517","label":"MAIL.QUEUE.NUMITEMSADDEDPERMIN.VALUE","attributes":{"_value":"0.0"}}
2025-05-31 11:41:57,200+0200 IPDMONITORING {"timestamp":"1748684517","label":"DB.CONNECTION.LATENCY.STATISTICS","attributes":{"_99thPercentile":"0.0","_count":"2","_mean":"0.0","_max":"0.0","_min":"0.0"}}
2025-05-31 11:41:57,200+0200 IPDMONITORING {"timestamp":"1748684517","label":"MAIL.QUEUE.NUMITEMSPROCESSEDPERMIN.VALUE","attributes":{"_value":"0.0"}}
2025-05-31 11:41:57,200+0200 IPDMONITORING {"timestamp":"1748684517","label":"HOME.LOCAL.WRITE.LATENCY.INDEXWRITER.STATISTICS","attributes":{"_99thPercentile":"5.0","_count":"1","_mean":"5.0","_max":"5.0","_min":"5.0"}}
2025-05-31 11:41:57,200+0200 IPDMONITORING {"timestamp":"1748684517","label":"DB.CONNECTION.POOL.NUMIDLE.VALUE","attributes":{"_value":"2.0"}}
2025-05-31 11:41:57,201+0200 IPDMONITORING {"timestamp":"1748684517","label":"DB.CONNECTION.POOL.NUMACTIVE.VALUE","attributes":{"_value":"0.0"}}
2025-05-31 11:41:57,201+0200 IPDMONITORING {"timestamp":"1748684517","label":"HTTP.CONNECTION.POOL.NUMACTIVE.VALUE","attributes":{"_value":"0.0"}}
2025-05-31 11:41:57,201+0200 IPDMONITORING {"timestamp":"1748684517","label":"HTTP.CONNECTION.SESSIONS.RECENT.VALUE","attributes":{"_value":"0.0"}}
2025-05-31 11:41:57,201+0200 IPDMONITORING {"timestamp":"1748684517","label":"HTTP.CONNECTION.SESSIONS.ACTIVE.VALUE","attributes":{"_value":"0.0"}}
2025-05-31 11:41:57,201+0200 IPDMONITORING {"timestamp":"1748684517","label":"MAIL.QUEUE.NUMITEMSADDEDPERMIN.STATISTICS","attributes":{"_99thPercentile":"0.0","_count":"2","_mean":"0.0","_max":"0.0","_min":"0.0"}}
2025-05-31 11:41:57,201+0200 IPDMONITORING {"timestamp":"1748684517","label":"DB.CONNECTION.POOL.NUMIDLE.STATISTICS","attributes":{"_99thPercentile":"2.0","_count":"2","_mean":"2.0","_max":"2.0","_min":"2.0"}}
2025-05-31 11:41:57,201+0200 IPDMONITORING {"timestamp":"1748684517","label":"HTTP.CONNECTION.SESSIONS.ACTIVE.STATISTICS","attributes":{"_99thPercentile":"0.0","_count":"2","_mean":"0.0","_max":"0.0","_min":"0.0"}}
2025-05-31 11:42:27,209+0200 IPDMONITORING {"timestamp":"1748684547","label":"MAIL.QUEUE.JOBRUNNING.VALUE","attributes":{"_value":"0.0"}}
2025-05-31 11:42:57,198+0200 IPDMONITORING {"timestamp":"1748684577","label":"MAIL.QUEUE.NUMITEMSPROCESSEDPERMIN.STATISTICS","attributes":{"_99thPercentile":"0.0","_count":"3","_mean":"0.0","_max":"0.0","_min":"0.0"}}
2025-05-31 11:42:57,199+0200 IPDMONITORING {"timestamp":"1748684577","label":"MAIL.QUEUE.NUMERRORS.VALUE","attributes":{"_value":"0.0"}}
2025-05-31 11:42:57,200+0200 IPDMONITORING {"timestamp":"1748684577","label":"HTTP.REQUESTS.STATISTICS","attributes":{"_99thPercentile":"2329.0","_count":"3","_mean":"1481.676061919669","_max":"2329.0","_min":"0.0"}}
2025-05-31 11:42:57,200+0200 IPDMONITORING {"timestamp":"1748684577","label":"HTTP.CONNECTION.POOL.NUMMAX.VALUE","attributes":{"_value":"200.0"}}
2025-05-31 11:42:57,200+0200 IPDMONITORING {"timestamp":"1748684577","label":"DB.CONNECTION.POOL.NUMACTIVE.STATISTICS","attributes":{"_99thPercentile":"0.0","_count":"3","_mean":"0.0","_max":"0.0","_min":"0.0"}}
2025-05-31 11:42:57,200+0200 IPDMONITORING {"timestamp":"1748684577","label":"MAIL.QUEUE.NUMERRORS.STATISTICS","attributes":{"_99thPercentile":"0.0","_count":"3","_mean":"0.0","_max":"0.0","_min":"0.0"}}
2025-05-31 11:42:57,200+0200 IPDMONITORING {"timestamp":"1748684577","label":"DB.CONNECTION.FAILURES.COUNTER","attributes":{"_count":"0"}}
2025-05-31 11:42:57,200+0200 IPDMONITORING {"timestamp":"1748684577","label":"DB.CONNECTION.LATENCY.VALUE","attributes":{"_value":"1.0"}}
2025-05-31 11:42:57,200+0200 IPDMONITORING {"timestamp":"1748684577","label":"HTTP.CONNECTION.POOL.NUMIDLE.VALUE","attributes":{"_value":"9.0"}}
2025-05-31 11:42:57,201+0200 IPDMONITORING {"timestamp":"1748684577","label":"MAIL.QUEUE.NUMEMAILSSENTPERMIN.STATISTICS","attributes":{"_99thPercentile":"0.0","_count":"3","_mean":"0.0","_max":"0.0","_min":"0.0"}}
2025-05-31 11:42:57,201+0200 IPDMONITORING {"timestamp":"1748684577","label":"MAIL.QUEUE.NUMITEMS.VALUE","attributes":{"_value":"0.0"}}
2025-05-31 11:42:57,201+0200 IPDMONITORING {"timestamp":"1748684577","label":"MAIL.QUEUE.NUMERRORSADDEDPERMIN.VALUE","attributes":{"_value":"0.0"}}
2025-05-31 11:42:57,201+0200 IPDMONITORING {"timestamp":"1748684577","label":"MAIL.QUEUE.NUMERRORSADDEDPERMIN.STATISTICS","attributes":{"_99thPercentile":"0.0","_count":"3","_mean":"0.0","_max":"0.0","_min":"0.0"}}
2025-05-31 11:42:57,201+0200 IPDMONITORING {"timestamp":"1748684577","label":"MAIL.QUEUE.NUMITEMS.STATISTICS","attributes":{"_99thPercentile":"0.0","_count":"3","_mean":"0.0","_max":"0.0","_min":"0.0"}}
2025-05-31 11:42:57,201+0200 IPDMONITORING {"timestamp":"1748684577","label":"DB.CONNECTION.STATE.VALUE","attributes":{"_value":"1.0"}}
2025-05-31 11:42:57,201+0200 IPDMONITORING {"timestamp":"1748684577","label":"HOME.LOCAL.WRITE.LATENCY.SYNTHETIC.VALUE","attributes":{"_value":"-1.0"}}
2025-05-31 11:42:57,202+0200 IPDMONITORING {"timestamp":"1748684577","label":"HTTP.REQUESTS.VALUE","attributes":{"_value":"2329.0"}}
2025-05-31 11:42:57,202+0200 IPDMONITORING {"timestamp":"1748684577","label":"MAIL.QUEUE.NUMEMAILSSENTPERMIN.VALUE","attributes":{"_value":"0.0"}}
2025-05-31 11:42:57,202+0200 IPDMONITORING {"timestamp":"1748684577","label":"MAIL.QUEUE.NUMITEMSADDEDPERMIN.VALUE","attributes":{"_value":"0.0"}}
2025-05-31 11:42:57,202+0200 IPDMONITORING {"timestamp":"1748684577","label":"DB.CONNECTION.LATENCY.STATISTICS","attributes":{"_99thPercentile":"1.0","_count":"3","_mean":"0.6361855139199952","_max":"1.0","_min":"0.0"}}
2025-05-31 11:42:57,202+0200 IPDMONITORING {"timestamp":"1748684577","label":"MAIL.QUEUE.NUMITEMSPROCESSEDPERMIN.VALUE","attributes":{"_value":"0.0"}}
2025-05-31 11:42:57,202+0200 IPDMONITORING {"timestamp":"1748684577","label":"HOME.LOCAL.WRITE.LATENCY.INDEXWRITER.STATISTICS","attributes":{"_99thPercentile":"5.0","_count":"1","_mean":"5.0","_max":"5.0","_min":"5.0"}}
2025-05-31 11:42:57,202+0200 IPDMONITORING {"timestamp":"1748684577","label":"DB.CONNECTION.POOL.NUMIDLE.VALUE","attributes":{"_value":"2.0"}}
2025-05-31 11:42:57,202+0200 IPDMONITORING {"timestamp":"1748684577","label":"DB.CONNECTION.POOL.NUMACTIVE.VALUE","attributes":{"_value":"0.0"}}
2025-05-31 11:42:57,202+0200 IPDMONITORING {"timestamp":"1748684577","label":"HTTP.CONNECTION.POOL.NUMACTIVE.VALUE","attributes":{"_value":"1.0"}}
2025-05-31 11:42:57,203+0200 IPDMONITORING {"timestamp":"1748684577","label":"HTTP.CONNECTION.SESSIONS.RECENT.VALUE","attributes":{"_value":"3.0"}}
2025-05-31 11:42:57,203+0200 IPDMONITORING {"timestamp":"1748684577","label":"HTTP.CONNECTION.SESSIONS.ACTIVE.VALUE","attributes":{"_value":"3.0"}}
2025-05-31 11:42:57,203+0200 IPDMONITORING {"timestamp":"1748684577","label":"MAIL.QUEUE.NUMITEMSADDEDPERMIN.STATISTICS","attributes":{"_99thPercentile":"0.0","_count":"3","_mean":"0.0","_max":"0.0","_min":"0.0"}}
2025-05-31 11:42:57,203+0200 IPDMONITORING {"timestamp":"1748684577","label":"DB.CONNECTION.POOL.NUMIDLE.STATISTICS","attributes":{"_99thPercentile":"2.0","_count":"3","_mean":"2.0","_max":"2.0","_min":"2.0"}}
2025-05-31 11:42:57,203+0200 IPDMONITORING {"timestamp":"1748684577","label":"HTTP.CONNECTION.SESSIONS.ACTIVE.STATISTICS","attributes":{"_99thPercentile":"3.0","_count":"3","_mean":"1.908556541759986","_max":"3.0","_min":"0.0"}}
2025-05-31 11:42:58,024+0200 IPDMONITORING {"timestamp":"1748684578","label":"MAIL.QUEUE.JOBRUNNING.VALUE","attributes":{"_value":"1.0"}}
2025-05-31 11:42:58,026+0200 IPDMONITORING {"timestamp":"1748684578","label":"MAIL.QUEUE.JOBRUNNING.VALUE","attributes":{"_value":"0.0"}}
