2025-04-12 19:42:34,222+0200 IPDMONITORING {"timestamp":"1744479754","label":"MAIL.QUEUE.JOBRUNNING.VALUE","attributes":{"_value":"0.0"}}
2025-04-12 19:43:04,123+0200 IPDMONITORING {"timestamp":"1744479784","label":"HTTP.CONNECTION.POOL.NUMMAX.VALUE","attributes":{"_value":"200.0"}}
2025-04-12 19:43:04,123+0200 IPDMONITORING {"timestamp":"1744479784","label":"MAIL.QUEUE.NUMERRORS.STATISTICS","attributes":{"_99thPercentile":"0.0","_count":"16","_mean":"0.0","_max":"0.0","_min":"0.0"}}
2025-04-12 19:43:04,123+0200 IPDMONITORING {"timestamp":"1744479784","label":"HTTP.CONNECTION.SESSIONS.ACTIVE.STATISTICS","attributes":{"_99thPercentile":"2.0","_count":"15","_mean":"0.39980214781851914","_max":"8.0","_min":"0.0"}}
2025-04-12 19:43:04,123+0200 IPDMONITORING {"timestamp":"1744479784","label":"HTTP.CONNECTION.SESSIONS.RECENT.VALUE","attributes":{"_value":"0.0"}}
2025-04-12 19:43:04,123+0200 IPDMONITORING {"timestamp":"1744479784","label":"MAIL.QUEUE.NUMEMAILSSENTPERMIN.VALUE","attributes":{"_value":"0.0"}}
2025-04-12 19:43:04,123+0200 IPDMONITORING {"timestamp":"1744479784","label":"HOME.LOCAL.WRITE.LATENCY.SYNTHETIC.VALUE","attributes":{"_value":"-1.0"}}
2025-04-12 19:43:04,123+0200 IPDMONITORING {"timestamp":"1744479784","label":"DB.CONNECTION.FAILURES.COUNTER","attributes":{"_count":"2"}}
2025-04-12 19:43:04,123+0200 IPDMONITORING {"timestamp":"1744479784","label":"MAIL.QUEUE.NUMITEMS.VALUE","attributes":{"_value":"0.0"}}
2025-04-12 19:43:04,123+0200 IPDMONITORING {"timestamp":"1744479784","label":"MAIL.QUEUE.NUMERRORSADDEDPERMIN.STATISTICS","attributes":{"_99thPercentile":"0.0","_count":"16","_mean":"0.0","_max":"0.0","_min":"0.0"}}
2025-04-12 19:43:04,123+0200 IPDMONITORING {"timestamp":"1744479784","label":"MAIL.QUEUE.NUMITEMSADDEDPERMIN.VALUE","attributes":{"_value":"0.0"}}
2025-04-12 19:43:04,123+0200 IPDMONITORING {"timestamp":"1744479784","label":"DB.CONNECTION.STATE.VALUE","attributes":{"_value":"0.0"}}
2025-04-12 19:43:04,123+0200 IPDMONITORING {"timestamp":"1744479784","label":"DB.CONNECTION.LATENCY.STATISTICS","attributes":{"_99thPercentile":"0.0","_count":"14","_mean":"2.8314058942207563E-4","_max":"1.0","_min":"0.0"}}
2025-04-12 19:43:04,123+0200 IPDMONITORING {"timestamp":"1744479784","label":"MAIL.QUEUE.NUMEMAILSSENTPERMIN.STATISTICS","attributes":{"_99thPercentile":"0.0","_count":"16","_mean":"0.0","_max":"0.0","_min":"0.0"}}
2025-04-12 19:43:04,123+0200 IPDMONITORING {"timestamp":"1744479784","label":"HTTP.REQUESTS.STATISTICS","attributes":{"_99thPercentile":"892.0","_count":"16","_mean":"37.94784865957536","_max":"4898.0","_min":"0.0"}}
2025-04-12 19:43:04,124+0200 IPDMONITORING {"timestamp":"1744479784","label":"HTTP.CONNECTION.POOL.NUMACTIVE.VALUE","attributes":{"_value":"0.0"}}
2025-04-12 19:43:04,124+0200 IPDMONITORING {"timestamp":"1744479784","label":"MAIL.QUEUE.NUMITEMS.STATISTICS","attributes":{"_99thPercentile":"0.0","_count":"16","_mean":"0.0","_max":"0.0","_min":"0.0"}}
2025-04-12 19:43:04,124+0200 IPDMONITORING {"timestamp":"1744479784","label":"MAIL.QUEUE.NUMITEMSPROCESSEDPERMIN.VALUE","attributes":{"_value":"0.0"}}
2025-04-12 19:43:04,124+0200 IPDMONITORING {"timestamp":"1744479784","label":"HTTP.REQUESTS.VALUE","attributes":{"_value":"0.0"}}
2025-04-12 19:43:04,124+0200 IPDMONITORING {"timestamp":"1744479784","label":"MAIL.QUEUE.NUMITEMSPROCESSEDPERMIN.STATISTICS","attributes":{"_99thPercentile":"0.0","_count":"16","_mean":"0.0","_max":"0.0","_min":"0.0"}}
2025-04-12 19:43:04,124+0200 IPDMONITORING {"timestamp":"1744479784","label":"DB.CONNECTION.POOL.NUMACTIVE.VALUE","attributes":{"_value":"-1.0"}}
2025-04-12 19:43:04,124+0200 IPDMONITORING {"timestamp":"1744479784","label":"HTTP.CONNECTION.SESSIONS.ACTIVE.VALUE","attributes":{"_value":"0.0"}}
2025-04-12 19:43:04,124+0200 IPDMONITORING {"timestamp":"1744479784","label":"DB.CONNECTION.LATENCY.VALUE","attributes":{"_value":"-1.0"}}
2025-04-12 19:43:04,125+0200 IPDMONITORING {"timestamp":"1744479784","label":"HTTP.CONNECTION.POOL.NUMIDLE.VALUE","attributes":{"_value":"10.0"}}
2025-04-12 19:43:04,125+0200 IPDMONITORING {"timestamp":"1744479784","label":"DB.CONNECTION.POOL.NUMIDLE.STATISTICS","attributes":{"_99thPercentile":"3.0","_count":"14","_mean":"2.999982972454406","_max":"3.0","_min":"2.0"}}
2025-04-12 19:43:04,125+0200 IPDMONITORING {"timestamp":"1744479784","label":"MAIL.QUEUE.NUMITEMSADDEDPERMIN.STATISTICS","attributes":{"_99thPercentile":"0.0","_count":"16","_mean":"0.0","_max":"0.0","_min":"0.0"}}
2025-04-12 19:43:04,125+0200 IPDMONITORING {"timestamp":"1744479784","label":"DB.CONNECTION.POOL.NUMIDLE.VALUE","attributes":{"_value":"-1.0"}}
2025-04-12 19:43:04,125+0200 IPDMONITORING {"timestamp":"1744479784","label":"DB.CONNECTION.POOL.NUMACTIVE.STATISTICS","attributes":{"_99thPercentile":"0.0","_count":"14","_mean":"0.0","_max":"0.0","_min":"0.0"}}
2025-04-12 19:43:04,125+0200 IPDMONITORING {"timestamp":"1744479784","label":"MAIL.QUEUE.NUMERRORSADDEDPERMIN.VALUE","attributes":{"_value":"0.0"}}
2025-04-12 19:43:04,125+0200 IPDMONITORING {"timestamp":"1744479784","label":"MAIL.QUEUE.NUMERRORS.VALUE","attributes":{"_value":"0.0"}}
2025-04-12 19:43:34,137+0200 IPDMONITORING {"timestamp":"1744479814","label":"MAIL.QUEUE.JOBRUNNING.VALUE","attributes":{"_value":"0.0"}}
2025-04-12 19:44:04,127+0200 IPDMONITORING {"timestamp":"1744479844","label":"HTTP.CONNECTION.POOL.NUMMAX.VALUE","attributes":{"_value":"200.0"}}
2025-04-12 19:44:04,129+0200 IPDMONITORING {"timestamp":"1744479844","label":"MAIL.QUEUE.NUMERRORS.STATISTICS","attributes":{"_99thPercentile":"0.0","_count":"17","_mean":"0.0","_max":"0.0","_min":"0.0"}}
2025-04-12 19:44:04,129+0200 IPDMONITORING {"timestamp":"1744479844","label":"HTTP.CONNECTION.SESSIONS.ACTIVE.STATISTICS","attributes":{"_99thPercentile":"3.0","_count":"16","_mean":"2.110662941970073","_max":"8.0","_min":"0.0"}}
2025-04-12 19:44:04,130+0200 IPDMONITORING {"timestamp":"1744479844","label":"HTTP.CONNECTION.SESSIONS.RECENT.VALUE","attributes":{"_value":"0.0"}}
2025-04-12 19:44:04,130+0200 IPDMONITORING {"timestamp":"1744479844","label":"MAIL.QUEUE.NUMEMAILSSENTPERMIN.VALUE","attributes":{"_value":"0.0"}}
2025-04-12 19:44:04,130+0200 IPDMONITORING {"timestamp":"1744479844","label":"HOME.LOCAL.WRITE.LATENCY.SYNTHETIC.VALUE","attributes":{"_value":"-1.0"}}
2025-04-12 19:44:04,130+0200 IPDMONITORING {"timestamp":"1744479844","label":"DB.CONNECTION.FAILURES.COUNTER","attributes":{"_count":"3"}}
2025-04-12 19:44:04,130+0200 IPDMONITORING {"timestamp":"1744479844","label":"MAIL.QUEUE.NUMITEMS.VALUE","attributes":{"_value":"0.0"}}
2025-04-12 19:44:04,130+0200 IPDMONITORING {"timestamp":"1744479844","label":"MAIL.QUEUE.NUMERRORSADDEDPERMIN.STATISTICS","attributes":{"_99thPercentile":"0.0","_count":"17","_mean":"0.0","_max":"0.0","_min":"0.0"}}
2025-04-12 19:44:04,133+0200 IPDMONITORING {"timestamp":"1744479844","label":"HOME.LOCAL.WRITE.LATENCY.INDEXWRITER.STATISTICS","attributes":{"_99thPercentile":"3.0","_count":"1","_mean":"3.0","_max":"3.0","_min":"3.0"}}
2025-04-12 19:44:04,133+0200 IPDMONITORING {"timestamp":"1744479844","label":"MAIL.QUEUE.NUMITEMSADDEDPERMIN.VALUE","attributes":{"_value":"0.0"}}
2025-04-12 19:44:04,134+0200 IPDMONITORING {"timestamp":"1744479844","label":"DB.CONNECTION.STATE.VALUE","attributes":{"_value":"0.0"}}
2025-04-12 19:44:04,134+0200 IPDMONITORING {"timestamp":"1744479844","label":"DB.CONNECTION.LATENCY.STATISTICS","attributes":{"_99thPercentile":"0.0","_count":"14","_mean":"2.8314058942207563E-4","_max":"1.0","_min":"0.0"}}
2025-04-12 19:44:04,134+0200 IPDMONITORING {"timestamp":"1744479844","label":"MAIL.QUEUE.NUMEMAILSSENTPERMIN.STATISTICS","attributes":{"_99thPercentile":"0.0","_count":"17","_mean":"0.0","_max":"0.0","_min":"0.0"}}
2025-04-12 19:44:04,135+0200 IPDMONITORING {"timestamp":"1744479844","label":"HTTP.REQUESTS.STATISTICS","attributes":{"_99thPercentile":"892.0","_count":"17","_mean":"15.428438814107409","_max":"4898.0","_min":"0.0"}}
2025-04-12 19:44:04,135+0200 IPDMONITORING {"timestamp":"1744479844","label":"HTTP.CONNECTION.POOL.NUMACTIVE.VALUE","attributes":{"_value":"0.0"}}
2025-04-12 19:44:04,135+0200 IPDMONITORING {"timestamp":"1744479844","label":"MAIL.QUEUE.NUMITEMS.STATISTICS","attributes":{"_99thPercentile":"0.0","_count":"17","_mean":"0.0","_max":"0.0","_min":"0.0"}}
2025-04-12 19:44:04,135+0200 IPDMONITORING {"timestamp":"1744479844","label":"MAIL.QUEUE.NUMITEMSPROCESSEDPERMIN.VALUE","attributes":{"_value":"0.0"}}
2025-04-12 19:44:04,135+0200 IPDMONITORING {"timestamp":"1744479844","label":"HTTP.REQUESTS.VALUE","attributes":{"_value":"0.0"}}
2025-04-12 19:44:04,136+0200 IPDMONITORING {"timestamp":"1744479844","label":"MAIL.QUEUE.NUMITEMSPROCESSEDPERMIN.STATISTICS","attributes":{"_99thPercentile":"0.0","_count":"17","_mean":"0.0","_max":"0.0","_min":"0.0"}}
2025-04-12 19:44:04,136+0200 IPDMONITORING {"timestamp":"1744479844","label":"DB.CONNECTION.POOL.NUMACTIVE.VALUE","attributes":{"_value":"-1.0"}}
2025-04-12 19:44:04,136+0200 IPDMONITORING {"timestamp":"1744479844","label":"HTTP.CONNECTION.SESSIONS.ACTIVE.VALUE","attributes":{"_value":"3.0"}}
2025-04-12 19:44:04,136+0200 IPDMONITORING {"timestamp":"1744479844","label":"DB.CONNECTION.LATENCY.VALUE","attributes":{"_value":"-1.0"}}
2025-04-12 19:44:04,136+0200 IPDMONITORING {"timestamp":"1744479844","label":"HTTP.CONNECTION.POOL.NUMIDLE.VALUE","attributes":{"_value":"10.0"}}
2025-04-12 19:44:04,136+0200 IPDMONITORING {"timestamp":"1744479844","label":"DB.CONNECTION.POOL.NUMIDLE.STATISTICS","attributes":{"_99thPercentile":"3.0","_count":"14","_mean":"2.999982972454406","_max":"3.0","_min":"2.0"}}
2025-04-12 19:44:04,137+0200 IPDMONITORING {"timestamp":"1744479844","label":"MAIL.QUEUE.NUMITEMSADDEDPERMIN.STATISTICS","attributes":{"_99thPercentile":"0.0","_count":"17","_mean":"0.0","_max":"0.0","_min":"0.0"}}
2025-04-12 19:44:04,137+0200 IPDMONITORING {"timestamp":"1744479844","label":"DB.CONNECTION.POOL.NUMIDLE.VALUE","attributes":{"_value":"-1.0"}}
2025-04-12 19:44:04,137+0200 IPDMONITORING {"timestamp":"1744479844","label":"DB.CONNECTION.POOL.NUMACTIVE.STATISTICS","attributes":{"_99thPercentile":"0.0","_count":"14","_mean":"0.0","_max":"0.0","_min":"0.0"}}
2025-04-12 19:44:04,137+0200 IPDMONITORING {"timestamp":"1744479844","label":"MAIL.QUEUE.NUMERRORSADDEDPERMIN.VALUE","attributes":{"_value":"0.0"}}
2025-04-12 19:44:04,137+0200 IPDMONITORING {"timestamp":"1744479844","label":"MAIL.QUEUE.NUMERRORS.VALUE","attributes":{"_value":"0.0"}}
2025-04-12 19:44:34,131+0200 IPDMONITORING {"timestamp":"1744479874","label":"MAIL.QUEUE.JOBRUNNING.VALUE","attributes":{"_value":"0.0"}}
2025-04-12 19:45:04,127+0200 IPDMONITORING {"timestamp":"1744479904","label":"HTTP.CONNECTION.POOL.NUMMAX.VALUE","attributes":{"_value":"200.0"}}
2025-04-12 19:45:04,129+0200 IPDMONITORING {"timestamp":"1744479904","label":"MAIL.QUEUE.NUMERRORS.STATISTICS","attributes":{"_99thPercentile":"0.0","_count":"18","_mean":"0.0","_max":"0.0","_min":"0.0"}}
2025-04-12 19:45:04,130+0200 IPDMONITORING {"timestamp":"1744479904","label":"HTTP.CONNECTION.SESSIONS.ACTIVE.STATISTICS","attributes":{"_99thPercentile":"3.0","_count":"17","_mean":"2.6603448855697605","_max":"8.0","_min":"0.0"}}
2025-04-12 19:45:04,130+0200 IPDMONITORING {"timestamp":"1744479904","label":"HTTP.CONNECTION.SESSIONS.RECENT.VALUE","attributes":{"_value":"0.0"}}
2025-04-12 19:45:04,130+0200 IPDMONITORING {"timestamp":"1744479904","label":"MAIL.QUEUE.NUMEMAILSSENTPERMIN.VALUE","attributes":{"_value":"0.0"}}
2025-04-12 19:45:04,130+0200 IPDMONITORING {"timestamp":"1744479904","label":"HOME.LOCAL.WRITE.LATENCY.SYNTHETIC.VALUE","attributes":{"_value":"-1.0"}}
2025-04-12 19:45:04,131+0200 IPDMONITORING {"timestamp":"1744479904","label":"DB.CONNECTION.FAILURES.COUNTER","attributes":{"_count":"4"}}
2025-04-12 19:45:04,131+0200 IPDMONITORING {"timestamp":"1744479904","label":"MAIL.QUEUE.NUMITEMS.VALUE","attributes":{"_value":"0.0"}}
2025-04-12 19:45:04,131+0200 IPDMONITORING {"timestamp":"1744479904","label":"MAIL.QUEUE.NUMERRORSADDEDPERMIN.STATISTICS","attributes":{"_99thPercentile":"0.0","_count":"18","_mean":"0.0","_max":"0.0","_min":"0.0"}}
2025-04-12 19:45:04,131+0200 IPDMONITORING {"timestamp":"1744479904","label":"HOME.LOCAL.WRITE.LATENCY.INDEXWRITER.STATISTICS","attributes":{"_99thPercentile":"3.0","_count":"1","_mean":"3.0","_max":"3.0","_min":"3.0"}}
2025-04-12 19:45:04,132+0200 IPDMONITORING {"timestamp":"1744479904","label":"MAIL.QUEUE.NUMITEMSADDEDPERMIN.VALUE","attributes":{"_value":"0.0"}}
2025-04-12 19:45:04,132+0200 IPDMONITORING {"timestamp":"1744479904","label":"DB.CONNECTION.STATE.VALUE","attributes":{"_value":"0.0"}}
2025-04-12 19:45:04,132+0200 IPDMONITORING {"timestamp":"1744479904","label":"DB.CONNECTION.LATENCY.STATISTICS","attributes":{"_99thPercentile":"0.0","_count":"14","_mean":"2.8314058942207563E-4","_max":"1.0","_min":"0.0"}}
2025-04-12 19:45:04,133+0200 IPDMONITORING {"timestamp":"1744479904","label":"MAIL.QUEUE.NUMEMAILSSENTPERMIN.STATISTICS","attributes":{"_99thPercentile":"0.0","_count":"18","_mean":"0.0","_max":"0.0","_min":"0.0"}}
2025-04-12 19:45:04,133+0200 IPDMONITORING {"timestamp":"1744479904","label":"HTTP.REQUESTS.STATISTICS","attributes":{"_99thPercentile":"24.0","_count":"18","_mean":"6.272734275410232","_max":"4898.0","_min":"0.0"}}
2025-04-12 19:45:04,133+0200 IPDMONITORING {"timestamp":"1744479904","label":"HTTP.CONNECTION.POOL.NUMACTIVE.VALUE","attributes":{"_value":"0.0"}}
2025-04-12 19:45:04,133+0200 IPDMONITORING {"timestamp":"1744479904","label":"MAIL.QUEUE.NUMITEMS.STATISTICS","attributes":{"_99thPercentile":"0.0","_count":"18","_mean":"0.0","_max":"0.0","_min":"0.0"}}
2025-04-12 19:45:04,134+0200 IPDMONITORING {"timestamp":"1744479904","label":"MAIL.QUEUE.NUMITEMSPROCESSEDPERMIN.VALUE","attributes":{"_value":"0.0"}}
2025-04-12 19:45:04,134+0200 IPDMONITORING {"timestamp":"1744479904","label":"HTTP.REQUESTS.VALUE","attributes":{"_value":"0.0"}}
2025-04-12 19:45:04,134+0200 IPDMONITORING {"timestamp":"1744479904","label":"MAIL.QUEUE.NUMITEMSPROCESSEDPERMIN.STATISTICS","attributes":{"_99thPercentile":"0.0","_count":"18","_mean":"0.0","_max":"0.0","_min":"0.0"}}
2025-04-12 19:45:04,134+0200 IPDMONITORING {"timestamp":"1744479904","label":"DB.CONNECTION.POOL.NUMACTIVE.VALUE","attributes":{"_value":"-1.0"}}
2025-04-12 19:45:04,134+0200 IPDMONITORING {"timestamp":"1744479904","label":"HTTP.CONNECTION.SESSIONS.ACTIVE.VALUE","attributes":{"_value":"3.0"}}
2025-04-12 19:45:04,135+0200 IPDMONITORING {"timestamp":"1744479904","label":"DB.CONNECTION.LATENCY.VALUE","attributes":{"_value":"-1.0"}}
2025-04-12 19:45:04,135+0200 IPDMONITORING {"timestamp":"1744479904","label":"HTTP.CONNECTION.POOL.NUMIDLE.VALUE","attributes":{"_value":"10.0"}}
2025-04-12 19:45:04,135+0200 IPDMONITORING {"timestamp":"1744479904","label":"DB.CONNECTION.POOL.NUMIDLE.STATISTICS","attributes":{"_99thPercentile":"3.0","_count":"14","_mean":"2.999982972454406","_max":"3.0","_min":"2.0"}}
2025-04-12 19:45:04,135+0200 IPDMONITORING {"timestamp":"1744479904","label":"MAIL.QUEUE.NUMITEMSADDEDPERMIN.STATISTICS","attributes":{"_99thPercentile":"0.0","_count":"18","_mean":"0.0","_max":"0.0","_min":"0.0"}}
2025-04-12 19:45:04,136+0200 IPDMONITORING {"timestamp":"1744479904","label":"DB.CONNECTION.POOL.NUMIDLE.VALUE","attributes":{"_value":"-1.0"}}
2025-04-12 19:45:04,136+0200 IPDMONITORING {"timestamp":"1744479904","label":"DB.CONNECTION.POOL.NUMACTIVE.STATISTICS","attributes":{"_99thPercentile":"0.0","_count":"14","_mean":"0.0","_max":"0.0","_min":"0.0"}}
2025-04-12 19:45:04,136+0200 IPDMONITORING {"timestamp":"1744479904","label":"MAIL.QUEUE.NUMERRORSADDEDPERMIN.VALUE","attributes":{"_value":"0.0"}}
2025-04-12 19:45:04,136+0200 IPDMONITORING {"timestamp":"1744479904","label":"MAIL.QUEUE.NUMERRORS.VALUE","attributes":{"_value":"0.0"}}
2025-04-12 19:45:34,131+0200 IPDMONITORING {"timestamp":"1744479934","label":"MAIL.QUEUE.JOBRUNNING.VALUE","attributes":{"_value":"0.0"}}
2025-04-12 19:46:04,128+0200 IPDMONITORING {"timestamp":"1744479964","label":"HTTP.CONNECTION.POOL.NUMMAX.VALUE","attributes":{"_value":"200.0"}}
2025-04-12 19:46:04,129+0200 IPDMONITORING {"timestamp":"1744479964","label":"MAIL.QUEUE.NUMERRORS.STATISTICS","attributes":{"_99thPercentile":"0.0","_count":"19","_mean":"0.0","_max":"0.0","_min":"0.0"}}
2025-04-12 19:46:04,130+0200 IPDMONITORING {"timestamp":"1744479964","label":"HTTP.CONNECTION.SESSIONS.ACTIVE.STATISTICS","attributes":{"_99thPercentile":"3.0","_count":"18","_mean":"1.6588061414373936","_max":"8.0","_min":"0.0"}}
2025-04-12 19:46:04,130+0200 IPDMONITORING {"timestamp":"1744479964","label":"HTTP.CONNECTION.SESSIONS.RECENT.VALUE","attributes":{"_value":"0.0"}}
2025-04-12 19:46:04,130+0200 IPDMONITORING {"timestamp":"1744479964","label":"MAIL.QUEUE.NUMEMAILSSENTPERMIN.VALUE","attributes":{"_value":"0.0"}}
2025-04-12 19:46:04,131+0200 IPDMONITORING {"timestamp":"1744479964","label":"HOME.LOCAL.WRITE.LATENCY.SYNTHETIC.VALUE","attributes":{"_value":"-1.0"}}
2025-04-12 19:46:04,131+0200 IPDMONITORING {"timestamp":"1744479964","label":"DB.CONNECTION.FAILURES.COUNTER","attributes":{"_count":"5"}}
2025-04-12 19:46:04,131+0200 IPDMONITORING {"timestamp":"1744479964","label":"MAIL.QUEUE.NUMITEMS.VALUE","attributes":{"_value":"0.0"}}
2025-04-12 19:46:04,131+0200 IPDMONITORING {"timestamp":"1744479964","label":"MAIL.QUEUE.NUMERRORSADDEDPERMIN.STATISTICS","attributes":{"_99thPercentile":"0.0","_count":"19","_mean":"0.0","_max":"0.0","_min":"0.0"}}
2025-04-12 19:46:04,132+0200 IPDMONITORING {"timestamp":"1744479964","label":"HOME.LOCAL.WRITE.LATENCY.INDEXWRITER.STATISTICS","attributes":{"_99thPercentile":"3.0","_count":"1","_mean":"3.0","_max":"3.0","_min":"3.0"}}
2025-04-12 19:46:04,132+0200 IPDMONITORING {"timestamp":"1744479964","label":"MAIL.QUEUE.NUMITEMSADDEDPERMIN.VALUE","attributes":{"_value":"0.0"}}
2025-04-12 19:46:04,133+0200 IPDMONITORING {"timestamp":"1744479964","label":"DB.CONNECTION.STATE.VALUE","attributes":{"_value":"0.0"}}
2025-04-12 19:46:04,133+0200 IPDMONITORING {"timestamp":"1744479964","label":"DB.CONNECTION.LATENCY.STATISTICS","attributes":{"_99thPercentile":"0.0","_count":"14","_mean":"2.8314058942207563E-4","_max":"1.0","_min":"0.0"}}
2025-04-12 19:46:04,133+0200 IPDMONITORING {"timestamp":"1744479964","label":"MAIL.QUEUE.NUMEMAILSSENTPERMIN.STATISTICS","attributes":{"_99thPercentile":"0.0","_count":"19","_mean":"0.0","_max":"0.0","_min":"0.0"}}
2025-04-12 19:46:04,134+0200 IPDMONITORING {"timestamp":"1744479964","label":"HTTP.REQUESTS.STATISTICS","attributes":{"_99thPercentile":"0.0","_count":"19","_mean":"2.550303300555563","_max":"4898.0","_min":"0.0"}}
2025-04-12 19:46:04,134+0200 IPDMONITORING {"timestamp":"1744479964","label":"HTTP.CONNECTION.POOL.NUMACTIVE.VALUE","attributes":{"_value":"0.0"}}
2025-04-12 19:46:04,134+0200 IPDMONITORING {"timestamp":"1744479964","label":"MAIL.QUEUE.NUMITEMS.STATISTICS","attributes":{"_99thPercentile":"0.0","_count":"19","_mean":"0.0","_max":"0.0","_min":"0.0"}}
2025-04-12 19:46:04,134+0200 IPDMONITORING {"timestamp":"1744479964","label":"MAIL.QUEUE.NUMITEMSPROCESSEDPERMIN.VALUE","attributes":{"_value":"0.0"}}
2025-04-12 19:46:04,135+0200 IPDMONITORING {"timestamp":"1744479964","label":"HTTP.REQUESTS.VALUE","attributes":{"_value":"0.0"}}
2025-04-12 19:46:04,135+0200 IPDMONITORING {"timestamp":"1744479964","label":"MAIL.QUEUE.NUMITEMSPROCESSEDPERMIN.STATISTICS","attributes":{"_99thPercentile":"0.0","_count":"19","_mean":"0.0","_max":"0.0","_min":"0.0"}}
2025-04-12 19:46:04,135+0200 IPDMONITORING {"timestamp":"1744479964","label":"DB.CONNECTION.POOL.NUMACTIVE.VALUE","attributes":{"_value":"-1.0"}}
2025-04-12 19:46:04,135+0200 IPDMONITORING {"timestamp":"1744479964","label":"HTTP.CONNECTION.SESSIONS.ACTIVE.VALUE","attributes":{"_value":"1.0"}}
2025-04-12 19:46:04,136+0200 IPDMONITORING {"timestamp":"1744479964","label":"DB.CONNECTION.LATENCY.VALUE","attributes":{"_value":"-1.0"}}
2025-04-12 19:46:04,136+0200 IPDMONITORING {"timestamp":"1744479964","label":"HTTP.CONNECTION.POOL.NUMIDLE.VALUE","attributes":{"_value":"10.0"}}
2025-04-12 19:46:04,136+0200 IPDMONITORING {"timestamp":"1744479964","label":"DB.CONNECTION.POOL.NUMIDLE.STATISTICS","attributes":{"_99thPercentile":"3.0","_count":"14","_mean":"2.999982972454406","_max":"3.0","_min":"2.0"}}
2025-04-12 19:46:04,137+0200 IPDMONITORING {"timestamp":"1744479964","label":"MAIL.QUEUE.NUMITEMSADDEDPERMIN.STATISTICS","attributes":{"_99thPercentile":"0.0","_count":"19","_mean":"0.0","_max":"0.0","_min":"0.0"}}
2025-04-12 19:46:04,137+0200 IPDMONITORING {"timestamp":"1744479964","label":"DB.CONNECTION.POOL.NUMIDLE.VALUE","attributes":{"_value":"-1.0"}}
2025-04-12 19:46:04,137+0200 IPDMONITORING {"timestamp":"1744479964","label":"DB.CONNECTION.POOL.NUMACTIVE.STATISTICS","attributes":{"_99thPercentile":"0.0","_count":"14","_mean":"0.0","_max":"0.0","_min":"0.0"}}
2025-04-12 19:46:04,137+0200 IPDMONITORING {"timestamp":"1744479964","label":"MAIL.QUEUE.NUMERRORSADDEDPERMIN.VALUE","attributes":{"_value":"0.0"}}
2025-04-12 19:46:04,138+0200 IPDMONITORING {"timestamp":"1744479964","label":"MAIL.QUEUE.NUMERRORS.VALUE","attributes":{"_value":"0.0"}}
2025-04-12 19:46:34,132+0200 IPDMONITORING {"timestamp":"1744479994","label":"MAIL.QUEUE.JOBRUNNING.VALUE","attributes":{"_value":"0.0"}}
2025-04-12 19:47:04,130+0200 IPDMONITORING {"timestamp":"1744480024","label":"HTTP.CONNECTION.POOL.NUMMAX.VALUE","attributes":{"_value":"200.0"}}
2025-04-12 19:47:04,131+0200 IPDMONITORING {"timestamp":"1744480024","label":"MAIL.QUEUE.NUMERRORS.STATISTICS","attributes":{"_99thPercentile":"0.0","_count":"20","_mean":"0.0","_max":"0.0","_min":"0.0"}}
2025-04-12 19:47:04,131+0200 IPDMONITORING {"timestamp":"1744480024","label":"HTTP.CONNECTION.SESSIONS.ACTIVE.STATISTICS","attributes":{"_99thPercentile":"3.0","_count":"19","_mean":"1.2652561375823863","_max":"8.0","_min":"0.0"}}
2025-04-12 19:47:04,133+0200 IPDMONITORING {"timestamp":"1744480024","label":"HTTP.CONNECTION.SESSIONS.RECENT.VALUE","attributes":{"_value":"0.0"}}
2025-04-12 19:47:04,135+0200 IPDMONITORING {"timestamp":"1744480024","label":"MAIL.QUEUE.NUMEMAILSSENTPERMIN.VALUE","attributes":{"_value":"0.0"}}
2025-04-12 19:47:04,135+0200 IPDMONITORING {"timestamp":"1744480024","label":"HOME.LOCAL.WRITE.LATENCY.SYNTHETIC.VALUE","attributes":{"_value":"-1.0"}}
2025-04-12 19:47:04,135+0200 IPDMONITORING {"timestamp":"1744480024","label":"DB.CONNECTION.FAILURES.COUNTER","attributes":{"_count":"6"}}
2025-04-12 19:47:04,136+0200 IPDMONITORING {"timestamp":"1744480024","label":"MAIL.QUEUE.NUMITEMS.VALUE","attributes":{"_value":"0.0"}}
2025-04-12 19:47:04,136+0200 IPDMONITORING {"timestamp":"1744480024","label":"MAIL.QUEUE.NUMERRORSADDEDPERMIN.STATISTICS","attributes":{"_99thPercentile":"0.0","_count":"20","_mean":"0.0","_max":"0.0","_min":"0.0"}}
2025-04-12 19:47:04,136+0200 IPDMONITORING {"timestamp":"1744480024","label":"HOME.LOCAL.WRITE.LATENCY.INDEXWRITER.STATISTICS","attributes":{"_99thPercentile":"3.0","_count":"1","_mean":"3.0","_max":"3.0","_min":"3.0"}}
2025-04-12 19:47:04,137+0200 IPDMONITORING {"timestamp":"1744480024","label":"MAIL.QUEUE.NUMITEMSADDEDPERMIN.VALUE","attributes":{"_value":"0.0"}}
2025-04-12 19:47:04,137+0200 IPDMONITORING {"timestamp":"1744480024","label":"DB.CONNECTION.STATE.VALUE","attributes":{"_value":"0.0"}}
2025-04-12 19:47:04,137+0200 IPDMONITORING {"timestamp":"1744480024","label":"DB.CONNECTION.LATENCY.STATISTICS","attributes":{"_99thPercentile":"0.0","_count":"14","_mean":"2.8314058942207563E-4","_max":"1.0","_min":"0.0"}}
2025-04-12 19:47:04,137+0200 IPDMONITORING {"timestamp":"1744480024","label":"MAIL.QUEUE.NUMEMAILSSENTPERMIN.STATISTICS","attributes":{"_99thPercentile":"0.0","_count":"20","_mean":"0.0","_max":"0.0","_min":"0.0"}}
2025-04-12 19:47:04,138+0200 IPDMONITORING {"timestamp":"1744480024","label":"HTTP.REQUESTS.STATISTICS","attributes":{"_99thPercentile":"0.0","_count":"20","_mean":"1.0368759220927346","_max":"4898.0","_min":"0.0"}}
2025-04-12 19:47:04,138+0200 IPDMONITORING {"timestamp":"1744480024","label":"HTTP.CONNECTION.POOL.NUMACTIVE.VALUE","attributes":{"_value":"0.0"}}
2025-04-12 19:47:04,138+0200 IPDMONITORING {"timestamp":"1744480024","label":"MAIL.QUEUE.NUMITEMS.STATISTICS","attributes":{"_99thPercentile":"0.0","_count":"20","_mean":"0.0","_max":"0.0","_min":"0.0"}}
2025-04-12 19:47:04,138+0200 IPDMONITORING {"timestamp":"1744480024","label":"MAIL.QUEUE.NUMITEMSPROCESSEDPERMIN.VALUE","attributes":{"_value":"0.0"}}
2025-04-12 19:47:04,138+0200 IPDMONITORING {"timestamp":"1744480024","label":"HTTP.REQUESTS.VALUE","attributes":{"_value":"0.0"}}
2025-04-12 19:47:04,139+0200 IPDMONITORING {"timestamp":"1744480024","label":"MAIL.QUEUE.NUMITEMSPROCESSEDPERMIN.STATISTICS","attributes":{"_99thPercentile":"0.0","_count":"20","_mean":"0.0","_max":"0.0","_min":"0.0"}}
2025-04-12 19:47:04,139+0200 IPDMONITORING {"timestamp":"1744480024","label":"DB.CONNECTION.POOL.NUMACTIVE.VALUE","attributes":{"_value":"-1.0"}}
2025-04-12 19:47:04,139+0200 IPDMONITORING {"timestamp":"1744480024","label":"HTTP.CONNECTION.SESSIONS.ACTIVE.VALUE","attributes":{"_value":"1.0"}}
2025-04-12 19:47:04,139+0200 IPDMONITORING {"timestamp":"1744480024","label":"DB.CONNECTION.LATENCY.VALUE","attributes":{"_value":"-1.0"}}
2025-04-12 19:47:04,139+0200 IPDMONITORING {"timestamp":"1744480024","label":"HTTP.CONNECTION.POOL.NUMIDLE.VALUE","attributes":{"_value":"10.0"}}
2025-04-12 19:47:04,140+0200 IPDMONITORING {"timestamp":"1744480024","label":"DB.CONNECTION.POOL.NUMIDLE.STATISTICS","attributes":{"_99thPercentile":"3.0","_count":"14","_mean":"2.999982972454406","_max":"3.0","_min":"2.0"}}
2025-04-12 19:47:04,140+0200 IPDMONITORING {"timestamp":"1744480024","label":"MAIL.QUEUE.NUMITEMSADDEDPERMIN.STATISTICS","attributes":{"_99thPercentile":"0.0","_count":"20","_mean":"0.0","_max":"0.0","_min":"0.0"}}
2025-04-12 19:47:04,140+0200 IPDMONITORING {"timestamp":"1744480024","label":"DB.CONNECTION.POOL.NUMIDLE.VALUE","attributes":{"_value":"-1.0"}}
2025-04-12 19:47:04,140+0200 IPDMONITORING {"timestamp":"1744480024","label":"DB.CONNECTION.POOL.NUMACTIVE.STATISTICS","attributes":{"_99thPercentile":"0.0","_count":"14","_mean":"0.0","_max":"0.0","_min":"0.0"}}
2025-04-12 19:47:04,140+0200 IPDMONITORING {"timestamp":"1744480024","label":"MAIL.QUEUE.NUMERRORSADDEDPERMIN.VALUE","attributes":{"_value":"0.0"}}
2025-04-12 19:47:04,140+0200 IPDMONITORING {"timestamp":"1744480024","label":"MAIL.QUEUE.NUMERRORS.VALUE","attributes":{"_value":"0.0"}}
2025-04-12 19:47:34,130+0200 IPDMONITORING {"timestamp":"1744480054","label":"MAIL.QUEUE.JOBRUNNING.VALUE","attributes":{"_value":"0.0"}}
2025-04-12 19:48:04,128+0200 IPDMONITORING {"timestamp":"1744480084","label":"HTTP.CONNECTION.POOL.NUMMAX.VALUE","attributes":{"_value":"200.0"}}
2025-04-12 19:48:04,129+0200 IPDMONITORING {"timestamp":"1744480084","label":"MAIL.QUEUE.NUMERRORS.STATISTICS","attributes":{"_99thPercentile":"0.0","_count":"21","_mean":"0.0","_max":"0.0","_min":"0.0"}}
2025-04-12 19:48:04,129+0200 IPDMONITORING {"timestamp":"1744480084","label":"HTTP.CONNECTION.SESSIONS.ACTIVE.STATISTICS","attributes":{"_99thPercentile":"3.0","_count":"20","_mean":"1.107422057701238","_max":"8.0","_min":"0.0"}}
2025-04-12 19:48:04,129+0200 IPDMONITORING {"timestamp":"1744480084","label":"HTTP.CONNECTION.SESSIONS.RECENT.VALUE","attributes":{"_value":"0.0"}}
2025-04-12 19:48:04,130+0200 IPDMONITORING {"timestamp":"1744480084","label":"MAIL.QUEUE.NUMEMAILSSENTPERMIN.VALUE","attributes":{"_value":"0.0"}}
2025-04-12 19:48:04,130+0200 IPDMONITORING {"timestamp":"1744480084","label":"HOME.LOCAL.WRITE.LATENCY.SYNTHETIC.VALUE","attributes":{"_value":"-1.0"}}
2025-04-12 19:48:04,130+0200 IPDMONITORING {"timestamp":"1744480084","label":"DB.CONNECTION.FAILURES.COUNTER","attributes":{"_count":"7"}}
2025-04-12 19:48:04,130+0200 IPDMONITORING {"timestamp":"1744480084","label":"MAIL.QUEUE.NUMITEMS.VALUE","attributes":{"_value":"0.0"}}
2025-04-12 19:48:04,131+0200 IPDMONITORING {"timestamp":"1744480084","label":"MAIL.QUEUE.NUMERRORSADDEDPERMIN.STATISTICS","attributes":{"_99thPercentile":"0.0","_count":"21","_mean":"0.0","_max":"0.0","_min":"0.0"}}
2025-04-12 19:48:04,131+0200 IPDMONITORING {"timestamp":"1744480084","label":"HOME.LOCAL.WRITE.LATENCY.INDEXWRITER.STATISTICS","attributes":{"_99thPercentile":"3.0","_count":"1","_mean":"3.0","_max":"3.0","_min":"3.0"}}
2025-04-12 19:48:04,131+0200 IPDMONITORING {"timestamp":"1744480084","label":"MAIL.QUEUE.NUMITEMSADDEDPERMIN.VALUE","attributes":{"_value":"0.0"}}
2025-04-12 19:48:04,131+0200 IPDMONITORING {"timestamp":"1744480084","label":"DB.CONNECTION.STATE.VALUE","attributes":{"_value":"0.0"}}
2025-04-12 19:48:04,132+0200 IPDMONITORING {"timestamp":"1744480084","label":"DB.CONNECTION.LATENCY.STATISTICS","attributes":{"_99thPercentile":"0.0","_count":"14","_mean":"2.8314058942207563E-4","_max":"1.0","_min":"0.0"}}
2025-04-12 19:48:04,132+0200 IPDMONITORING {"timestamp":"1744480084","label":"MAIL.QUEUE.NUMEMAILSSENTPERMIN.STATISTICS","attributes":{"_99thPercentile":"0.0","_count":"21","_mean":"0.0","_max":"0.0","_min":"0.0"}}
2025-04-12 19:48:04,132+0200 IPDMONITORING {"timestamp":"1744480084","label":"HTTP.REQUESTS.STATISTICS","attributes":{"_99thPercentile":"0.0","_count":"21","_mean":"0.4215622870284113","_max":"4898.0","_min":"0.0"}}
2025-04-12 19:48:04,132+0200 IPDMONITORING {"timestamp":"1744480084","label":"HTTP.CONNECTION.POOL.NUMACTIVE.VALUE","attributes":{"_value":"0.0"}}
2025-04-12 19:48:04,133+0200 IPDMONITORING {"timestamp":"1744480084","label":"MAIL.QUEUE.NUMITEMS.STATISTICS","attributes":{"_99thPercentile":"0.0","_count":"21","_mean":"0.0","_max":"0.0","_min":"0.0"}}
2025-04-12 19:48:04,133+0200 IPDMONITORING {"timestamp":"1744480084","label":"MAIL.QUEUE.NUMITEMSPROCESSEDPERMIN.VALUE","attributes":{"_value":"0.0"}}
2025-04-12 19:48:04,133+0200 IPDMONITORING {"timestamp":"1744480084","label":"HTTP.REQUESTS.VALUE","attributes":{"_value":"0.0"}}
2025-04-12 19:48:04,133+0200 IPDMONITORING {"timestamp":"1744480084","label":"MAIL.QUEUE.NUMITEMSPROCESSEDPERMIN.STATISTICS","attributes":{"_99thPercentile":"0.0","_count":"21","_mean":"0.0","_max":"0.0","_min":"0.0"}}
2025-04-12 19:48:04,133+0200 IPDMONITORING {"timestamp":"1744480084","label":"DB.CONNECTION.POOL.NUMACTIVE.VALUE","attributes":{"_value":"-1.0"}}
2025-04-12 19:48:04,133+0200 IPDMONITORING {"timestamp":"1744480084","label":"HTTP.CONNECTION.SESSIONS.ACTIVE.VALUE","attributes":{"_value":"1.0"}}
2025-04-12 19:48:04,134+0200 IPDMONITORING {"timestamp":"1744480084","label":"DB.CONNECTION.LATENCY.VALUE","attributes":{"_value":"-1.0"}}
2025-04-12 19:48:04,134+0200 IPDMONITORING {"timestamp":"1744480084","label":"HTTP.CONNECTION.POOL.NUMIDLE.VALUE","attributes":{"_value":"10.0"}}
2025-04-12 19:48:04,134+0200 IPDMONITORING {"timestamp":"1744480084","label":"DB.CONNECTION.POOL.NUMIDLE.STATISTICS","attributes":{"_99thPercentile":"3.0","_count":"14","_mean":"2.999982972454406","_max":"3.0","_min":"2.0"}}
2025-04-12 19:48:04,135+0200 IPDMONITORING {"timestamp":"1744480084","label":"MAIL.QUEUE.NUMITEMSADDEDPERMIN.STATISTICS","attributes":{"_99thPercentile":"0.0","_count":"21","_mean":"0.0","_max":"0.0","_min":"0.0"}}
2025-04-12 19:48:04,135+0200 IPDMONITORING {"timestamp":"1744480084","label":"DB.CONNECTION.POOL.NUMIDLE.VALUE","attributes":{"_value":"-1.0"}}
2025-04-12 19:48:04,135+0200 IPDMONITORING {"timestamp":"1744480084","label":"DB.CONNECTION.POOL.NUMACTIVE.STATISTICS","attributes":{"_99thPercentile":"0.0","_count":"14","_mean":"0.0","_max":"0.0","_min":"0.0"}}
2025-04-12 19:48:04,135+0200 IPDMONITORING {"timestamp":"1744480084","label":"MAIL.QUEUE.NUMERRORSADDEDPERMIN.VALUE","attributes":{"_value":"0.0"}}
2025-04-12 19:48:04,135+0200 IPDMONITORING {"timestamp":"1744480084","label":"MAIL.QUEUE.NUMERRORS.VALUE","attributes":{"_value":"0.0"}}
2025-04-12 19:48:34,128+0200 IPDMONITORING {"timestamp":"1744480114","label":"MAIL.QUEUE.JOBRUNNING.VALUE","attributes":{"_value":"0.0"}}
2025-04-12 19:49:04,130+0200 IPDMONITORING {"timestamp":"1744480144","label":"HTTP.CONNECTION.POOL.NUMMAX.VALUE","attributes":{"_value":"200.0"}}
2025-04-12 19:49:04,130+0200 IPDMONITORING {"timestamp":"1744480144","label":"MAIL.QUEUE.NUMERRORS.STATISTICS","attributes":{"_99thPercentile":"0.0","_count":"22","_mean":"0.0","_max":"0.0","_min":"0.0"}}
2025-04-12 19:49:04,130+0200 IPDMONITORING {"timestamp":"1744480144","label":"HTTP.CONNECTION.SESSIONS.ACTIVE.STATISTICS","attributes":{"_99thPercentile":"3.0","_count":"21","_mean":"1.0436050066364995","_max":"8.0","_min":"0.0"}}
2025-04-12 19:49:04,131+0200 IPDMONITORING {"timestamp":"1744480144","label":"HTTP.CONNECTION.SESSIONS.RECENT.VALUE","attributes":{"_value":"0.0"}}
2025-04-12 19:49:04,131+0200 IPDMONITORING {"timestamp":"1744480144","label":"MAIL.QUEUE.NUMEMAILSSENTPERMIN.VALUE","attributes":{"_value":"0.0"}}
2025-04-12 19:49:04,131+0200 IPDMONITORING {"timestamp":"1744480144","label":"HOME.LOCAL.WRITE.LATENCY.SYNTHETIC.VALUE","attributes":{"_value":"-1.0"}}
2025-04-12 19:49:04,131+0200 IPDMONITORING {"timestamp":"1744480144","label":"DB.CONNECTION.FAILURES.COUNTER","attributes":{"_count":"8"}}
2025-04-12 19:49:04,131+0200 IPDMONITORING {"timestamp":"1744480144","label":"MAIL.QUEUE.NUMITEMS.VALUE","attributes":{"_value":"0.0"}}
2025-04-12 19:49:04,131+0200 IPDMONITORING {"timestamp":"1744480144","label":"MAIL.QUEUE.NUMERRORSADDEDPERMIN.STATISTICS","attributes":{"_99thPercentile":"0.0","_count":"22","_mean":"0.0","_max":"0.0","_min":"0.0"}}
2025-04-12 19:49:04,131+0200 IPDMONITORING {"timestamp":"1744480144","label":"HOME.LOCAL.WRITE.LATENCY.INDEXWRITER.STATISTICS","attributes":{"_99thPercentile":"3.0","_count":"1","_mean":"3.0","_max":"3.0","_min":"3.0"}}
2025-04-12 19:49:04,131+0200 IPDMONITORING {"timestamp":"1744480144","label":"MAIL.QUEUE.NUMITEMSADDEDPERMIN.VALUE","attributes":{"_value":"0.0"}}
2025-04-12 19:49:04,131+0200 IPDMONITORING {"timestamp":"1744480144","label":"DB.CONNECTION.STATE.VALUE","attributes":{"_value":"0.0"}}
2025-04-12 19:49:04,132+0200 IPDMONITORING {"timestamp":"1744480144","label":"DB.CONNECTION.LATENCY.STATISTICS","attributes":{"_99thPercentile":"0.0","_count":"14","_mean":"2.8314058942207563E-4","_max":"1.0","_min":"0.0"}}
2025-04-12 19:49:04,132+0200 IPDMONITORING {"timestamp":"1744480144","label":"MAIL.QUEUE.NUMEMAILSSENTPERMIN.STATISTICS","attributes":{"_99thPercentile":"0.0","_count":"22","_mean":"0.0","_max":"0.0","_min":"0.0"}}
2025-04-12 19:49:04,132+0200 IPDMONITORING {"timestamp":"1744480144","label":"HTTP.REQUESTS.STATISTICS","attributes":{"_99thPercentile":"0.0","_count":"22","_mean":"0.17139443496681278","_max":"4898.0","_min":"0.0"}}
2025-04-12 19:49:04,132+0200 IPDMONITORING {"timestamp":"1744480144","label":"HTTP.CONNECTION.POOL.NUMACTIVE.VALUE","attributes":{"_value":"0.0"}}
2025-04-12 19:49:04,132+0200 IPDMONITORING {"timestamp":"1744480144","label":"MAIL.QUEUE.NUMITEMS.STATISTICS","attributes":{"_99thPercentile":"0.0","_count":"22","_mean":"0.0","_max":"0.0","_min":"0.0"}}
2025-04-12 19:49:04,132+0200 IPDMONITORING {"timestamp":"1744480144","label":"MAIL.QUEUE.NUMITEMSPROCESSEDPERMIN.VALUE","attributes":{"_value":"0.0"}}
2025-04-12 19:49:04,132+0200 IPDMONITORING {"timestamp":"1744480144","label":"HTTP.REQUESTS.VALUE","attributes":{"_value":"0.0"}}
2025-04-12 19:49:04,132+0200 IPDMONITORING {"timestamp":"1744480144","label":"MAIL.QUEUE.NUMITEMSPROCESSEDPERMIN.STATISTICS","attributes":{"_99thPercentile":"0.0","_count":"22","_mean":"0.0","_max":"0.0","_min":"0.0"}}
2025-04-12 19:49:04,132+0200 IPDMONITORING {"timestamp":"1744480144","label":"DB.CONNECTION.POOL.NUMACTIVE.VALUE","attributes":{"_value":"-1.0"}}
2025-04-12 19:49:04,133+0200 IPDMONITORING {"timestamp":"1744480144","label":"HTTP.CONNECTION.SESSIONS.ACTIVE.VALUE","attributes":{"_value":"1.0"}}
2025-04-12 19:49:04,133+0200 IPDMONITORING {"timestamp":"1744480144","label":"DB.CONNECTION.LATENCY.VALUE","attributes":{"_value":"-1.0"}}
2025-04-12 19:49:04,133+0200 IPDMONITORING {"timestamp":"1744480144","label":"HTTP.CONNECTION.POOL.NUMIDLE.VALUE","attributes":{"_value":"10.0"}}
2025-04-12 19:49:04,133+0200 IPDMONITORING {"timestamp":"1744480144","label":"DB.CONNECTION.POOL.NUMIDLE.STATISTICS","attributes":{"_99thPercentile":"3.0","_count":"14","_mean":"2.999982972454406","_max":"3.0","_min":"2.0"}}
2025-04-12 19:49:04,133+0200 IPDMONITORING {"timestamp":"1744480144","label":"MAIL.QUEUE.NUMITEMSADDEDPERMIN.STATISTICS","attributes":{"_99thPercentile":"0.0","_count":"22","_mean":"0.0","_max":"0.0","_min":"0.0"}}
2025-04-12 19:49:04,133+0200 IPDMONITORING {"timestamp":"1744480144","label":"DB.CONNECTION.POOL.NUMIDLE.VALUE","attributes":{"_value":"-1.0"}}
2025-04-12 19:49:04,133+0200 IPDMONITORING {"timestamp":"1744480144","label":"DB.CONNECTION.POOL.NUMACTIVE.STATISTICS","attributes":{"_99thPercentile":"0.0","_count":"14","_mean":"0.0","_max":"0.0","_min":"0.0"}}
2025-04-12 19:49:04,133+0200 IPDMONITORING {"timestamp":"1744480144","label":"MAIL.QUEUE.NUMERRORSADDEDPERMIN.VALUE","attributes":{"_value":"0.0"}}
2025-04-12 19:49:04,133+0200 IPDMONITORING {"timestamp":"1744480144","label":"MAIL.QUEUE.NUMERRORS.VALUE","attributes":{"_value":"0.0"}}
2025-04-12 19:49:34,132+0200 IPDMONITORING {"timestamp":"1744480174","label":"MAIL.QUEUE.JOBRUNNING.VALUE","attributes":{"_value":"0.0"}}
2025-04-12 19:50:04,130+0200 IPDMONITORING {"timestamp":"1744480204","label":"HTTP.CONNECTION.POOL.NUMMAX.VALUE","attributes":{"_value":"200.0"}}
2025-04-12 19:50:04,131+0200 IPDMONITORING {"timestamp":"1744480204","label":"MAIL.QUEUE.NUMERRORS.STATISTICS","attributes":{"_99thPercentile":"0.0","_count":"23","_mean":"0.0","_max":"0.0","_min":"0.0"}}
2025-04-12 19:50:04,131+0200 IPDMONITORING {"timestamp":"1744480204","label":"HTTP.CONNECTION.SESSIONS.ACTIVE.STATISTICS","attributes":{"_99thPercentile":"1.0","_count":"22","_mean":"1.0177170030909193","_max":"8.0","_min":"0.0"}}
2025-04-12 19:50:04,132+0200 IPDMONITORING {"timestamp":"1744480204","label":"HTTP.CONNECTION.SESSIONS.RECENT.VALUE","attributes":{"_value":"0.0"}}
2025-04-12 19:50:04,132+0200 IPDMONITORING {"timestamp":"1744480204","label":"MAIL.QUEUE.NUMEMAILSSENTPERMIN.VALUE","attributes":{"_value":"0.0"}}
2025-04-12 19:50:04,132+0200 IPDMONITORING {"timestamp":"1744480204","label":"HOME.LOCAL.WRITE.LATENCY.SYNTHETIC.VALUE","attributes":{"_value":"-1.0"}}
2025-04-12 19:50:04,133+0200 IPDMONITORING {"timestamp":"1744480204","label":"DB.CONNECTION.FAILURES.COUNTER","attributes":{"_count":"9"}}
2025-04-12 19:50:04,133+0200 IPDMONITORING {"timestamp":"1744480204","label":"MAIL.QUEUE.NUMITEMS.VALUE","attributes":{"_value":"0.0"}}
2025-04-12 19:50:04,133+0200 IPDMONITORING {"timestamp":"1744480204","label":"MAIL.QUEUE.NUMERRORSADDEDPERMIN.STATISTICS","attributes":{"_99thPercentile":"0.0","_count":"23","_mean":"0.0","_max":"0.0","_min":"0.0"}}
2025-04-12 19:50:04,133+0200 IPDMONITORING {"timestamp":"1744480204","label":"HOME.LOCAL.WRITE.LATENCY.INDEXWRITER.STATISTICS","attributes":{"_99thPercentile":"3.0","_count":"1","_mean":"3.0","_max":"3.0","_min":"3.0"}}
2025-04-12 19:50:04,133+0200 IPDMONITORING {"timestamp":"1744480204","label":"MAIL.QUEUE.NUMITEMSADDEDPERMIN.VALUE","attributes":{"_value":"0.0"}}
2025-04-12 19:50:04,134+0200 IPDMONITORING {"timestamp":"1744480204","label":"DB.CONNECTION.STATE.VALUE","attributes":{"_value":"0.0"}}
2025-04-12 19:50:04,134+0200 IPDMONITORING {"timestamp":"1744480204","label":"DB.CONNECTION.LATENCY.STATISTICS","attributes":{"_99thPercentile":"0.0","_count":"14","_mean":"2.8314058942207563E-4","_max":"1.0","_min":"0.0"}}
2025-04-12 19:50:04,134+0200 IPDMONITORING {"timestamp":"1744480204","label":"MAIL.QUEUE.NUMEMAILSSENTPERMIN.STATISTICS","attributes":{"_99thPercentile":"0.0","_count":"23","_mean":"0.0","_max":"0.0","_min":"0.0"}}
2025-04-12 19:50:04,134+0200 IPDMONITORING {"timestamp":"1744480204","label":"HTTP.REQUESTS.STATISTICS","attributes":{"_99thPercentile":"0.0","_count":"23","_mean":"0.06968377700178448","_max":"4898.0","_min":"0.0"}}
2025-04-12 19:50:04,134+0200 IPDMONITORING {"timestamp":"1744480204","label":"HTTP.CONNECTION.POOL.NUMACTIVE.VALUE","attributes":{"_value":"0.0"}}
2025-04-12 19:50:04,135+0200 IPDMONITORING {"timestamp":"1744480204","label":"MAIL.QUEUE.NUMITEMS.STATISTICS","attributes":{"_99thPercentile":"0.0","_count":"23","_mean":"0.0","_max":"0.0","_min":"0.0"}}
2025-04-12 19:50:04,135+0200 IPDMONITORING {"timestamp":"1744480204","label":"MAIL.QUEUE.NUMITEMSPROCESSEDPERMIN.VALUE","attributes":{"_value":"0.0"}}
2025-04-12 19:50:04,135+0200 IPDMONITORING {"timestamp":"1744480204","label":"HTTP.REQUESTS.VALUE","attributes":{"_value":"0.0"}}
2025-04-12 19:50:04,135+0200 IPDMONITORING {"timestamp":"1744480204","label":"MAIL.QUEUE.NUMITEMSPROCESSEDPERMIN.STATISTICS","attributes":{"_99thPercentile":"0.0","_count":"23","_mean":"0.0","_max":"0.0","_min":"0.0"}}
2025-04-12 19:50:04,136+0200 IPDMONITORING {"timestamp":"1744480204","label":"DB.CONNECTION.POOL.NUMACTIVE.VALUE","attributes":{"_value":"-1.0"}}
2025-04-12 19:50:04,136+0200 IPDMONITORING {"timestamp":"1744480204","label":"HTTP.CONNECTION.SESSIONS.ACTIVE.VALUE","attributes":{"_value":"1.0"}}
2025-04-12 19:50:04,136+0200 IPDMONITORING {"timestamp":"1744480204","label":"DB.CONNECTION.LATENCY.VALUE","attributes":{"_value":"-1.0"}}
2025-04-12 19:50:04,136+0200 IPDMONITORING {"timestamp":"1744480204","label":"HTTP.CONNECTION.POOL.NUMIDLE.VALUE","attributes":{"_value":"10.0"}}
2025-04-12 19:50:04,136+0200 IPDMONITORING {"timestamp":"1744480204","label":"DB.CONNECTION.POOL.NUMIDLE.STATISTICS","attributes":{"_99thPercentile":"3.0","_count":"14","_mean":"2.999982972454406","_max":"3.0","_min":"2.0"}}
2025-04-12 19:50:04,136+0200 IPDMONITORING {"timestamp":"1744480204","label":"MAIL.QUEUE.NUMITEMSADDEDPERMIN.STATISTICS","attributes":{"_99thPercentile":"0.0","_count":"23","_mean":"0.0","_max":"0.0","_min":"0.0"}}
2025-04-12 19:50:04,136+0200 IPDMONITORING {"timestamp":"1744480204","label":"DB.CONNECTION.POOL.NUMIDLE.VALUE","attributes":{"_value":"-1.0"}}
2025-04-12 19:50:04,136+0200 IPDMONITORING {"timestamp":"1744480204","label":"DB.CONNECTION.POOL.NUMACTIVE.STATISTICS","attributes":{"_99thPercentile":"0.0","_count":"14","_mean":"0.0","_max":"0.0","_min":"0.0"}}
2025-04-12 19:50:04,137+0200 IPDMONITORING {"timestamp":"1744480204","label":"MAIL.QUEUE.NUMERRORSADDEDPERMIN.VALUE","attributes":{"_value":"0.0"}}
2025-04-12 19:50:04,137+0200 IPDMONITORING {"timestamp":"1744480204","label":"MAIL.QUEUE.NUMERRORS.VALUE","attributes":{"_value":"0.0"}}
2025-04-12 19:50:34,135+0200 IPDMONITORING {"timestamp":"1744480234","label":"MAIL.QUEUE.JOBRUNNING.VALUE","attributes":{"_value":"0.0"}}
2025-04-12 19:51:04,133+0200 IPDMONITORING {"timestamp":"1744480264","label":"HTTP.CONNECTION.POOL.NUMMAX.VALUE","attributes":{"_value":"200.0"}}
2025-04-12 19:51:04,135+0200 IPDMONITORING {"timestamp":"1744480264","label":"MAIL.QUEUE.NUMERRORS.STATISTICS","attributes":{"_99thPercentile":"0.0","_count":"24","_mean":"0.0","_max":"0.0","_min":"0.0"}}
2025-04-12 19:51:04,135+0200 IPDMONITORING {"timestamp":"1744480264","label":"HTTP.CONNECTION.SESSIONS.ACTIVE.STATISTICS","attributes":{"_99thPercentile":"1.0","_count":"23","_mean":"1.0072013017276393","_max":"8.0","_min":"0.0"}}
2025-04-12 19:51:04,135+0200 IPDMONITORING {"timestamp":"1744480264","label":"HTTP.CONNECTION.SESSIONS.RECENT.VALUE","attributes":{"_value":"0.0"}}
2025-04-12 19:51:04,135+0200 IPDMONITORING {"timestamp":"1744480264","label":"MAIL.QUEUE.NUMEMAILSSENTPERMIN.VALUE","attributes":{"_value":"0.0"}}
2025-04-12 19:51:04,136+0200 IPDMONITORING {"timestamp":"1744480264","label":"HOME.LOCAL.WRITE.LATENCY.SYNTHETIC.VALUE","attributes":{"_value":"-1.0"}}
2025-04-12 19:51:04,136+0200 IPDMONITORING {"timestamp":"1744480264","label":"DB.CONNECTION.FAILURES.COUNTER","attributes":{"_count":"10"}}
2025-04-12 19:51:04,136+0200 IPDMONITORING {"timestamp":"1744480264","label":"MAIL.QUEUE.NUMITEMS.VALUE","attributes":{"_value":"0.0"}}
2025-04-12 19:51:04,136+0200 IPDMONITORING {"timestamp":"1744480264","label":"MAIL.QUEUE.NUMERRORSADDEDPERMIN.STATISTICS","attributes":{"_99thPercentile":"0.0","_count":"24","_mean":"0.0","_max":"0.0","_min":"0.0"}}
2025-04-12 19:51:04,137+0200 IPDMONITORING {"timestamp":"1744480264","label":"HOME.LOCAL.WRITE.LATENCY.INDEXWRITER.STATISTICS","attributes":{"_99thPercentile":"3.0","_count":"1","_mean":"3.0","_max":"3.0","_min":"3.0"}}
2025-04-12 19:51:04,137+0200 IPDMONITORING {"timestamp":"1744480264","label":"MAIL.QUEUE.NUMITEMSADDEDPERMIN.VALUE","attributes":{"_value":"0.0"}}
2025-04-12 19:51:04,137+0200 IPDMONITORING {"timestamp":"1744480264","label":"DB.CONNECTION.STATE.VALUE","attributes":{"_value":"0.0"}}
2025-04-12 19:51:04,138+0200 IPDMONITORING {"timestamp":"1744480264","label":"DB.CONNECTION.LATENCY.STATISTICS","attributes":{"_99thPercentile":"0.0","_count":"14","_mean":"2.8314058942207563E-4","_max":"1.0","_min":"0.0"}}
2025-04-12 19:51:04,138+0200 IPDMONITORING {"timestamp":"1744480264","label":"MAIL.QUEUE.NUMEMAILSSENTPERMIN.STATISTICS","attributes":{"_99thPercentile":"0.0","_count":"24","_mean":"0.0","_max":"0.0","_min":"0.0"}}
2025-04-12 19:51:04,138+0200 IPDMONITORING {"timestamp":"1744480264","label":"HTTP.REQUESTS.STATISTICS","attributes":{"_99thPercentile":"0.0","_count":"24","_mean":"0.028331309487846894","_max":"4898.0","_min":"0.0"}}
2025-04-12 19:51:04,139+0200 IPDMONITORING {"timestamp":"1744480264","label":"HTTP.CONNECTION.POOL.NUMACTIVE.VALUE","attributes":{"_value":"0.0"}}
2025-04-12 19:51:04,139+0200 IPDMONITORING {"timestamp":"1744480264","label":"MAIL.QUEUE.NUMITEMS.STATISTICS","attributes":{"_99thPercentile":"0.0","_count":"24","_mean":"0.0","_max":"0.0","_min":"0.0"}}
2025-04-12 19:51:04,139+0200 IPDMONITORING {"timestamp":"1744480264","label":"MAIL.QUEUE.NUMITEMSPROCESSEDPERMIN.VALUE","attributes":{"_value":"0.0"}}
2025-04-12 19:51:04,139+0200 IPDMONITORING {"timestamp":"1744480264","label":"HTTP.REQUESTS.VALUE","attributes":{"_value":"0.0"}}
2025-04-12 19:51:04,140+0200 IPDMONITORING {"timestamp":"1744480264","label":"MAIL.QUEUE.NUMITEMSPROCESSEDPERMIN.STATISTICS","attributes":{"_99thPercentile":"0.0","_count":"24","_mean":"0.0","_max":"0.0","_min":"0.0"}}
2025-04-12 19:51:04,140+0200 IPDMONITORING {"timestamp":"1744480264","label":"DB.CONNECTION.POOL.NUMACTIVE.VALUE","attributes":{"_value":"-1.0"}}
2025-04-12 19:51:04,140+0200 IPDMONITORING {"timestamp":"1744480264","label":"HTTP.CONNECTION.SESSIONS.ACTIVE.VALUE","attributes":{"_value":"1.0"}}
2025-04-12 19:51:04,140+0200 IPDMONITORING {"timestamp":"1744480264","label":"DB.CONNECTION.LATENCY.VALUE","attributes":{"_value":"-1.0"}}
2025-04-12 19:51:04,140+0200 IPDMONITORING {"timestamp":"1744480264","label":"HTTP.CONNECTION.POOL.NUMIDLE.VALUE","attributes":{"_value":"10.0"}}
2025-04-12 19:51:04,141+0200 IPDMONITORING {"timestamp":"1744480264","label":"DB.CONNECTION.POOL.NUMIDLE.STATISTICS","attributes":{"_99thPercentile":"3.0","_count":"14","_mean":"2.999982972454406","_max":"3.0","_min":"2.0"}}
2025-04-12 19:51:04,141+0200 IPDMONITORING {"timestamp":"1744480264","label":"MAIL.QUEUE.NUMITEMSADDEDPERMIN.STATISTICS","attributes":{"_99thPercentile":"0.0","_count":"24","_mean":"0.0","_max":"0.0","_min":"0.0"}}
2025-04-12 19:51:04,141+0200 IPDMONITORING {"timestamp":"1744480264","label":"DB.CONNECTION.POOL.NUMIDLE.VALUE","attributes":{"_value":"-1.0"}}
2025-04-12 19:51:04,141+0200 IPDMONITORING {"timestamp":"1744480264","label":"DB.CONNECTION.POOL.NUMACTIVE.STATISTICS","attributes":{"_99thPercentile":"0.0","_count":"14","_mean":"0.0","_max":"0.0","_min":"0.0"}}
2025-04-12 19:51:04,142+0200 IPDMONITORING {"timestamp":"1744480264","label":"MAIL.QUEUE.NUMERRORSADDEDPERMIN.VALUE","attributes":{"_value":"0.0"}}
2025-04-12 19:51:04,142+0200 IPDMONITORING {"timestamp":"1744480264","label":"MAIL.QUEUE.NUMERRORS.VALUE","attributes":{"_value":"0.0"}}
2025-04-12 19:51:34,135+0200 IPDMONITORING {"timestamp":"1744480294","label":"MAIL.QUEUE.JOBRUNNING.VALUE","attributes":{"_value":"0.0"}}
2025-04-12 19:52:04,134+0200 IPDMONITORING {"timestamp":"1744480324","label":"HTTP.CONNECTION.POOL.NUMMAX.VALUE","attributes":{"_value":"200.0"}}
2025-04-12 19:52:04,135+0200 IPDMONITORING {"timestamp":"1744480324","label":"MAIL.QUEUE.NUMERRORS.STATISTICS","attributes":{"_99thPercentile":"0.0","_count":"25","_mean":"0.0","_max":"0.0","_min":"0.0"}}
2025-04-12 19:52:04,136+0200 IPDMONITORING {"timestamp":"1744480324","label":"HTTP.CONNECTION.SESSIONS.ACTIVE.STATISTICS","attributes":{"_99thPercentile":"1.0","_count":"24","_mean":"1.002927517801285","_max":"8.0","_min":"0.0"}}
2025-04-12 19:52:04,136+0200 IPDMONITORING {"timestamp":"1744480324","label":"HTTP.CONNECTION.SESSIONS.RECENT.VALUE","attributes":{"_value":"0.0"}}
2025-04-12 19:52:04,136+0200 IPDMONITORING {"timestamp":"1744480324","label":"MAIL.QUEUE.NUMEMAILSSENTPERMIN.VALUE","attributes":{"_value":"0.0"}}
2025-04-12 19:52:04,136+0200 IPDMONITORING {"timestamp":"1744480324","label":"HOME.LOCAL.WRITE.LATENCY.SYNTHETIC.VALUE","attributes":{"_value":"-1.0"}}
2025-04-12 19:52:04,137+0200 IPDMONITORING {"timestamp":"1744480324","label":"DB.CONNECTION.FAILURES.COUNTER","attributes":{"_count":"11"}}
2025-04-12 19:52:04,137+0200 IPDMONITORING {"timestamp":"1744480324","label":"MAIL.QUEUE.NUMITEMS.VALUE","attributes":{"_value":"0.0"}}
2025-04-12 19:52:04,137+0200 IPDMONITORING {"timestamp":"1744480324","label":"MAIL.QUEUE.NUMERRORSADDEDPERMIN.STATISTICS","attributes":{"_99thPercentile":"0.0","_count":"25","_mean":"0.0","_max":"0.0","_min":"0.0"}}
2025-04-12 19:52:04,137+0200 IPDMONITORING {"timestamp":"1744480324","label":"HOME.LOCAL.WRITE.LATENCY.INDEXWRITER.STATISTICS","attributes":{"_99thPercentile":"3.0","_count":"1","_mean":"3.0","_max":"3.0","_min":"3.0"}}
2025-04-12 19:52:04,137+0200 IPDMONITORING {"timestamp":"1744480324","label":"MAIL.QUEUE.NUMITEMSADDEDPERMIN.VALUE","attributes":{"_value":"0.0"}}
2025-04-12 19:52:04,138+0200 IPDMONITORING {"timestamp":"1744480324","label":"DB.CONNECTION.STATE.VALUE","attributes":{"_value":"0.0"}}
2025-04-12 19:52:04,138+0200 IPDMONITORING {"timestamp":"1744480324","label":"DB.CONNECTION.LATENCY.STATISTICS","attributes":{"_99thPercentile":"0.0","_count":"14","_mean":"2.8314058942207563E-4","_max":"1.0","_min":"0.0"}}
2025-04-12 19:52:04,138+0200 IPDMONITORING {"timestamp":"1744480324","label":"MAIL.QUEUE.NUMEMAILSSENTPERMIN.STATISTICS","attributes":{"_99thPercentile":"0.0","_count":"25","_mean":"0.0","_max":"0.0","_min":"0.0"}}
2025-04-12 19:52:04,138+0200 IPDMONITORING {"timestamp":"1744480324","label":"HTTP.REQUESTS.STATISTICS","attributes":{"_99thPercentile":"0.0","_count":"25","_mean":"0.011518650855635004","_max":"4898.0","_min":"0.0"}}
2025-04-12 19:52:04,138+0200 IPDMONITORING {"timestamp":"1744480324","label":"HTTP.CONNECTION.POOL.NUMACTIVE.VALUE","attributes":{"_value":"0.0"}}
2025-04-12 19:52:04,138+0200 IPDMONITORING {"timestamp":"1744480324","label":"MAIL.QUEUE.NUMITEMS.STATISTICS","attributes":{"_99thPercentile":"0.0","_count":"25","_mean":"0.0","_max":"0.0","_min":"0.0"}}
2025-04-12 19:52:04,139+0200 IPDMONITORING {"timestamp":"1744480324","label":"MAIL.QUEUE.NUMITEMSPROCESSEDPERMIN.VALUE","attributes":{"_value":"0.0"}}
2025-04-12 19:52:04,139+0200 IPDMONITORING {"timestamp":"1744480324","label":"HTTP.REQUESTS.VALUE","attributes":{"_value":"0.0"}}
2025-04-12 19:52:04,139+0200 IPDMONITORING {"timestamp":"1744480324","label":"MAIL.QUEUE.NUMITEMSPROCESSEDPERMIN.STATISTICS","attributes":{"_99thPercentile":"0.0","_count":"25","_mean":"0.0","_max":"0.0","_min":"0.0"}}
2025-04-12 19:52:04,139+0200 IPDMONITORING {"timestamp":"1744480324","label":"DB.CONNECTION.POOL.NUMACTIVE.VALUE","attributes":{"_value":"-1.0"}}
2025-04-12 19:52:04,139+0200 IPDMONITORING {"timestamp":"1744480324","label":"HTTP.CONNECTION.SESSIONS.ACTIVE.VALUE","attributes":{"_value":"1.0"}}
2025-04-12 19:52:04,140+0200 IPDMONITORING {"timestamp":"1744480324","label":"DB.CONNECTION.LATENCY.VALUE","attributes":{"_value":"-1.0"}}
2025-04-12 19:52:04,140+0200 IPDMONITORING {"timestamp":"1744480324","label":"HTTP.CONNECTION.POOL.NUMIDLE.VALUE","attributes":{"_value":"10.0"}}
2025-04-12 19:52:04,140+0200 IPDMONITORING {"timestamp":"1744480324","label":"DB.CONNECTION.POOL.NUMIDLE.STATISTICS","attributes":{"_99thPercentile":"3.0","_count":"14","_mean":"2.999982972454406","_max":"3.0","_min":"2.0"}}
2025-04-12 19:52:04,140+0200 IPDMONITORING {"timestamp":"1744480324","label":"MAIL.QUEUE.NUMITEMSADDEDPERMIN.STATISTICS","attributes":{"_99thPercentile":"0.0","_count":"25","_mean":"0.0","_max":"0.0","_min":"0.0"}}
2025-04-12 19:52:04,140+0200 IPDMONITORING {"timestamp":"1744480324","label":"DB.CONNECTION.POOL.NUMIDLE.VALUE","attributes":{"_value":"-1.0"}}
2025-04-12 19:52:04,140+0200 IPDMONITORING {"timestamp":"1744480324","label":"DB.CONNECTION.POOL.NUMACTIVE.STATISTICS","attributes":{"_99thPercentile":"0.0","_count":"14","_mean":"0.0","_max":"0.0","_min":"0.0"}}
2025-04-12 19:52:04,140+0200 IPDMONITORING {"timestamp":"1744480324","label":"MAIL.QUEUE.NUMERRORSADDEDPERMIN.VALUE","attributes":{"_value":"0.0"}}
2025-04-12 19:52:04,140+0200 IPDMONITORING {"timestamp":"1744480324","label":"MAIL.QUEUE.NUMERRORS.VALUE","attributes":{"_value":"0.0"}}
2025-04-12 19:52:33,949+0200 IPDMONITORING {"timestamp":"1744480353","label":"MAIL.QUEUE.JOBRUNNING.VALUE","attributes":{"_value":"0.0"}}
2025-04-12 19:52:33,950+0200 IPDMONITORING {"timestamp":"1744480353","label":"MAIL.QUEUE.JOBRUNNING.VALUE","attributes":{"_value":"0.0"}}
2025-04-12 19:52:34,131+0200 IPDMONITORING {"timestamp":"1744480354","label":"MAIL.QUEUE.JOBRUNNING.VALUE","attributes":{"_value":"0.0"}}
