2025-05-31T11:42:37,519 INFO - Import started by admin using com.atlassian.jira.plugins.importer.sample.SampleDataBean
2025-05-31T11:42:37,524 INFO - ------------------------------
2025-05-31T11:42:37,524 INFO - Importing: Users
2025-05-31T11:42:37,524 INFO - ------------------------------
2025-05-31T11:42:37,524 INFO - Only new items will be imported
2025-05-31T11:42:37,524 INFO - 0 users associated with import. All of them imported as inactive, this can be changed after import in User Access step.
2025-05-31T11:42:37,524 INFO - ------------------------------
2025-05-31T11:42:37,524 INFO - Finished Importing : Users
2025-05-31T11:42:37,524 INFO - ------------------------------
2025-05-31T11:42:37,524 INFO - 0 users successfully created.
2025-05-31T11:42:37,524 INFO - Retrieving projects...
2025-05-31T11:42:37,525 INFO - Project ExternalProject{id='null', key='FER', externalName='FeReRe', name='FeReRe'} exists and found correctly.
2025-05-31T11:42:37,525 INFO - ------------------------------
2025-05-31T11:42:37,525 INFO - Importing: Versions
2025-05-31T11:42:37,525 INFO - ------------------------------
2025-05-31T11:42:37,525 INFO - Only new items will be imported
2025-05-31T11:42:37,525 INFO - ------------------------------
2025-05-31T11:42:37,525 INFO - Finished Importing : Versions
2025-05-31T11:42:37,525 INFO - ------------------------------
2025-05-31T11:42:37,525 INFO - ------------------------------
2025-05-31T11:42:37,525 INFO - Importing: Components
2025-05-31T11:42:37,525 INFO - ------------------------------
2025-05-31T11:42:37,525 INFO - Only new items will be imported
2025-05-31T11:42:37,525 INFO - ------------------------------
2025-05-31T11:42:37,525 INFO - Finished Importing : Components
2025-05-31T11:42:37,525 INFO - ------------------------------
2025-05-31T11:42:37,525 INFO - Retrieving custom fields...
2025-05-31T11:42:37,525 INFO - ------------------------------
2025-05-31T11:42:37,525 INFO - Importing: Issues
2025-05-31T11:42:37,525 INFO - ------------------------------
2025-05-31T11:42:37,525 INFO - Only new items will be imported
2025-05-31T11:42:37,525 INFO - Importing issue: [externalId='null', summary='This is your first task']
2025-05-31T11:42:37,816 INFO - Importing issue: [externalId='null', summary='Workflows and statuses']
2025-05-31T11:42:37,829 INFO - Importing issue: [externalId='null', summary='Editing tasks']
2025-05-31T11:42:37,849 INFO - Importing issue: [externalId='null', summary='Searching for information']
2025-05-31T11:42:37,857 INFO - Importing issue: [externalId='null', summary='Keyboard shortcuts']
2025-05-31T11:42:37,872 INFO - Importing issue: [externalId='null', summary='What's next?']
2025-05-31T11:42:37,884 INFO - Reindexing last 6 issues imported ...
2025-05-31T11:42:37,923 INFO - Reindexing took 37 ms.
2025-05-31T11:42:37,923 INFO - 6 issues successfully created
2025-05-31T11:42:37,923 INFO - ------------------------------
2025-05-31T11:42:37,923 INFO - Finished Importing : Issues
2025-05-31T11:42:37,923 INFO - ------------------------------
2025-05-31T11:42:37,923 INFO - ------------------------------
2025-05-31T11:42:37,923 INFO - Importing: Issue Links & Subtasks
2025-05-31T11:42:37,923 INFO - ------------------------------
2025-05-31T11:42:37,923 INFO - Only new items will be imported
2025-05-31T11:42:37,924 INFO - ------------------------------
2025-05-31T11:42:37,924 INFO - Finished Importing : Issue Links & Subtasks
2025-05-31T11:42:37,924 INFO - ------------------------------
2025-05-31T11:42:37,924 INFO - No issues need to be reindexed.
