2025-05-31 00:24:46,175+0200 IPDMONITORING {"timestamp":"1748643886","label":"MAIL.QUEUE.JOBRUNNING.VALUE","attributes":{"_value":"0.0"}}
2025-05-31 00:25:16,066+0200 IPDMONITORING {"timestamp":"1748643916","label":"MAIL.QUEUE.NUMITEMSADDEDPERMIN.STATISTICS","attributes":{"_99thPercentile":"0.0","_count":"1","_mean":"0.0","_max":"0.0","_min":"0.0"}}
2025-05-31 00:25:16,066+0200 IPDMONITORING {"timestamp":"1748643916","label":"HTTP.CONNECTION.SESSIONS.RECENT.VALUE","attributes":{"_value":"0.0"}}
2025-05-31 00:25:16,066+0200 IPDMONITORING {"timestamp":"1748643916","label":"DB.CONNECTION.POOL.NUMIDLE.VALUE","attributes":{"_value":"2.0"}}
2025-05-31 00:25:16,066+0200 IPDMONITORING {"timestamp":"1748643916","label":"MAIL.QUEUE.NUMEMAILSSENTPERMIN.STATISTICS","attributes":{"_99thPercentile":"0.0","_count":"1","_mean":"0.0","_max":"0.0","_min":"0.0"}}
2025-05-31 00:25:16,066+0200 IPDMONITORING {"timestamp":"1748643916","label":"MAIL.QUEUE.NUMITEMS.STATISTICS","attributes":{"_99thPercentile":"0.0","_count":"1","_mean":"0.0","_max":"0.0","_min":"0.0"}}
2025-05-31 00:25:16,067+0200 IPDMONITORING {"timestamp":"1748643916","label":"MAIL.QUEUE.NUMEMAILSSENTPERMIN.VALUE","attributes":{"_value":"0.0"}}
2025-05-31 00:25:16,067+0200 IPDMONITORING {"timestamp":"1748643916","label":"DB.CONNECTION.LATENCY.VALUE","attributes":{"_value":"0.0"}}
2025-05-31 00:25:16,067+0200 IPDMONITORING {"timestamp":"1748643916","label":"DB.CONNECTION.LATENCY.STATISTICS","attributes":{"_99thPercentile":"0.0","_count":"1","_mean":"0.0","_max":"0.0","_min":"0.0"}}
2025-05-31 00:25:16,067+0200 IPDMONITORING {"timestamp":"1748643916","label":"DB.CONNECTION.POOL.NUMIDLE.STATISTICS","attributes":{"_99thPercentile":"2.0","_count":"1","_mean":"2.0","_max":"2.0","_min":"2.0"}}
2025-05-31 00:25:16,067+0200 IPDMONITORING {"timestamp":"1748643916","label":"DB.CONNECTION.POOL.NUMACTIVE.VALUE","attributes":{"_value":"0.0"}}
2025-05-31 00:25:16,067+0200 IPDMONITORING {"timestamp":"1748643916","label":"DB.CONNECTION.FAILURES.COUNTER","attributes":{"_count":"0"}}
2025-05-31 00:25:16,067+0200 IPDMONITORING {"timestamp":"1748643916","label":"HTTP.REQUESTS.VALUE","attributes":{"_value":"0.0"}}
2025-05-31 00:25:16,067+0200 IPDMONITORING {"timestamp":"1748643916","label":"MAIL.QUEUE.NUMITEMSADDEDPERMIN.VALUE","attributes":{"_value":"0.0"}}
2025-05-31 00:25:16,067+0200 IPDMONITORING {"timestamp":"1748643916","label":"MAIL.QUEUE.NUMITEMS.VALUE","attributes":{"_value":"0.0"}}
2025-05-31 00:25:16,068+0200 IPDMONITORING {"timestamp":"1748643916","label":"MAIL.QUEUE.NUMERRORSADDEDPERMIN.STATISTICS","attributes":{"_99thPercentile":"0.0","_count":"1","_mean":"0.0","_max":"0.0","_min":"0.0"}}
2025-05-31 00:25:16,068+0200 IPDMONITORING {"timestamp":"1748643916","label":"DB.CONNECTION.POOL.NUMACTIVE.STATISTICS","attributes":{"_99thPercentile":"0.0","_count":"1","_mean":"0.0","_max":"0.0","_min":"0.0"}}
2025-05-31 00:25:16,068+0200 IPDMONITORING {"timestamp":"1748643916","label":"MAIL.QUEUE.NUMITEMSPROCESSEDPERMIN.VALUE","attributes":{"_value":"0.0"}}
2025-05-31 00:25:16,068+0200 IPDMONITORING {"timestamp":"1748643916","label":"MAIL.QUEUE.NUMITEMSPROCESSEDPERMIN.STATISTICS","attributes":{"_99thPercentile":"0.0","_count":"1","_mean":"0.0","_max":"0.0","_min":"0.0"}}
2025-05-31 00:25:16,068+0200 IPDMONITORING {"timestamp":"1748643916","label":"MAIL.QUEUE.NUMERRORSADDEDPERMIN.VALUE","attributes":{"_value":"0.0"}}
2025-05-31 00:25:16,068+0200 IPDMONITORING {"timestamp":"1748643916","label":"HTTP.CONNECTION.SESSIONS.ACTIVE.STATISTICS","attributes":{"_99thPercentile":"0.0","_count":"1","_mean":"0.0","_max":"0.0","_min":"0.0"}}
2025-05-31 00:25:16,068+0200 IPDMONITORING {"timestamp":"1748643916","label":"HTTP.REQUESTS.STATISTICS","attributes":{"_99thPercentile":"0.0","_count":"1","_mean":"0.0","_max":"0.0","_min":"0.0"}}
2025-05-31 00:25:16,068+0200 IPDMONITORING {"timestamp":"1748643916","label":"HTTP.CONNECTION.POOL.NUMACTIVE.VALUE","attributes":{"_value":"-2.0"}}
2025-05-31 00:25:16,069+0200 IPDMONITORING {"timestamp":"1748643916","label":"HTTP.CONNECTION.SESSIONS.ACTIVE.VALUE","attributes":{"_value":"0.0"}}
2025-05-31 00:25:16,069+0200 IPDMONITORING {"timestamp":"1748643916","label":"DB.CONNECTION.STATE.VALUE","attributes":{"_value":"1.0"}}
2025-05-31 00:25:16,069+0200 IPDMONITORING {"timestamp":"1748643916","label":"HTTP.CONNECTION.POOL.NUMIDLE.VALUE","attributes":{"_value":"0.0"}}
2025-05-31 00:25:16,070+0200 IPDMONITORING {"timestamp":"1748643916","label":"HTTP.CONNECTION.POOL.NUMMAX.VALUE","attributes":{"_value":"200.0"}}
2025-05-31 00:25:16,070+0200 IPDMONITORING {"timestamp":"1748643916","label":"MAIL.QUEUE.NUMERRORS.VALUE","attributes":{"_value":"0.0"}}
2025-05-31 00:25:16,070+0200 IPDMONITORING {"timestamp":"1748643916","label":"HOME.LOCAL.WRITE.LATENCY.SYNTHETIC.VALUE","attributes":{"_value":"-1.0"}}
2025-05-31 00:25:16,070+0200 IPDMONITORING {"timestamp":"1748643916","label":"MAIL.QUEUE.NUMERRORS.STATISTICS","attributes":{"_99thPercentile":"0.0","_count":"1","_mean":"0.0","_max":"0.0","_min":"0.0"}}
2025-05-31 00:25:46,087+0200 IPDMONITORING {"timestamp":"1748643946","label":"MAIL.QUEUE.JOBRUNNING.VALUE","attributes":{"_value":"0.0"}}
2025-05-31 00:26:16,060+0200 IPDMONITORING {"timestamp":"1748643976","label":"MAIL.QUEUE.NUMITEMSADDEDPERMIN.STATISTICS","attributes":{"_99thPercentile":"0.0","_count":"2","_mean":"0.0","_max":"0.0","_min":"0.0"}}
2025-05-31 00:26:16,061+0200 IPDMONITORING {"timestamp":"1748643976","label":"HTTP.CONNECTION.SESSIONS.RECENT.VALUE","attributes":{"_value":"3.0"}}
2025-05-31 00:26:16,061+0200 IPDMONITORING {"timestamp":"1748643976","label":"DB.CONNECTION.POOL.NUMIDLE.VALUE","attributes":{"_value":"3.0"}}
2025-05-31 00:26:16,062+0200 IPDMONITORING {"timestamp":"1748643976","label":"MAIL.QUEUE.NUMEMAILSSENTPERMIN.STATISTICS","attributes":{"_99thPercentile":"0.0","_count":"2","_mean":"0.0","_max":"0.0","_min":"0.0"}}
2025-05-31 00:26:16,062+0200 IPDMONITORING {"timestamp":"1748643976","label":"MAIL.QUEUE.NUMITEMS.STATISTICS","attributes":{"_99thPercentile":"0.0","_count":"2","_mean":"0.0","_max":"0.0","_min":"0.0"}}
2025-05-31 00:26:16,062+0200 IPDMONITORING {"timestamp":"1748643976","label":"MAIL.QUEUE.NUMEMAILSSENTPERMIN.VALUE","attributes":{"_value":"0.0"}}
2025-05-31 00:26:16,062+0200 IPDMONITORING {"timestamp":"1748643976","label":"DB.CONNECTION.LATENCY.VALUE","attributes":{"_value":"1.0"}}
2025-05-31 00:26:16,064+0200 IPDMONITORING {"timestamp":"1748643976","label":"DB.CONNECTION.LATENCY.STATISTICS","attributes":{"_99thPercentile":"1.0","_count":"2","_mean":"0.7109495026250039","_max":"1.0","_min":"0.0"}}
2025-05-31 00:26:16,065+0200 IPDMONITORING {"timestamp":"1748643976","label":"DB.CONNECTION.POOL.NUMIDLE.STATISTICS","attributes":{"_99thPercentile":"3.0","_count":"2","_mean":"2.7109495026250037","_max":"3.0","_min":"2.0"}}
2025-05-31 00:26:16,065+0200 IPDMONITORING {"timestamp":"1748643976","label":"DB.CONNECTION.POOL.NUMACTIVE.VALUE","attributes":{"_value":"0.0"}}
2025-05-31 00:26:16,066+0200 IPDMONITORING {"timestamp":"1748643976","label":"DB.CONNECTION.FAILURES.COUNTER","attributes":{"_count":"0"}}
2025-05-31 00:26:16,066+0200 IPDMONITORING {"timestamp":"1748643976","label":"HTTP.REQUESTS.VALUE","attributes":{"_value":"1653.0"}}
2025-05-31 00:26:16,066+0200 IPDMONITORING {"timestamp":"1748643976","label":"MAIL.QUEUE.NUMITEMSADDEDPERMIN.VALUE","attributes":{"_value":"0.0"}}
2025-05-31 00:26:16,066+0200 IPDMONITORING {"timestamp":"1748643976","label":"MAIL.QUEUE.NUMITEMS.VALUE","attributes":{"_value":"0.0"}}
2025-05-31 00:26:16,066+0200 IPDMONITORING {"timestamp":"1748643976","label":"MAIL.QUEUE.NUMERRORSADDEDPERMIN.STATISTICS","attributes":{"_99thPercentile":"0.0","_count":"2","_mean":"0.0","_max":"0.0","_min":"0.0"}}
2025-05-31 00:26:16,066+0200 IPDMONITORING {"timestamp":"1748643976","label":"DB.CONNECTION.POOL.NUMACTIVE.STATISTICS","attributes":{"_99thPercentile":"0.0","_count":"2","_mean":"0.0","_max":"0.0","_min":"0.0"}}
2025-05-31 00:26:16,066+0200 IPDMONITORING {"timestamp":"1748643976","label":"MAIL.QUEUE.NUMITEMSPROCESSEDPERMIN.VALUE","attributes":{"_value":"0.0"}}
2025-05-31 00:26:16,066+0200 IPDMONITORING {"timestamp":"1748643976","label":"MAIL.QUEUE.NUMITEMSPROCESSEDPERMIN.STATISTICS","attributes":{"_99thPercentile":"0.0","_count":"2","_mean":"0.0","_max":"0.0","_min":"0.0"}}
2025-05-31 00:26:16,066+0200 IPDMONITORING {"timestamp":"1748643976","label":"MAIL.QUEUE.NUMERRORSADDEDPERMIN.VALUE","attributes":{"_value":"0.0"}}
2025-05-31 00:26:16,067+0200 IPDMONITORING {"timestamp":"1748643976","label":"HTTP.CONNECTION.SESSIONS.ACTIVE.STATISTICS","attributes":{"_99thPercentile":"3.0","_count":"2","_mean":"2.1328485078750115","_max":"3.0","_min":"0.0"}}
2025-05-31 00:26:16,067+0200 IPDMONITORING {"timestamp":"1748643976","label":"HTTP.REQUESTS.STATISTICS","attributes":{"_99thPercentile":"1653.0","_count":"2","_mean":"1175.1995278391314","_max":"1653.0","_min":"0.0"}}
2025-05-31 00:26:16,067+0200 IPDMONITORING {"timestamp":"1748643976","label":"HOME.LOCAL.WRITE.LATENCY.INDEXWRITER.STATISTICS","attributes":{"_99thPercentile":"5.0","_count":"1","_mean":"5.0","_max":"5.0","_min":"5.0"}}
2025-05-31 00:26:16,067+0200 IPDMONITORING {"timestamp":"1748643976","label":"HTTP.CONNECTION.POOL.NUMACTIVE.VALUE","attributes":{"_value":"0.0"}}
2025-05-31 00:26:16,067+0200 IPDMONITORING {"timestamp":"1748643976","label":"HTTP.CONNECTION.SESSIONS.ACTIVE.VALUE","attributes":{"_value":"3.0"}}
2025-05-31 00:26:16,067+0200 IPDMONITORING {"timestamp":"1748643976","label":"DB.CONNECTION.STATE.VALUE","attributes":{"_value":"1.0"}}
2025-05-31 00:26:16,067+0200 IPDMONITORING {"timestamp":"1748643976","label":"HTTP.CONNECTION.POOL.NUMIDLE.VALUE","attributes":{"_value":"10.0"}}
2025-05-31 00:26:16,067+0200 IPDMONITORING {"timestamp":"1748643976","label":"HTTP.CONNECTION.POOL.NUMMAX.VALUE","attributes":{"_value":"200.0"}}
2025-05-31 00:26:16,067+0200 IPDMONITORING {"timestamp":"1748643976","label":"MAIL.QUEUE.NUMERRORS.VALUE","attributes":{"_value":"0.0"}}
2025-05-31 00:26:16,067+0200 IPDMONITORING {"timestamp":"1748643976","label":"HOME.LOCAL.WRITE.LATENCY.SYNTHETIC.VALUE","attributes":{"_value":"-1.0"}}
2025-05-31 00:26:16,068+0200 IPDMONITORING {"timestamp":"1748643976","label":"MAIL.QUEUE.NUMERRORS.STATISTICS","attributes":{"_99thPercentile":"0.0","_count":"2","_mean":"0.0","_max":"0.0","_min":"0.0"}}
2025-05-31 00:26:46,075+0200 IPDMONITORING {"timestamp":"1748644006","label":"MAIL.QUEUE.JOBRUNNING.VALUE","attributes":{"_value":"0.0"}}
2025-05-31 00:27:16,062+0200 IPDMONITORING {"timestamp":"1748644036","label":"MAIL.QUEUE.NUMITEMSADDEDPERMIN.STATISTICS","attributes":{"_99thPercentile":"0.0","_count":"3","_mean":"0.0","_max":"0.0","_min":"0.0"}}
2025-05-31 00:27:16,063+0200 IPDMONITORING {"timestamp":"1748644036","label":"HTTP.CONNECTION.SESSIONS.RECENT.VALUE","attributes":{"_value":"6.0"}}
2025-05-31 00:27:16,063+0200 IPDMONITORING {"timestamp":"1748644036","label":"DB.CONNECTION.POOL.NUMIDLE.VALUE","attributes":{"_value":"3.0"}}
2025-05-31 00:27:16,063+0200 IPDMONITORING {"timestamp":"1748644036","label":"MAIL.QUEUE.NUMEMAILSSENTPERMIN.STATISTICS","attributes":{"_99thPercentile":"0.0","_count":"3","_mean":"0.0","_max":"0.0","_min":"0.0"}}
2025-05-31 00:27:16,064+0200 IPDMONITORING {"timestamp":"1748644036","label":"MAIL.QUEUE.NUMITEMS.STATISTICS","attributes":{"_99thPercentile":"0.0","_count":"3","_mean":"0.0","_max":"0.0","_min":"0.0"}}
2025-05-31 00:27:16,064+0200 IPDMONITORING {"timestamp":"1748644036","label":"MAIL.QUEUE.NUMEMAILSSENTPERMIN.VALUE","attributes":{"_value":"0.0"}}
2025-05-31 00:27:16,064+0200 IPDMONITORING {"timestamp":"1748644036","label":"DB.CONNECTION.LATENCY.VALUE","attributes":{"_value":"1.0"}}
2025-05-31 00:27:16,064+0200 IPDMONITORING {"timestamp":"1748644036","label":"DB.CONNECTION.LATENCY.STATISTICS","attributes":{"_99thPercentile":"1.0","_count":"3","_mean":"0.894839241846346","_max":"1.0","_min":"0.0"}}
2025-05-31 00:27:16,064+0200 IPDMONITORING {"timestamp":"1748644036","label":"DB.CONNECTION.POOL.NUMIDLE.STATISTICS","attributes":{"_99thPercentile":"3.0","_count":"3","_mean":"2.894839241846346","_max":"3.0","_min":"2.0"}}
2025-05-31 00:27:16,064+0200 IPDMONITORING {"timestamp":"1748644036","label":"DB.CONNECTION.POOL.NUMACTIVE.VALUE","attributes":{"_value":"0.0"}}
2025-05-31 00:27:16,065+0200 IPDMONITORING {"timestamp":"1748644036","label":"DB.CONNECTION.FAILURES.COUNTER","attributes":{"_count":"0"}}
2025-05-31 00:27:16,065+0200 IPDMONITORING {"timestamp":"1748644036","label":"HTTP.REQUESTS.VALUE","attributes":{"_value":"3219.0"}}
2025-05-31 00:27:16,065+0200 IPDMONITORING {"timestamp":"1748644036","label":"MAIL.QUEUE.NUMITEMSADDEDPERMIN.VALUE","attributes":{"_value":"0.0"}}
2025-05-31 00:27:16,065+0200 IPDMONITORING {"timestamp":"1748644036","label":"MAIL.QUEUE.NUMITEMS.VALUE","attributes":{"_value":"0.0"}}
2025-05-31 00:27:16,065+0200 IPDMONITORING {"timestamp":"1748644036","label":"MAIL.QUEUE.NUMERRORSADDEDPERMIN.STATISTICS","attributes":{"_99thPercentile":"0.0","_count":"3","_mean":"0.0","_max":"0.0","_min":"0.0"}}
2025-05-31 00:27:16,065+0200 IPDMONITORING {"timestamp":"1748644036","label":"DB.CONNECTION.POOL.NUMACTIVE.STATISTICS","attributes":{"_99thPercentile":"0.0","_count":"3","_mean":"0.0","_max":"0.0","_min":"0.0"}}
2025-05-31 00:27:16,065+0200 IPDMONITORING {"timestamp":"1748644036","label":"MAIL.QUEUE.NUMITEMSPROCESSEDPERMIN.VALUE","attributes":{"_value":"0.0"}}
2025-05-31 00:27:16,065+0200 IPDMONITORING {"timestamp":"1748644036","label":"MAIL.QUEUE.NUMITEMSPROCESSEDPERMIN.STATISTICS","attributes":{"_99thPercentile":"0.0","_count":"3","_mean":"0.0","_max":"0.0","_min":"0.0"}}
2025-05-31 00:27:16,066+0200 IPDMONITORING {"timestamp":"1748644036","label":"MAIL.QUEUE.NUMERRORSADDEDPERMIN.VALUE","attributes":{"_value":"0.0"}}
2025-05-31 00:27:16,066+0200 IPDMONITORING {"timestamp":"1748644036","label":"HTTP.CONNECTION.SESSIONS.ACTIVE.STATISTICS","attributes":{"_99thPercentile":"6.0","_count":"3","_mean":"4.593074267299024","_max":"6.0","_min":"0.0"}}
2025-05-31 00:27:16,066+0200 IPDMONITORING {"timestamp":"1748644036","label":"HTTP.REQUESTS.STATISTICS","attributes":{"_99thPercentile":"3219.0","_count":"3","_mean":"2475.4357815707226","_max":"3219.0","_min":"0.0"}}
2025-05-31 00:27:16,066+0200 IPDMONITORING {"timestamp":"1748644036","label":"HOME.LOCAL.WRITE.LATENCY.INDEXWRITER.STATISTICS","attributes":{"_99thPercentile":"11.0","_count":"2","_mean":"9.265697015750023","_max":"11.0","_min":"5.0"}}
2025-05-31 00:27:16,066+0200 IPDMONITORING {"timestamp":"1748644036","label":"HTTP.CONNECTION.POOL.NUMACTIVE.VALUE","attributes":{"_value":"0.0"}}
2025-05-31 00:27:16,066+0200 IPDMONITORING {"timestamp":"1748644036","label":"HTTP.CONNECTION.SESSIONS.ACTIVE.VALUE","attributes":{"_value":"6.0"}}
2025-05-31 00:27:16,066+0200 IPDMONITORING {"timestamp":"1748644036","label":"DB.CONNECTION.STATE.VALUE","attributes":{"_value":"1.0"}}
2025-05-31 00:27:16,066+0200 IPDMONITORING {"timestamp":"1748644036","label":"HTTP.CONNECTION.POOL.NUMIDLE.VALUE","attributes":{"_value":"10.0"}}
2025-05-31 00:27:16,066+0200 IPDMONITORING {"timestamp":"1748644036","label":"HTTP.CONNECTION.POOL.NUMMAX.VALUE","attributes":{"_value":"200.0"}}
2025-05-31 00:27:16,066+0200 IPDMONITORING {"timestamp":"1748644036","label":"MAIL.QUEUE.NUMERRORS.VALUE","attributes":{"_value":"0.0"}}
2025-05-31 00:27:16,067+0200 IPDMONITORING {"timestamp":"1748644036","label":"HOME.LOCAL.WRITE.LATENCY.SYNTHETIC.VALUE","attributes":{"_value":"-1.0"}}
2025-05-31 00:27:16,067+0200 IPDMONITORING {"timestamp":"1748644036","label":"MAIL.QUEUE.NUMERRORS.STATISTICS","attributes":{"_99thPercentile":"0.0","_count":"3","_mean":"0.0","_max":"0.0","_min":"0.0"}}
2025-05-31 00:27:46,086+0200 IPDMONITORING {"timestamp":"1748644066","label":"MAIL.QUEUE.JOBRUNNING.VALUE","attributes":{"_value":"0.0"}}
2025-05-31 00:28:16,062+0200 IPDMONITORING {"timestamp":"1748644096","label":"MAIL.QUEUE.NUMITEMSADDEDPERMIN.STATISTICS","attributes":{"_99thPercentile":"0.0","_count":"4","_mean":"0.0","_max":"0.0","_min":"0.0"}}
2025-05-31 00:28:16,063+0200 IPDMONITORING {"timestamp":"1748644096","label":"HTTP.CONNECTION.SESSIONS.RECENT.VALUE","attributes":{"_value":"4.0"}}
2025-05-31 00:28:16,063+0200 IPDMONITORING {"timestamp":"1748644096","label":"DB.CONNECTION.POOL.NUMIDLE.VALUE","attributes":{"_value":"3.0"}}
2025-05-31 00:28:16,063+0200 IPDMONITORING {"timestamp":"1748644096","label":"MAIL.QUEUE.NUMEMAILSSENTPERMIN.STATISTICS","attributes":{"_99thPercentile":"0.0","_count":"4","_mean":"0.0","_max":"0.0","_min":"0.0"}}
2025-05-31 00:28:16,063+0200 IPDMONITORING {"timestamp":"1748644096","label":"MAIL.QUEUE.NUMITEMS.STATISTICS","attributes":{"_99thPercentile":"0.0","_count":"4","_mean":"0.0","_max":"0.0","_min":"0.0"}}
2025-05-31 00:28:16,063+0200 IPDMONITORING {"timestamp":"1748644096","label":"MAIL.QUEUE.NUMEMAILSSENTPERMIN.VALUE","attributes":{"_value":"0.0"}}
2025-05-31 00:28:16,064+0200 IPDMONITORING {"timestamp":"1748644096","label":"DB.CONNECTION.LATENCY.VALUE","attributes":{"_value":"0.0"}}
2025-05-31 00:28:16,064+0200 IPDMONITORING {"timestamp":"1748644096","label":"DB.CONNECTION.LATENCY.STATISTICS","attributes":{"_99thPercentile":"1.0","_count":"4","_mean":"0.34889732055016615","_max":"1.0","_min":"0.0"}}
2025-05-31 00:28:16,064+0200 IPDMONITORING {"timestamp":"1748644096","label":"DB.CONNECTION.POOL.NUMIDLE.STATISTICS","attributes":{"_99thPercentile":"3.0","_count":"4","_mean":"2.9589978791373412","_max":"3.0","_min":"2.0"}}
2025-05-31 00:28:16,064+0200 IPDMONITORING {"timestamp":"1748644096","label":"DB.CONNECTION.POOL.NUMACTIVE.VALUE","attributes":{"_value":"0.0"}}
2025-05-31 00:28:16,064+0200 IPDMONITORING {"timestamp":"1748644096","label":"DB.CONNECTION.FAILURES.COUNTER","attributes":{"_count":"0"}}
2025-05-31 00:28:16,064+0200 IPDMONITORING {"timestamp":"1748644096","label":"HTTP.REQUESTS.VALUE","attributes":{"_value":"3219.0"}}
2025-05-31 00:28:16,064+0200 IPDMONITORING {"timestamp":"1748644096","label":"MAIL.QUEUE.NUMITEMSADDEDPERMIN.VALUE","attributes":{"_value":"0.0"}}
2025-05-31 00:28:16,064+0200 IPDMONITORING {"timestamp":"1748644096","label":"MAIL.QUEUE.NUMITEMS.VALUE","attributes":{"_value":"0.0"}}
2025-05-31 00:28:16,064+0200 IPDMONITORING {"timestamp":"1748644096","label":"MAIL.QUEUE.NUMERRORSADDEDPERMIN.STATISTICS","attributes":{"_99thPercentile":"0.0","_count":"4","_mean":"0.0","_max":"0.0","_min":"0.0"}}
2025-05-31 00:28:16,065+0200 IPDMONITORING {"timestamp":"1748644096","label":"DB.CONNECTION.POOL.NUMACTIVE.STATISTICS","attributes":{"_99thPercentile":"0.0","_count":"4","_mean":"0.0","_max":"0.0","_min":"0.0"}}
2025-05-31 00:28:16,065+0200 IPDMONITORING {"timestamp":"1748644096","label":"MAIL.QUEUE.NUMITEMSPROCESSEDPERMIN.VALUE","attributes":{"_value":"0.0"}}
2025-05-31 00:28:16,065+0200 IPDMONITORING {"timestamp":"1748644096","label":"MAIL.QUEUE.NUMITEMSPROCESSEDPERMIN.STATISTICS","attributes":{"_99thPercentile":"0.0","_count":"4","_mean":"0.0","_max":"0.0","_min":"0.0"}}
2025-05-31 00:28:16,065+0200 IPDMONITORING {"timestamp":"1748644096","label":"MAIL.QUEUE.NUMERRORSADDEDPERMIN.VALUE","attributes":{"_value":"0.0"}}
2025-05-31 00:28:16,065+0200 IPDMONITORING {"timestamp":"1748644096","label":"HTTP.CONNECTION.SESSIONS.ACTIVE.STATISTICS","attributes":{"_99thPercentile":"6.0","_count":"4","_mean":"4.23123932553621","_max":"6.0","_min":"0.0"}}
2025-05-31 00:28:16,065+0200 IPDMONITORING {"timestamp":"1748644096","label":"HTTP.REQUESTS.STATISTICS","attributes":{"_99thPercentile":"3219.0","_count":"4","_mean":"2929.084726579861","_max":"3219.0","_min":"0.0"}}
2025-05-31 00:28:16,065+0200 IPDMONITORING {"timestamp":"1748644096","label":"HOME.LOCAL.WRITE.LATENCY.INDEXWRITER.STATISTICS","attributes":{"_99thPercentile":"11.0","_count":"2","_mean":"9.265697015750023","_max":"11.0","_min":"5.0"}}
2025-05-31 00:28:16,065+0200 IPDMONITORING {"timestamp":"1748644096","label":"HTTP.CONNECTION.POOL.NUMACTIVE.VALUE","attributes":{"_value":"0.0"}}
2025-05-31 00:28:16,065+0200 IPDMONITORING {"timestamp":"1748644096","label":"HTTP.CONNECTION.SESSIONS.ACTIVE.VALUE","attributes":{"_value":"4.0"}}
2025-05-31 00:28:16,066+0200 IPDMONITORING {"timestamp":"1748644096","label":"DB.CONNECTION.STATE.VALUE","attributes":{"_value":"1.0"}}
2025-05-31 00:28:16,066+0200 IPDMONITORING {"timestamp":"1748644096","label":"HTTP.CONNECTION.POOL.NUMIDLE.VALUE","attributes":{"_value":"10.0"}}
2025-05-31 00:28:16,066+0200 IPDMONITORING {"timestamp":"1748644096","label":"HTTP.CONNECTION.POOL.NUMMAX.VALUE","attributes":{"_value":"200.0"}}
2025-05-31 00:28:16,066+0200 IPDMONITORING {"timestamp":"1748644096","label":"MAIL.QUEUE.NUMERRORS.VALUE","attributes":{"_value":"0.0"}}
2025-05-31 00:28:16,066+0200 IPDMONITORING {"timestamp":"1748644096","label":"HOME.LOCAL.WRITE.LATENCY.SYNTHETIC.VALUE","attributes":{"_value":"-1.0"}}
2025-05-31 00:28:16,066+0200 IPDMONITORING {"timestamp":"1748644096","label":"MAIL.QUEUE.NUMERRORS.STATISTICS","attributes":{"_99thPercentile":"0.0","_count":"4","_mean":"0.0","_max":"0.0","_min":"0.0"}}
2025-05-31 00:28:46,093+0200 IPDMONITORING {"timestamp":"1748644126","label":"MAIL.QUEUE.JOBRUNNING.VALUE","attributes":{"_value":"0.0"}}
2025-05-31 00:29:16,063+0200 IPDMONITORING {"timestamp":"1748644156","label":"MAIL.QUEUE.NUMITEMSADDEDPERMIN.STATISTICS","attributes":{"_99thPercentile":"0.0","_count":"5","_mean":"0.0","_max":"0.0","_min":"0.0"}}
2025-05-31 00:29:16,064+0200 IPDMONITORING {"timestamp":"1748644156","label":"HTTP.CONNECTION.SESSIONS.RECENT.VALUE","attributes":{"_value":"1.0"}}
2025-05-31 00:29:16,065+0200 IPDMONITORING {"timestamp":"1748644156","label":"DB.CONNECTION.POOL.NUMIDLE.VALUE","attributes":{"_value":"3.0"}}
2025-05-31 00:29:16,066+0200 IPDMONITORING {"timestamp":"1748644156","label":"MAIL.QUEUE.NUMEMAILSSENTPERMIN.STATISTICS","attributes":{"_99thPercentile":"0.0","_count":"5","_mean":"0.0","_max":"0.0","_min":"0.0"}}
2025-05-31 00:29:16,066+0200 IPDMONITORING {"timestamp":"1748644156","label":"MAIL.QUEUE.NUMITEMS.STATISTICS","attributes":{"_99thPercentile":"0.0","_count":"5","_mean":"0.0","_max":"0.0","_min":"0.0"}}
2025-05-31 00:29:16,067+0200 IPDMONITORING {"timestamp":"1748644156","label":"MAIL.QUEUE.NUMEMAILSSENTPERMIN.VALUE","attributes":{"_value":"0.0"}}
2025-05-31 00:29:16,067+0200 IPDMONITORING {"timestamp":"1748644156","label":"DB.CONNECTION.LATENCY.VALUE","attributes":{"_value":"1.0"}}
2025-05-31 00:29:16,067+0200 IPDMONITORING {"timestamp":"1748644156","label":"DB.CONNECTION.LATENCY.STATISTICS","attributes":{"_99thPercentile":"1.0","_count":"5","_mean":"0.7396219638699338","_max":"1.0","_min":"0.0"}}
2025-05-31 00:29:16,067+0200 IPDMONITORING {"timestamp":"1748644156","label":"DB.CONNECTION.POOL.NUMIDLE.STATISTICS","attributes":{"_99thPercentile":"3.0","_count":"5","_mean":"2.9836031212213596","_max":"3.0","_min":"2.0"}}
2025-05-31 00:29:16,067+0200 IPDMONITORING {"timestamp":"1748644156","label":"DB.CONNECTION.POOL.NUMACTIVE.VALUE","attributes":{"_value":"0.0"}}
2025-05-31 00:29:16,067+0200 IPDMONITORING {"timestamp":"1748644156","label":"DB.CONNECTION.FAILURES.COUNTER","attributes":{"_count":"0"}}
2025-05-31 00:29:16,067+0200 IPDMONITORING {"timestamp":"1748644156","label":"HTTP.REQUESTS.VALUE","attributes":{"_value":"0.0"}}
2025-05-31 00:29:16,067+0200 IPDMONITORING {"timestamp":"1748644156","label":"MAIL.QUEUE.NUMITEMSADDEDPERMIN.VALUE","attributes":{"_value":"0.0"}}
2025-05-31 00:29:16,068+0200 IPDMONITORING {"timestamp":"1748644156","label":"MAIL.QUEUE.NUMITEMS.VALUE","attributes":{"_value":"0.0"}}
2025-05-31 00:29:16,068+0200 IPDMONITORING {"timestamp":"1748644156","label":"MAIL.QUEUE.NUMERRORSADDEDPERMIN.STATISTICS","attributes":{"_99thPercentile":"0.0","_count":"5","_mean":"0.0","_max":"0.0","_min":"0.0"}}
2025-05-31 00:29:16,068+0200 IPDMONITORING {"timestamp":"1748644156","label":"DB.CONNECTION.POOL.NUMACTIVE.STATISTICS","attributes":{"_99thPercentile":"0.0","_count":"5","_mean":"0.0","_max":"0.0","_min":"0.0"}}
2025-05-31 00:29:16,068+0200 IPDMONITORING {"timestamp":"1748644156","label":"MAIL.QUEUE.NUMITEMSPROCESSEDPERMIN.VALUE","attributes":{"_value":"0.0"}}
2025-05-31 00:29:16,068+0200 IPDMONITORING {"timestamp":"1748644156","label":"MAIL.QUEUE.NUMITEMSPROCESSEDPERMIN.STATISTICS","attributes":{"_99thPercentile":"0.0","_count":"5","_mean":"0.0","_max":"0.0","_min":"0.0"}}
2025-05-31 00:29:16,068+0200 IPDMONITORING {"timestamp":"1748644156","label":"MAIL.QUEUE.NUMERRORSADDEDPERMIN.VALUE","attributes":{"_value":"0.0"}}
2025-05-31 00:29:16,068+0200 IPDMONITORING {"timestamp":"1748644156","label":"HTTP.CONNECTION.SESSIONS.ACTIVE.STATISTICS","attributes":{"_99thPercentile":"6.0","_count":"5","_mean":"2.2921829020274846","_max":"6.0","_min":"0.0"}}
2025-05-31 00:29:16,069+0200 IPDMONITORING {"timestamp":"1748644156","label":"HTTP.REQUESTS.STATISTICS","attributes":{"_99thPercentile":"3219.0","_count":"5","_mean":"1171.3503151451825","_max":"3219.0","_min":"0.0"}}
2025-05-31 00:29:16,069+0200 IPDMONITORING {"timestamp":"1748644156","label":"HOME.LOCAL.WRITE.LATENCY.INDEXWRITER.STATISTICS","attributes":{"_99thPercentile":"11.0","_count":"2","_mean":"9.265697015750023","_max":"11.0","_min":"5.0"}}
2025-05-31 00:29:16,069+0200 IPDMONITORING {"timestamp":"1748644156","label":"HTTP.CONNECTION.POOL.NUMACTIVE.VALUE","attributes":{"_value":"0.0"}}
2025-05-31 00:29:16,070+0200 IPDMONITORING {"timestamp":"1748644156","label":"HTTP.CONNECTION.SESSIONS.ACTIVE.VALUE","attributes":{"_value":"1.0"}}
2025-05-31 00:29:16,070+0200 IPDMONITORING {"timestamp":"1748644156","label":"DB.CONNECTION.STATE.VALUE","attributes":{"_value":"1.0"}}
2025-05-31 00:29:16,070+0200 IPDMONITORING {"timestamp":"1748644156","label":"HTTP.CONNECTION.POOL.NUMIDLE.VALUE","attributes":{"_value":"10.0"}}
2025-05-31 00:29:16,070+0200 IPDMONITORING {"timestamp":"1748644156","label":"HTTP.CONNECTION.POOL.NUMMAX.VALUE","attributes":{"_value":"200.0"}}
2025-05-31 00:29:16,070+0200 IPDMONITORING {"timestamp":"1748644156","label":"MAIL.QUEUE.NUMERRORS.VALUE","attributes":{"_value":"0.0"}}
2025-05-31 00:29:16,070+0200 IPDMONITORING {"timestamp":"1748644156","label":"HOME.LOCAL.WRITE.LATENCY.SYNTHETIC.VALUE","attributes":{"_value":"-1.0"}}
2025-05-31 00:29:16,070+0200 IPDMONITORING {"timestamp":"1748644156","label":"MAIL.QUEUE.NUMERRORS.STATISTICS","attributes":{"_99thPercentile":"0.0","_count":"5","_mean":"0.0","_max":"0.0","_min":"0.0"}}
2025-05-31 00:29:46,091+0200 IPDMONITORING {"timestamp":"1748644186","label":"MAIL.QUEUE.JOBRUNNING.VALUE","attributes":{"_value":"0.0"}}
2025-05-31 00:30:16,063+0200 IPDMONITORING {"timestamp":"1748644216","label":"MAIL.QUEUE.NUMITEMSADDEDPERMIN.STATISTICS","attributes":{"_99thPercentile":"0.0","_count":"6","_mean":"0.0","_max":"0.0","_min":"0.0"}}
2025-05-31 00:30:16,064+0200 IPDMONITORING {"timestamp":"1748644216","label":"HTTP.CONNECTION.SESSIONS.RECENT.VALUE","attributes":{"_value":"1.0"}}
2025-05-31 00:30:16,064+0200 IPDMONITORING {"timestamp":"1748644216","label":"DB.CONNECTION.POOL.NUMIDLE.VALUE","attributes":{"_value":"3.0"}}
2025-05-31 00:30:16,064+0200 IPDMONITORING {"timestamp":"1748644216","label":"MAIL.QUEUE.NUMEMAILSSENTPERMIN.STATISTICS","attributes":{"_99thPercentile":"0.0","_count":"6","_mean":"0.0","_max":"0.0","_min":"0.0"}}
2025-05-31 00:30:16,064+0200 IPDMONITORING {"timestamp":"1748644216","label":"MAIL.QUEUE.NUMITEMS.STATISTICS","attributes":{"_99thPercentile":"0.0","_count":"6","_mean":"0.0","_max":"0.0","_min":"0.0"}}
2025-05-31 00:30:16,064+0200 IPDMONITORING {"timestamp":"1748644216","label":"MAIL.QUEUE.NUMEMAILSSENTPERMIN.VALUE","attributes":{"_value":"0.0"}}
2025-05-31 00:30:16,064+0200 IPDMONITORING {"timestamp":"1748644216","label":"DB.CONNECTION.LATENCY.VALUE","attributes":{"_value":"1.0"}}
2025-05-31 00:30:16,064+0200 IPDMONITORING {"timestamp":"1748644216","label":"DB.CONNECTION.LATENCY.STATISTICS","attributes":{"_99thPercentile":"1.0","_count":"6","_mean":"0.894839241846346","_max":"1.0","_min":"0.0"}}
2025-05-31 00:30:16,064+0200 IPDMONITORING {"timestamp":"1748644216","label":"DB.CONNECTION.POOL.NUMIDLE.STATISTICS","attributes":{"_99thPercentile":"3.0","_count":"6","_mean":"2.993377674133566","_max":"3.0","_min":"2.0"}}
2025-05-31 00:30:16,064+0200 IPDMONITORING {"timestamp":"1748644216","label":"DB.CONNECTION.POOL.NUMACTIVE.VALUE","attributes":{"_value":"0.0"}}
2025-05-31 00:30:16,064+0200 IPDMONITORING {"timestamp":"1748644216","label":"DB.CONNECTION.FAILURES.COUNTER","attributes":{"_count":"0"}}
2025-05-31 00:30:16,064+0200 IPDMONITORING {"timestamp":"1748644216","label":"HTTP.REQUESTS.VALUE","attributes":{"_value":"0.0"}}
2025-05-31 00:30:16,065+0200 IPDMONITORING {"timestamp":"1748644216","label":"MAIL.QUEUE.NUMITEMSADDEDPERMIN.VALUE","attributes":{"_value":"0.0"}}
2025-05-31 00:30:16,065+0200 IPDMONITORING {"timestamp":"1748644216","label":"MAIL.QUEUE.NUMITEMS.VALUE","attributes":{"_value":"0.0"}}
2025-05-31 00:30:16,065+0200 IPDMONITORING {"timestamp":"1748644216","label":"MAIL.QUEUE.NUMERRORSADDEDPERMIN.STATISTICS","attributes":{"_99thPercentile":"0.0","_count":"6","_mean":"0.0","_max":"0.0","_min":"0.0"}}
2025-05-31 00:30:16,065+0200 IPDMONITORING {"timestamp":"1748644216","label":"DB.CONNECTION.POOL.NUMACTIVE.STATISTICS","attributes":{"_99thPercentile":"0.0","_count":"6","_mean":"0.0","_max":"0.0","_min":"0.0"}}
2025-05-31 00:30:16,065+0200 IPDMONITORING {"timestamp":"1748644216","label":"MAIL.QUEUE.NUMITEMSPROCESSEDPERMIN.VALUE","attributes":{"_value":"0.0"}}
2025-05-31 00:30:16,065+0200 IPDMONITORING {"timestamp":"1748644216","label":"MAIL.QUEUE.NUMITEMSPROCESSEDPERMIN.STATISTICS","attributes":{"_99thPercentile":"0.0","_count":"6","_mean":"0.0","_max":"0.0","_min":"0.0"}}
2025-05-31 00:30:16,065+0200 IPDMONITORING {"timestamp":"1748644216","label":"MAIL.QUEUE.NUMERRORSADDEDPERMIN.VALUE","attributes":{"_value":"0.0"}}
2025-05-31 00:30:16,065+0200 IPDMONITORING {"timestamp":"1748644216","label":"HTTP.CONNECTION.SESSIONS.ACTIVE.STATISTICS","attributes":{"_99thPercentile":"6.0","_count":"6","_mean":"1.5218832420355135","_max":"6.0","_min":"0.0"}}
2025-05-31 00:30:16,065+0200 IPDMONITORING {"timestamp":"1748644216","label":"HTTP.REQUESTS.STATISTICS","attributes":{"_99thPercentile":"3219.0","_count":"6","_mean":"473.08171240164415","_max":"3219.0","_min":"0.0"}}
2025-05-31 00:30:16,065+0200 IPDMONITORING {"timestamp":"1748644216","label":"HOME.LOCAL.WRITE.LATENCY.INDEXWRITER.STATISTICS","attributes":{"_99thPercentile":"11.0","_count":"2","_mean":"9.265697015750023","_max":"11.0","_min":"5.0"}}
2025-05-31 00:30:16,065+0200 IPDMONITORING {"timestamp":"1748644216","label":"HTTP.CONNECTION.POOL.NUMACTIVE.VALUE","attributes":{"_value":"0.0"}}
2025-05-31 00:30:16,065+0200 IPDMONITORING {"timestamp":"1748644216","label":"HTTP.CONNECTION.SESSIONS.ACTIVE.VALUE","attributes":{"_value":"1.0"}}
2025-05-31 00:30:16,065+0200 IPDMONITORING {"timestamp":"1748644216","label":"DB.CONNECTION.STATE.VALUE","attributes":{"_value":"1.0"}}
2025-05-31 00:30:16,065+0200 IPDMONITORING {"timestamp":"1748644216","label":"HTTP.CONNECTION.POOL.NUMIDLE.VALUE","attributes":{"_value":"10.0"}}
2025-05-31 00:30:16,065+0200 IPDMONITORING {"timestamp":"1748644216","label":"HTTP.CONNECTION.POOL.NUMMAX.VALUE","attributes":{"_value":"200.0"}}
2025-05-31 00:30:16,066+0200 IPDMONITORING {"timestamp":"1748644216","label":"MAIL.QUEUE.NUMERRORS.VALUE","attributes":{"_value":"0.0"}}
2025-05-31 00:30:16,066+0200 IPDMONITORING {"timestamp":"1748644216","label":"HOME.LOCAL.WRITE.LATENCY.SYNTHETIC.VALUE","attributes":{"_value":"-1.0"}}
2025-05-31 00:30:16,066+0200 IPDMONITORING {"timestamp":"1748644216","label":"MAIL.QUEUE.NUMERRORS.STATISTICS","attributes":{"_99thPercentile":"0.0","_count":"6","_mean":"0.0","_max":"0.0","_min":"0.0"}}
2025-05-31 00:30:46,090+0200 IPDMONITORING {"timestamp":"1748644246","label":"MAIL.QUEUE.JOBRUNNING.VALUE","attributes":{"_value":"0.0"}}
2025-05-31 00:31:16,064+0200 IPDMONITORING {"timestamp":"1748644276","label":"MAIL.QUEUE.NUMITEMSADDEDPERMIN.STATISTICS","attributes":{"_99thPercentile":"0.0","_count":"7","_mean":"0.0","_max":"0.0","_min":"0.0"}}
2025-05-31 00:31:16,065+0200 IPDMONITORING {"timestamp":"1748644276","label":"HTTP.CONNECTION.SESSIONS.RECENT.VALUE","attributes":{"_value":"1.0"}}
2025-05-31 00:31:16,065+0200 IPDMONITORING {"timestamp":"1748644276","label":"DB.CONNECTION.POOL.NUMIDLE.VALUE","attributes":{"_value":"3.0"}}
2025-05-31 00:31:16,065+0200 IPDMONITORING {"timestamp":"1748644276","label":"MAIL.QUEUE.NUMEMAILSSENTPERMIN.STATISTICS","attributes":{"_99thPercentile":"0.0","_count":"7","_mean":"0.0","_max":"0.0","_min":"0.0"}}
2025-05-31 00:31:16,065+0200 IPDMONITORING {"timestamp":"1748644276","label":"MAIL.QUEUE.NUMITEMS.STATISTICS","attributes":{"_99thPercentile":"0.0","_count":"7","_mean":"0.0","_max":"0.0","_min":"0.0"}}
2025-05-31 00:31:16,066+0200 IPDMONITORING {"timestamp":"1748644276","label":"MAIL.QUEUE.NUMEMAILSSENTPERMIN.VALUE","attributes":{"_value":"0.0"}}
2025-05-31 00:31:16,066+0200 IPDMONITORING {"timestamp":"1748644276","label":"DB.CONNECTION.LATENCY.VALUE","attributes":{"_value":"0.0"}}
2025-05-31 00:31:16,066+0200 IPDMONITORING {"timestamp":"1748644276","label":"DB.CONNECTION.LATENCY.STATISTICS","attributes":{"_99thPercentile":"1.0","_count":"7","_mean":"0.36283756886652435","_max":"1.0","_min":"0.0"}}
2025-05-31 00:31:16,066+0200 IPDMONITORING {"timestamp":"1748644276","label":"DB.CONNECTION.POOL.NUMIDLE.STATISTICS","attributes":{"_99thPercentile":"3.0","_count":"7","_mean":"2.9973147929759305","_max":"3.0","_min":"2.0"}}
2025-05-31 00:31:16,066+0200 IPDMONITORING {"timestamp":"1748644276","label":"DB.CONNECTION.POOL.NUMACTIVE.VALUE","attributes":{"_value":"0.0"}}
2025-05-31 00:31:16,066+0200 IPDMONITORING {"timestamp":"1748644276","label":"DB.CONNECTION.FAILURES.COUNTER","attributes":{"_count":"0"}}
2025-05-31 00:31:16,066+0200 IPDMONITORING {"timestamp":"1748644276","label":"HTTP.REQUESTS.VALUE","attributes":{"_value":"0.0"}}
2025-05-31 00:31:16,066+0200 IPDMONITORING {"timestamp":"1748644276","label":"MAIL.QUEUE.NUMITEMSADDEDPERMIN.VALUE","attributes":{"_value":"0.0"}}
2025-05-31 00:31:16,066+0200 IPDMONITORING {"timestamp":"1748644276","label":"MAIL.QUEUE.NUMITEMS.VALUE","attributes":{"_value":"0.0"}}
2025-05-31 00:31:16,066+0200 IPDMONITORING {"timestamp":"1748644276","label":"MAIL.QUEUE.NUMERRORSADDEDPERMIN.STATISTICS","attributes":{"_99thPercentile":"0.0","_count":"7","_mean":"0.0","_max":"0.0","_min":"0.0"}}
2025-05-31 00:31:16,066+0200 IPDMONITORING {"timestamp":"1748644276","label":"DB.CONNECTION.POOL.NUMACTIVE.STATISTICS","attributes":{"_99thPercentile":"0.0","_count":"7","_mean":"0.0","_max":"0.0","_min":"0.0"}}
2025-05-31 00:31:16,066+0200 IPDMONITORING {"timestamp":"1748644276","label":"MAIL.QUEUE.NUMITEMSPROCESSEDPERMIN.VALUE","attributes":{"_value":"0.0"}}
2025-05-31 00:31:16,066+0200 IPDMONITORING {"timestamp":"1748644276","label":"MAIL.QUEUE.NUMITEMSPROCESSEDPERMIN.STATISTICS","attributes":{"_99thPercentile":"0.0","_count":"7","_mean":"0.0","_max":"0.0","_min":"0.0"}}
2025-05-31 00:31:16,066+0200 IPDMONITORING {"timestamp":"1748644276","label":"MAIL.QUEUE.NUMERRORSADDEDPERMIN.VALUE","attributes":{"_value":"0.0"}}
2025-05-31 00:31:16,067+0200 IPDMONITORING {"timestamp":"1748644276","label":"HTTP.CONNECTION.SESSIONS.ACTIVE.STATISTICS","attributes":{"_99thPercentile":"6.0","_count":"7","_mean":"1.2116121398315483","_max":"6.0","_min":"0.0"}}
2025-05-31 00:31:16,067+0200 IPDMONITORING {"timestamp":"1748644276","label":"HTTP.REQUESTS.STATISTICS","attributes":{"_99thPercentile":"3219.0","_count":"7","_mean":"191.824196320281","_max":"3219.0","_min":"0.0"}}
2025-05-31 00:31:16,067+0200 IPDMONITORING {"timestamp":"1748644276","label":"HOME.LOCAL.WRITE.LATENCY.INDEXWRITER.STATISTICS","attributes":{"_99thPercentile":"11.0","_count":"2","_mean":"9.265697015750023","_max":"11.0","_min":"5.0"}}
2025-05-31 00:31:16,067+0200 IPDMONITORING {"timestamp":"1748644276","label":"HTTP.CONNECTION.POOL.NUMACTIVE.VALUE","attributes":{"_value":"0.0"}}
2025-05-31 00:31:16,067+0200 IPDMONITORING {"timestamp":"1748644276","label":"HTTP.CONNECTION.SESSIONS.ACTIVE.VALUE","attributes":{"_value":"1.0"}}
2025-05-31 00:31:16,067+0200 IPDMONITORING {"timestamp":"1748644276","label":"DB.CONNECTION.STATE.VALUE","attributes":{"_value":"1.0"}}
2025-05-31 00:31:16,067+0200 IPDMONITORING {"timestamp":"1748644276","label":"HTTP.CONNECTION.POOL.NUMIDLE.VALUE","attributes":{"_value":"10.0"}}
2025-05-31 00:31:16,067+0200 IPDMONITORING {"timestamp":"1748644276","label":"HTTP.CONNECTION.POOL.NUMMAX.VALUE","attributes":{"_value":"200.0"}}
2025-05-31 00:31:16,067+0200 IPDMONITORING {"timestamp":"1748644276","label":"MAIL.QUEUE.NUMERRORS.VALUE","attributes":{"_value":"0.0"}}
2025-05-31 00:31:16,067+0200 IPDMONITORING {"timestamp":"1748644276","label":"HOME.LOCAL.WRITE.LATENCY.SYNTHETIC.VALUE","attributes":{"_value":"-1.0"}}
2025-05-31 00:31:16,067+0200 IPDMONITORING {"timestamp":"1748644276","label":"MAIL.QUEUE.NUMERRORS.STATISTICS","attributes":{"_99thPercentile":"0.0","_count":"7","_mean":"0.0","_max":"0.0","_min":"0.0"}}
2025-05-31 00:31:46,096+0200 IPDMONITORING {"timestamp":"1748644306","label":"MAIL.QUEUE.JOBRUNNING.VALUE","attributes":{"_value":"0.0"}}
2025-05-31 00:32:16,065+0200 IPDMONITORING {"timestamp":"1748644336","label":"MAIL.QUEUE.NUMITEMSADDEDPERMIN.STATISTICS","attributes":{"_99thPercentile":"0.0","_count":"8","_mean":"0.0","_max":"0.0","_min":"0.0"}}
2025-05-31 00:32:16,066+0200 IPDMONITORING {"timestamp":"1748644336","label":"HTTP.CONNECTION.SESSIONS.RECENT.VALUE","attributes":{"_value":"1.0"}}
2025-05-31 00:32:16,066+0200 IPDMONITORING {"timestamp":"1748644336","label":"DB.CONNECTION.POOL.NUMIDLE.VALUE","attributes":{"_value":"3.0"}}
2025-05-31 00:32:16,066+0200 IPDMONITORING {"timestamp":"1748644336","label":"MAIL.QUEUE.NUMEMAILSSENTPERMIN.STATISTICS","attributes":{"_99thPercentile":"0.0","_count":"8","_mean":"0.0","_max":"0.0","_min":"0.0"}}
2025-05-31 00:32:16,066+0200 IPDMONITORING {"timestamp":"1748644336","label":"MAIL.QUEUE.NUMITEMS.STATISTICS","attributes":{"_99thPercentile":"0.0","_count":"8","_mean":"0.0","_max":"0.0","_min":"0.0"}}
2025-05-31 00:32:16,066+0200 IPDMONITORING {"timestamp":"1748644336","label":"MAIL.QUEUE.NUMEMAILSSENTPERMIN.VALUE","attributes":{"_value":"0.0"}}
2025-05-31 00:32:16,066+0200 IPDMONITORING {"timestamp":"1748644336","label":"DB.CONNECTION.LATENCY.VALUE","attributes":{"_value":"1.0"}}
2025-05-31 00:32:16,067+0200 IPDMONITORING {"timestamp":"1748644336","label":"DB.CONNECTION.LATENCY.STATISTICS","attributes":{"_99thPercentile":"1.0","_count":"8","_mean":"0.741231590781306","_max":"1.0","_min":"0.0"}}
2025-05-31 00:32:16,067+0200 IPDMONITORING {"timestamp":"1748644336","label":"DB.CONNECTION.POOL.NUMIDLE.STATISTICS","attributes":{"_99thPercentile":"3.0","_count":"8","_mean":"2.9989094668547773","_max":"3.0","_min":"2.0"}}
2025-05-31 00:32:16,067+0200 IPDMONITORING {"timestamp":"1748644336","label":"DB.CONNECTION.POOL.NUMACTIVE.VALUE","attributes":{"_value":"0.0"}}
2025-05-31 00:32:16,067+0200 IPDMONITORING {"timestamp":"1748644336","label":"DB.CONNECTION.FAILURES.COUNTER","attributes":{"_count":"0"}}
2025-05-31 00:32:16,067+0200 IPDMONITORING {"timestamp":"1748644336","label":"HTTP.REQUESTS.VALUE","attributes":{"_value":"0.0"}}
2025-05-31 00:32:16,067+0200 IPDMONITORING {"timestamp":"1748644336","label":"MAIL.QUEUE.NUMITEMSADDEDPERMIN.VALUE","attributes":{"_value":"0.0"}}
2025-05-31 00:32:16,067+0200 IPDMONITORING {"timestamp":"1748644336","label":"MAIL.QUEUE.NUMITEMS.VALUE","attributes":{"_value":"0.0"}}
2025-05-31 00:32:16,067+0200 IPDMONITORING {"timestamp":"1748644336","label":"MAIL.QUEUE.NUMERRORSADDEDPERMIN.STATISTICS","attributes":{"_99thPercentile":"0.0","_count":"8","_mean":"0.0","_max":"0.0","_min":"0.0"}}
2025-05-31 00:32:16,067+0200 IPDMONITORING {"timestamp":"1748644336","label":"DB.CONNECTION.POOL.NUMACTIVE.STATISTICS","attributes":{"_99thPercentile":"0.0","_count":"8","_mean":"0.0","_max":"0.0","_min":"0.0"}}
2025-05-31 00:32:16,067+0200 IPDMONITORING {"timestamp":"1748644336","label":"MAIL.QUEUE.NUMITEMSPROCESSEDPERMIN.VALUE","attributes":{"_value":"0.0"}}
2025-05-31 00:32:16,067+0200 IPDMONITORING {"timestamp":"1748644336","label":"MAIL.QUEUE.NUMITEMSPROCESSEDPERMIN.STATISTICS","attributes":{"_99thPercentile":"0.0","_count":"8","_mean":"0.0","_max":"0.0","_min":"0.0"}}
2025-05-31 00:32:16,067+0200 IPDMONITORING {"timestamp":"1748644336","label":"MAIL.QUEUE.NUMERRORSADDEDPERMIN.VALUE","attributes":{"_value":"0.0"}}
2025-05-31 00:32:16,067+0200 IPDMONITORING {"timestamp":"1748644336","label":"HTTP.CONNECTION.SESSIONS.ACTIVE.STATISTICS","attributes":{"_99thPercentile":"4.0","_count":"8","_mean":"1.0859412515866027","_max":"6.0","_min":"0.0"}}
2025-05-31 00:32:16,068+0200 IPDMONITORING {"timestamp":"1748644336","label":"HTTP.REQUESTS.STATISTICS","attributes":{"_99thPercentile":"3219.0","_count":"8","_mean":"77.90484765894043","_max":"3219.0","_min":"0.0"}}
2025-05-31 00:32:16,068+0200 IPDMONITORING {"timestamp":"1748644336","label":"HOME.LOCAL.WRITE.LATENCY.INDEXWRITER.STATISTICS","attributes":{"_99thPercentile":"11.0","_count":"2","_mean":"9.265697015750023","_max":"11.0","_min":"5.0"}}
2025-05-31 00:32:16,068+0200 IPDMONITORING {"timestamp":"1748644336","label":"HTTP.CONNECTION.POOL.NUMACTIVE.VALUE","attributes":{"_value":"0.0"}}
2025-05-31 00:32:16,068+0200 IPDMONITORING {"timestamp":"1748644336","label":"HTTP.CONNECTION.SESSIONS.ACTIVE.VALUE","attributes":{"_value":"1.0"}}
2025-05-31 00:32:16,068+0200 IPDMONITORING {"timestamp":"1748644336","label":"DB.CONNECTION.STATE.VALUE","attributes":{"_value":"1.0"}}
2025-05-31 00:32:16,068+0200 IPDMONITORING {"timestamp":"1748644336","label":"HTTP.CONNECTION.POOL.NUMIDLE.VALUE","attributes":{"_value":"10.0"}}
2025-05-31 00:32:16,068+0200 IPDMONITORING {"timestamp":"1748644336","label":"HTTP.CONNECTION.POOL.NUMMAX.VALUE","attributes":{"_value":"200.0"}}
2025-05-31 00:32:16,068+0200 IPDMONITORING {"timestamp":"1748644336","label":"MAIL.QUEUE.NUMERRORS.VALUE","attributes":{"_value":"0.0"}}
2025-05-31 00:32:16,068+0200 IPDMONITORING {"timestamp":"1748644336","label":"HOME.LOCAL.WRITE.LATENCY.SYNTHETIC.VALUE","attributes":{"_value":"-1.0"}}
2025-05-31 00:32:16,068+0200 IPDMONITORING {"timestamp":"1748644336","label":"MAIL.QUEUE.NUMERRORS.STATISTICS","attributes":{"_99thPercentile":"0.0","_count":"8","_mean":"0.0","_max":"0.0","_min":"0.0"}}
2025-05-31 00:32:46,092+0200 IPDMONITORING {"timestamp":"1748644366","label":"MAIL.QUEUE.JOBRUNNING.VALUE","attributes":{"_value":"0.0"}}
2025-05-31 00:33:16,065+0200 IPDMONITORING {"timestamp":"1748644396","label":"MAIL.QUEUE.NUMITEMSADDEDPERMIN.STATISTICS","attributes":{"_99thPercentile":"0.0","_count":"9","_mean":"0.0","_max":"0.0","_min":"0.0"}}
2025-05-31 00:33:16,066+0200 IPDMONITORING {"timestamp":"1748644396","label":"HTTP.CONNECTION.SESSIONS.RECENT.VALUE","attributes":{"_value":"1.0"}}
2025-05-31 00:33:16,066+0200 IPDMONITORING {"timestamp":"1748644396","label":"DB.CONNECTION.POOL.NUMIDLE.VALUE","attributes":{"_value":"2.0"}}
2025-05-31 00:33:16,066+0200 IPDMONITORING {"timestamp":"1748644396","label":"MAIL.QUEUE.NUMEMAILSSENTPERMIN.STATISTICS","attributes":{"_99thPercentile":"0.0","_count":"9","_mean":"0.0","_max":"0.0","_min":"0.0"}}
2025-05-31 00:33:16,066+0200 IPDMONITORING {"timestamp":"1748644396","label":"MAIL.QUEUE.NUMITEMS.STATISTICS","attributes":{"_99thPercentile":"0.0","_count":"9","_mean":"0.0","_max":"0.0","_min":"0.0"}}
2025-05-31 00:33:16,066+0200 IPDMONITORING {"timestamp":"1748644396","label":"MAIL.QUEUE.NUMEMAILSSENTPERMIN.VALUE","attributes":{"_value":"0.0"}}
2025-05-31 00:33:16,066+0200 IPDMONITORING {"timestamp":"1748644396","label":"DB.CONNECTION.LATENCY.VALUE","attributes":{"_value":"0.0"}}
2025-05-31 00:33:16,067+0200 IPDMONITORING {"timestamp":"1748644396","label":"DB.CONNECTION.LATENCY.STATISTICS","attributes":{"_99thPercentile":"1.0","_count":"9","_mean":"0.3012287175600489","_max":"1.0","_min":"0.0"}}
2025-05-31 00:33:16,067+0200 IPDMONITORING {"timestamp":"1748644396","label":"DB.CONNECTION.POOL.NUMIDLE.STATISTICS","attributes":{"_99thPercentile":"3.0","_count":"9","_mean":"2.405946294520567","_max":"3.0","_min":"2.0"}}
2025-05-31 00:33:16,067+0200 IPDMONITORING {"timestamp":"1748644396","label":"DB.CONNECTION.POOL.NUMACTIVE.VALUE","attributes":{"_value":"1.0"}}
2025-05-31 00:33:16,067+0200 IPDMONITORING {"timestamp":"1748644396","label":"DB.CONNECTION.FAILURES.COUNTER","attributes":{"_count":"0"}}
2025-05-31 00:33:16,067+0200 IPDMONITORING {"timestamp":"1748644396","label":"HTTP.REQUESTS.VALUE","attributes":{"_value":"0.0"}}
2025-05-31 00:33:16,067+0200 IPDMONITORING {"timestamp":"1748644396","label":"MAIL.QUEUE.NUMITEMSADDEDPERMIN.VALUE","attributes":{"_value":"0.0"}}
2025-05-31 00:33:16,067+0200 IPDMONITORING {"timestamp":"1748644396","label":"MAIL.QUEUE.NUMITEMS.VALUE","attributes":{"_value":"0.0"}}
2025-05-31 00:33:16,067+0200 IPDMONITORING {"timestamp":"1748644396","label":"MAIL.QUEUE.NUMERRORSADDEDPERMIN.STATISTICS","attributes":{"_99thPercentile":"0.0","_count":"9","_mean":"0.0","_max":"0.0","_min":"0.0"}}
2025-05-31 00:33:16,067+0200 IPDMONITORING {"timestamp":"1748644396","label":"DB.CONNECTION.POOL.NUMACTIVE.STATISTICS","attributes":{"_99thPercentile":"1.0","_count":"9","_mean":"0.5936105242862972","_max":"1.0","_min":"0.0"}}
2025-05-31 00:33:16,067+0200 IPDMONITORING {"timestamp":"1748644396","label":"MAIL.QUEUE.NUMITEMSPROCESSEDPERMIN.VALUE","attributes":{"_value":"0.0"}}
2025-05-31 00:33:16,067+0200 IPDMONITORING {"timestamp":"1748644396","label":"MAIL.QUEUE.NUMITEMSPROCESSEDPERMIN.STATISTICS","attributes":{"_99thPercentile":"0.0","_count":"9","_mean":"0.0","_max":"0.0","_min":"0.0"}}
2025-05-31 00:33:16,067+0200 IPDMONITORING {"timestamp":"1748644396","label":"MAIL.QUEUE.NUMERRORSADDEDPERMIN.VALUE","attributes":{"_value":"0.0"}}
2025-05-31 00:33:16,067+0200 IPDMONITORING {"timestamp":"1748644396","label":"HTTP.CONNECTION.SESSIONS.ACTIVE.STATISTICS","attributes":{"_99thPercentile":"3.0","_count":"9","_mean":"1.034925620174459","_max":"6.0","_min":"0.0"}}
2025-05-31 00:33:16,067+0200 IPDMONITORING {"timestamp":"1748644396","label":"HTTP.REQUESTS.STATISTICS","attributes":{"_99thPercentile":"1653.0","_count":"9","_mean":"31.65971019567269","_max":"3219.0","_min":"0.0"}}
2025-05-31 00:33:16,068+0200 IPDMONITORING {"timestamp":"1748644396","label":"HOME.LOCAL.WRITE.LATENCY.INDEXWRITER.STATISTICS","attributes":{"_99thPercentile":"11.0","_count":"2","_mean":"9.265697015750023","_max":"11.0","_min":"5.0"}}
2025-05-31 00:33:16,068+0200 IPDMONITORING {"timestamp":"1748644396","label":"HTTP.CONNECTION.POOL.NUMACTIVE.VALUE","attributes":{"_value":"0.0"}}
2025-05-31 00:33:16,068+0200 IPDMONITORING {"timestamp":"1748644396","label":"HTTP.CONNECTION.SESSIONS.ACTIVE.VALUE","attributes":{"_value":"1.0"}}
2025-05-31 00:33:16,068+0200 IPDMONITORING {"timestamp":"1748644396","label":"DB.CONNECTION.STATE.VALUE","attributes":{"_value":"1.0"}}
2025-05-31 00:33:16,068+0200 IPDMONITORING {"timestamp":"1748644396","label":"HTTP.CONNECTION.POOL.NUMIDLE.VALUE","attributes":{"_value":"10.0"}}
2025-05-31 00:33:16,068+0200 IPDMONITORING {"timestamp":"1748644396","label":"HTTP.CONNECTION.POOL.NUMMAX.VALUE","attributes":{"_value":"200.0"}}
2025-05-31 00:33:16,068+0200 IPDMONITORING {"timestamp":"1748644396","label":"MAIL.QUEUE.NUMERRORS.VALUE","attributes":{"_value":"0.0"}}
2025-05-31 00:33:16,068+0200 IPDMONITORING {"timestamp":"1748644396","label":"HOME.LOCAL.WRITE.LATENCY.SYNTHETIC.VALUE","attributes":{"_value":"-1.0"}}
2025-05-31 00:33:16,068+0200 IPDMONITORING {"timestamp":"1748644396","label":"MAIL.QUEUE.NUMERRORS.STATISTICS","attributes":{"_99thPercentile":"0.0","_count":"9","_mean":"0.0","_max":"0.0","_min":"0.0"}}
2025-05-31 00:33:46,094+0200 IPDMONITORING {"timestamp":"1748644426","label":"MAIL.QUEUE.JOBRUNNING.VALUE","attributes":{"_value":"0.0"}}
2025-05-31 00:34:16,064+0200 IPDMONITORING {"timestamp":"1748644456","label":"MAIL.QUEUE.NUMITEMSADDEDPERMIN.STATISTICS","attributes":{"_99thPercentile":"0.0","_count":"10","_mean":"0.0","_max":"0.0","_min":"0.0"}}
2025-05-31 00:34:16,065+0200 IPDMONITORING {"timestamp":"1748644456","label":"HTTP.CONNECTION.SESSIONS.RECENT.VALUE","attributes":{"_value":"1.0"}}
2025-05-31 00:34:16,065+0200 IPDMONITORING {"timestamp":"1748644456","label":"DB.CONNECTION.POOL.NUMIDLE.VALUE","attributes":{"_value":"3.0"}}
2025-05-31 00:34:16,065+0200 IPDMONITORING {"timestamp":"1748644456","label":"MAIL.QUEUE.NUMEMAILSSENTPERMIN.STATISTICS","attributes":{"_99thPercentile":"0.0","_count":"10","_mean":"0.0","_max":"0.0","_min":"0.0"}}
2025-05-31 00:34:16,065+0200 IPDMONITORING {"timestamp":"1748644456","label":"MAIL.QUEUE.NUMITEMS.STATISTICS","attributes":{"_99thPercentile":"0.0","_count":"10","_mean":"0.0","_max":"0.0","_min":"0.0"}}
2025-05-31 00:34:16,065+0200 IPDMONITORING {"timestamp":"1748644456","label":"MAIL.QUEUE.NUMEMAILSSENTPERMIN.VALUE","attributes":{"_value":"0.0"}}
2025-05-31 00:34:16,065+0200 IPDMONITORING {"timestamp":"1748644456","label":"DB.CONNECTION.LATENCY.VALUE","attributes":{"_value":"0.0"}}
2025-05-31 00:34:16,066+0200 IPDMONITORING {"timestamp":"1748644456","label":"DB.CONNECTION.LATENCY.STATISTICS","attributes":{"_99thPercentile":"1.0","_count":"10","_mean":"0.12244839395777576","_max":"1.0","_min":"0.0"}}
2025-05-31 00:34:16,066+0200 IPDMONITORING {"timestamp":"1748644456","label":"DB.CONNECTION.POOL.NUMIDLE.STATISTICS","attributes":{"_99thPercentile":"3.0","_count":"10","_mean":"2.758519298060878","_max":"3.0","_min":"2.0"}}
2025-05-31 00:34:16,066+0200 IPDMONITORING {"timestamp":"1748644456","label":"DB.CONNECTION.POOL.NUMACTIVE.VALUE","attributes":{"_value":"0.0"}}
2025-05-31 00:34:16,066+0200 IPDMONITORING {"timestamp":"1748644456","label":"DB.CONNECTION.FAILURES.COUNTER","attributes":{"_count":"0"}}
2025-05-31 00:34:16,066+0200 IPDMONITORING {"timestamp":"1748644456","label":"HTTP.REQUESTS.VALUE","attributes":{"_value":"0.0"}}
2025-05-31 00:34:16,066+0200 IPDMONITORING {"timestamp":"1748644456","label":"MAIL.QUEUE.NUMITEMSADDEDPERMIN.VALUE","attributes":{"_value":"0.0"}}
2025-05-31 00:34:16,066+0200 IPDMONITORING {"timestamp":"1748644456","label":"MAIL.QUEUE.NUMITEMS.VALUE","attributes":{"_value":"0.0"}}
2025-05-31 00:34:16,066+0200 IPDMONITORING {"timestamp":"1748644456","label":"MAIL.QUEUE.NUMERRORSADDEDPERMIN.STATISTICS","attributes":{"_99thPercentile":"0.0","_count":"10","_mean":"0.0","_max":"0.0","_min":"0.0"}}
2025-05-31 00:34:16,066+0200 IPDMONITORING {"timestamp":"1748644456","label":"DB.CONNECTION.POOL.NUMACTIVE.STATISTICS","attributes":{"_99thPercentile":"1.0","_count":"10","_mean":"0.24130055037266002","_max":"1.0","_min":"0.0"}}
2025-05-31 00:34:16,066+0200 IPDMONITORING {"timestamp":"1748644456","label":"MAIL.QUEUE.NUMITEMSPROCESSEDPERMIN.VALUE","attributes":{"_value":"0.0"}}
2025-05-31 00:34:16,066+0200 IPDMONITORING {"timestamp":"1748644456","label":"MAIL.QUEUE.NUMITEMSPROCESSEDPERMIN.STATISTICS","attributes":{"_99thPercentile":"0.0","_count":"10","_mean":"0.0","_max":"0.0","_min":"0.0"}}
2025-05-31 00:34:16,066+0200 IPDMONITORING {"timestamp":"1748644456","label":"MAIL.QUEUE.NUMERRORSADDEDPERMIN.VALUE","attributes":{"_value":"0.0"}}
2025-05-31 00:34:16,066+0200 IPDMONITORING {"timestamp":"1748644456","label":"HTTP.CONNECTION.SESSIONS.ACTIVE.STATISTICS","attributes":{"_99thPercentile":"1.0","_count":"10","_mean":"1.0141971394128093","_max":"6.0","_min":"0.0"}}
2025-05-31 00:34:16,066+0200 IPDMONITORING {"timestamp":"1748644456","label":"HTTP.REQUESTS.STATISTICS","attributes":{"_99thPercentile":"0.0","_count":"10","_mean":"12.869558712827363","_max":"3219.0","_min":"0.0"}}
2025-05-31 00:34:16,066+0200 IPDMONITORING {"timestamp":"1748644456","label":"HOME.LOCAL.WRITE.LATENCY.INDEXWRITER.STATISTICS","attributes":{"_99thPercentile":"11.0","_count":"2","_mean":"9.265697015750023","_max":"11.0","_min":"5.0"}}
2025-05-31 00:34:16,066+0200 IPDMONITORING {"timestamp":"1748644456","label":"HTTP.CONNECTION.POOL.NUMACTIVE.VALUE","attributes":{"_value":"0.0"}}
2025-05-31 00:34:16,067+0200 IPDMONITORING {"timestamp":"1748644456","label":"HTTP.CONNECTION.SESSIONS.ACTIVE.VALUE","attributes":{"_value":"1.0"}}
2025-05-31 00:34:16,067+0200 IPDMONITORING {"timestamp":"1748644456","label":"DB.CONNECTION.STATE.VALUE","attributes":{"_value":"1.0"}}
2025-05-31 00:34:16,067+0200 IPDMONITORING {"timestamp":"1748644456","label":"HTTP.CONNECTION.POOL.NUMIDLE.VALUE","attributes":{"_value":"10.0"}}
2025-05-31 00:34:16,067+0200 IPDMONITORING {"timestamp":"1748644456","label":"HTTP.CONNECTION.POOL.NUMMAX.VALUE","attributes":{"_value":"200.0"}}
2025-05-31 00:34:16,067+0200 IPDMONITORING {"timestamp":"1748644456","label":"MAIL.QUEUE.NUMERRORS.VALUE","attributes":{"_value":"0.0"}}
2025-05-31 00:34:16,067+0200 IPDMONITORING {"timestamp":"1748644456","label":"HOME.LOCAL.WRITE.LATENCY.SYNTHETIC.VALUE","attributes":{"_value":"-1.0"}}
2025-05-31 00:34:16,067+0200 IPDMONITORING {"timestamp":"1748644456","label":"MAIL.QUEUE.NUMERRORS.STATISTICS","attributes":{"_99thPercentile":"0.0","_count":"10","_mean":"0.0","_max":"0.0","_min":"0.0"}}
2025-05-31 00:34:46,095+0200 IPDMONITORING {"timestamp":"1748644486","label":"MAIL.QUEUE.JOBRUNNING.VALUE","attributes":{"_value":"0.0"}}
2025-05-31 00:35:16,068+0200 IPDMONITORING {"timestamp":"1748644516","label":"MAIL.QUEUE.NUMITEMSADDEDPERMIN.STATISTICS","attributes":{"_99thPercentile":"0.0","_count":"11","_mean":"0.0","_max":"0.0","_min":"0.0"}}
2025-05-31 00:35:16,069+0200 IPDMONITORING {"timestamp":"1748644516","label":"HTTP.CONNECTION.SESSIONS.RECENT.VALUE","attributes":{"_value":"1.0"}}
2025-05-31 00:35:16,069+0200 IPDMONITORING {"timestamp":"1748644516","label":"DB.CONNECTION.POOL.NUMIDLE.VALUE","attributes":{"_value":"2.0"}}
2025-05-31 00:35:16,070+0200 IPDMONITORING {"timestamp":"1748644516","label":"MAIL.QUEUE.NUMEMAILSSENTPERMIN.STATISTICS","attributes":{"_99thPercentile":"0.0","_count":"11","_mean":"0.0","_max":"0.0","_min":"0.0"}}
2025-05-31 00:35:16,070+0200 IPDMONITORING {"timestamp":"1748644516","label":"MAIL.QUEUE.NUMITEMS.STATISTICS","attributes":{"_99thPercentile":"0.0","_count":"11","_mean":"0.0","_max":"0.0","_min":"0.0"}}
2025-05-31 00:35:16,070+0200 IPDMONITORING {"timestamp":"1748644516","label":"MAIL.QUEUE.NUMEMAILSSENTPERMIN.VALUE","attributes":{"_value":"0.0"}}
2025-05-31 00:35:16,070+0200 IPDMONITORING {"timestamp":"1748644516","label":"DB.CONNECTION.LATENCY.VALUE","attributes":{"_value":"1.0"}}
2025-05-31 00:35:16,070+0200 IPDMONITORING {"timestamp":"1748644516","label":"DB.CONNECTION.LATENCY.STATISTICS","attributes":{"_99thPercentile":"1.0","_count":"11","_mean":"0.6432402726935297","_max":"1.0","_min":"0.0"}}
2025-05-31 00:35:16,070+0200 IPDMONITORING {"timestamp":"1748644516","label":"DB.CONNECTION.POOL.NUMIDLE.STATISTICS","attributes":{"_99thPercentile":"3.0","_count":"11","_mean":"2.308368346738429","_max":"3.0","_min":"2.0"}}
2025-05-31 00:35:16,070+0200 IPDMONITORING {"timestamp":"1748644516","label":"DB.CONNECTION.POOL.NUMACTIVE.VALUE","attributes":{"_value":"1.0"}}
2025-05-31 00:35:16,070+0200 IPDMONITORING {"timestamp":"1748644516","label":"DB.CONNECTION.FAILURES.COUNTER","attributes":{"_count":"0"}}
2025-05-31 00:35:16,070+0200 IPDMONITORING {"timestamp":"1748644516","label":"HTTP.REQUESTS.VALUE","attributes":{"_value":"0.0"}}
2025-05-31 00:35:16,070+0200 IPDMONITORING {"timestamp":"1748644516","label":"MAIL.QUEUE.NUMITEMSADDEDPERMIN.VALUE","attributes":{"_value":"0.0"}}
2025-05-31 00:35:16,071+0200 IPDMONITORING {"timestamp":"1748644516","label":"MAIL.QUEUE.NUMITEMS.VALUE","attributes":{"_value":"0.0"}}
2025-05-31 00:35:16,071+0200 IPDMONITORING {"timestamp":"1748644516","label":"MAIL.QUEUE.NUMERRORSADDEDPERMIN.STATISTICS","attributes":{"_99thPercentile":"0.0","_count":"11","_mean":"0.0","_max":"0.0","_min":"0.0"}}
2025-05-31 00:35:16,071+0200 IPDMONITORING {"timestamp":"1748644516","label":"DB.CONNECTION.POOL.NUMACTIVE.STATISTICS","attributes":{"_99thPercentile":"1.0","_count":"11","_mean":"0.6915584144648067","_max":"1.0","_min":"0.0"}}
2025-05-31 00:35:16,071+0200 IPDMONITORING {"timestamp":"1748644516","label":"MAIL.QUEUE.NUMITEMSPROCESSEDPERMIN.VALUE","attributes":{"_value":"0.0"}}
2025-05-31 00:35:16,071+0200 IPDMONITORING {"timestamp":"1748644516","label":"MAIL.QUEUE.NUMITEMSPROCESSEDPERMIN.STATISTICS","attributes":{"_99thPercentile":"0.0","_count":"11","_mean":"0.0","_max":"0.0","_min":"0.0"}}
2025-05-31 00:35:16,071+0200 IPDMONITORING {"timestamp":"1748644516","label":"MAIL.QUEUE.NUMERRORSADDEDPERMIN.VALUE","attributes":{"_value":"0.0"}}
2025-05-31 00:35:16,071+0200 IPDMONITORING {"timestamp":"1748644516","label":"HTTP.CONNECTION.SESSIONS.ACTIVE.STATISTICS","attributes":{"_99thPercentile":"1.0","_count":"11","_mean":"1.0057717033967823","_max":"6.0","_min":"0.0"}}
2025-05-31 00:35:16,071+0200 IPDMONITORING {"timestamp":"1748644516","label":"HTTP.REQUESTS.STATISTICS","attributes":{"_99thPercentile":"0.0","_count":"11","_mean":"5.231988894248554","_max":"3219.0","_min":"0.0"}}
2025-05-31 00:35:16,071+0200 IPDMONITORING {"timestamp":"1748644516","label":"HOME.LOCAL.WRITE.LATENCY.INDEXWRITER.STATISTICS","attributes":{"_99thPercentile":"11.0","_count":"2","_mean":"9.265697015750023","_max":"11.0","_min":"5.0"}}
2025-05-31 00:35:16,071+0200 IPDMONITORING {"timestamp":"1748644516","label":"HTTP.CONNECTION.POOL.NUMACTIVE.VALUE","attributes":{"_value":"0.0"}}
2025-05-31 00:35:16,071+0200 IPDMONITORING {"timestamp":"1748644516","label":"HTTP.CONNECTION.SESSIONS.ACTIVE.VALUE","attributes":{"_value":"1.0"}}
2025-05-31 00:35:16,071+0200 IPDMONITORING {"timestamp":"1748644516","label":"DB.CONNECTION.STATE.VALUE","attributes":{"_value":"1.0"}}
2025-05-31 00:35:16,072+0200 IPDMONITORING {"timestamp":"1748644516","label":"HTTP.CONNECTION.POOL.NUMIDLE.VALUE","attributes":{"_value":"10.0"}}
2025-05-31 00:35:16,072+0200 IPDMONITORING {"timestamp":"1748644516","label":"HTTP.CONNECTION.POOL.NUMMAX.VALUE","attributes":{"_value":"200.0"}}
2025-05-31 00:35:16,072+0200 IPDMONITORING {"timestamp":"1748644516","label":"MAIL.QUEUE.NUMERRORS.VALUE","attributes":{"_value":"0.0"}}
2025-05-31 00:35:16,072+0200 IPDMONITORING {"timestamp":"1748644516","label":"HOME.LOCAL.WRITE.LATENCY.SYNTHETIC.VALUE","attributes":{"_value":"-1.0"}}
2025-05-31 00:35:16,072+0200 IPDMONITORING {"timestamp":"1748644516","label":"MAIL.QUEUE.NUMERRORS.STATISTICS","attributes":{"_99thPercentile":"0.0","_count":"11","_mean":"0.0","_max":"0.0","_min":"0.0"}}
2025-05-31 00:35:46,093+0200 IPDMONITORING {"timestamp":"1748644546","label":"MAIL.QUEUE.JOBRUNNING.VALUE","attributes":{"_value":"0.0"}}
2025-05-31 00:36:16,068+0200 IPDMONITORING {"timestamp":"1748644576","label":"MAIL.QUEUE.NUMITEMSADDEDPERMIN.STATISTICS","attributes":{"_99thPercentile":"0.0","_count":"12","_mean":"0.0","_max":"0.0","_min":"0.0"}}
2025-05-31 00:36:16,069+0200 IPDMONITORING {"timestamp":"1748644576","label":"HTTP.CONNECTION.SESSIONS.RECENT.VALUE","attributes":{"_value":"1.0"}}
2025-05-31 00:36:16,069+0200 IPDMONITORING {"timestamp":"1748644576","label":"DB.CONNECTION.POOL.NUMIDLE.VALUE","attributes":{"_value":"3.0"}}
2025-05-31 00:36:16,069+0200 IPDMONITORING {"timestamp":"1748644576","label":"MAIL.QUEUE.NUMEMAILSSENTPERMIN.STATISTICS","attributes":{"_99thPercentile":"0.0","_count":"12","_mean":"0.0","_max":"0.0","_min":"0.0"}}
2025-05-31 00:36:16,069+0200 IPDMONITORING {"timestamp":"1748644576","label":"MAIL.QUEUE.NUMITEMS.STATISTICS","attributes":{"_99thPercentile":"0.0","_count":"12","_mean":"0.0","_max":"0.0","_min":"0.0"}}
2025-05-31 00:36:16,069+0200 IPDMONITORING {"timestamp":"1748644576","label":"MAIL.QUEUE.NUMEMAILSSENTPERMIN.VALUE","attributes":{"_value":"0.0"}}
2025-05-31 00:36:16,069+0200 IPDMONITORING {"timestamp":"1748644576","label":"DB.CONNECTION.LATENCY.VALUE","attributes":{"_value":"0.0"}}
2025-05-31 00:36:16,070+0200 IPDMONITORING {"timestamp":"1748644576","label":"DB.CONNECTION.LATENCY.STATISTICS","attributes":{"_99thPercentile":"1.0","_count":"12","_mean":"0.26151419177796864","_max":"1.0","_min":"0.0"}}
2025-05-31 00:36:16,070+0200 IPDMONITORING {"timestamp":"1748644576","label":"DB.CONNECTION.POOL.NUMIDLE.STATISTICS","attributes":{"_99thPercentile":"3.0","_count":"12","_mean":"2.7188119269128292","_max":"3.0","_min":"2.0"}}
2025-05-31 00:36:16,070+0200 IPDMONITORING {"timestamp":"1748644576","label":"DB.CONNECTION.POOL.NUMACTIVE.VALUE","attributes":{"_value":"0.0"}}
2025-05-31 00:36:16,070+0200 IPDMONITORING {"timestamp":"1748644576","label":"DB.CONNECTION.FAILURES.COUNTER","attributes":{"_count":"0"}}
2025-05-31 00:36:16,070+0200 IPDMONITORING {"timestamp":"1748644576","label":"HTTP.REQUESTS.VALUE","attributes":{"_value":"0.0"}}
2025-05-31 00:36:16,070+0200 IPDMONITORING {"timestamp":"1748644576","label":"MAIL.QUEUE.NUMITEMSADDEDPERMIN.VALUE","attributes":{"_value":"0.0"}}
2025-05-31 00:36:16,070+0200 IPDMONITORING {"timestamp":"1748644576","label":"MAIL.QUEUE.NUMITEMS.VALUE","attributes":{"_value":"0.0"}}
2025-05-31 00:36:16,070+0200 IPDMONITORING {"timestamp":"1748644576","label":"MAIL.QUEUE.NUMERRORSADDEDPERMIN.STATISTICS","attributes":{"_99thPercentile":"0.0","_count":"12","_mean":"0.0","_max":"0.0","_min":"0.0"}}
2025-05-31 00:36:16,070+0200 IPDMONITORING {"timestamp":"1748644576","label":"DB.CONNECTION.POOL.NUMACTIVE.STATISTICS","attributes":{"_99thPercentile":"1.0","_count":"12","_mean":"0.2811582973011146","_max":"1.0","_min":"0.0"}}
2025-05-31 00:36:16,070+0200 IPDMONITORING {"timestamp":"1748644576","label":"MAIL.QUEUE.NUMITEMSPROCESSEDPERMIN.VALUE","attributes":{"_value":"0.0"}}
2025-05-31 00:36:16,071+0200 IPDMONITORING {"timestamp":"1748644576","label":"MAIL.QUEUE.NUMITEMSPROCESSEDPERMIN.STATISTICS","attributes":{"_99thPercentile":"0.0","_count":"12","_mean":"0.0","_max":"0.0","_min":"0.0"}}
2025-05-31 00:36:16,071+0200 IPDMONITORING {"timestamp":"1748644576","label":"MAIL.QUEUE.NUMERRORSADDEDPERMIN.VALUE","attributes":{"_value":"0.0"}}
2025-05-31 00:36:16,071+0200 IPDMONITORING {"timestamp":"1748644576","label":"HTTP.CONNECTION.SESSIONS.ACTIVE.STATISTICS","attributes":{"_99thPercentile":"1.0","_count":"12","_mean":"1.002346529614309","_max":"6.0","_min":"0.0"}}
2025-05-31 00:36:16,071+0200 IPDMONITORING {"timestamp":"1748644576","label":"HTTP.REQUESTS.STATISTICS","attributes":{"_99thPercentile":"0.0","_count":"12","_mean":"2.127104606403606","_max":"3219.0","_min":"0.0"}}
2025-05-31 00:36:16,071+0200 IPDMONITORING {"timestamp":"1748644576","label":"HOME.LOCAL.WRITE.LATENCY.INDEXWRITER.STATISTICS","attributes":{"_99thPercentile":"11.0","_count":"2","_mean":"9.265697015750023","_max":"11.0","_min":"5.0"}}
2025-05-31 00:36:16,071+0200 IPDMONITORING {"timestamp":"1748644576","label":"HTTP.CONNECTION.POOL.NUMACTIVE.VALUE","attributes":{"_value":"0.0"}}
2025-05-31 00:36:16,071+0200 IPDMONITORING {"timestamp":"1748644576","label":"HTTP.CONNECTION.SESSIONS.ACTIVE.VALUE","attributes":{"_value":"1.0"}}
2025-05-31 00:36:16,071+0200 IPDMONITORING {"timestamp":"1748644576","label":"DB.CONNECTION.STATE.VALUE","attributes":{"_value":"1.0"}}
2025-05-31 00:36:16,071+0200 IPDMONITORING {"timestamp":"1748644576","label":"HTTP.CONNECTION.POOL.NUMIDLE.VALUE","attributes":{"_value":"10.0"}}
2025-05-31 00:36:16,071+0200 IPDMONITORING {"timestamp":"1748644576","label":"HTTP.CONNECTION.POOL.NUMMAX.VALUE","attributes":{"_value":"200.0"}}
2025-05-31 00:36:16,072+0200 IPDMONITORING {"timestamp":"1748644576","label":"MAIL.QUEUE.NUMERRORS.VALUE","attributes":{"_value":"0.0"}}
2025-05-31 00:36:16,072+0200 IPDMONITORING {"timestamp":"1748644576","label":"HOME.LOCAL.WRITE.LATENCY.SYNTHETIC.VALUE","attributes":{"_value":"-1.0"}}
2025-05-31 00:36:16,072+0200 IPDMONITORING {"timestamp":"1748644576","label":"MAIL.QUEUE.NUMERRORS.STATISTICS","attributes":{"_99thPercentile":"0.0","_count":"12","_mean":"0.0","_max":"0.0","_min":"0.0"}}
2025-05-31 00:36:46,098+0200 IPDMONITORING {"timestamp":"1748644606","label":"MAIL.QUEUE.JOBRUNNING.VALUE","attributes":{"_value":"0.0"}}
2025-05-31 00:37:16,060+0200 IPDMONITORING {"timestamp":"1748644636","label":"MAIL.QUEUE.NUMITEMSADDEDPERMIN.STATISTICS","attributes":{"_99thPercentile":"0.0","_count":"13","_mean":"0.0","_max":"0.0","_min":"0.0"}}
2025-05-31 00:37:16,061+0200 IPDMONITORING {"timestamp":"1748644636","label":"HTTP.CONNECTION.SESSIONS.RECENT.VALUE","attributes":{"_value":"1.0"}}
2025-05-31 00:37:16,061+0200 IPDMONITORING {"timestamp":"1748644636","label":"DB.CONNECTION.POOL.NUMIDLE.VALUE","attributes":{"_value":"3.0"}}
2025-05-31 00:37:16,062+0200 IPDMONITORING {"timestamp":"1748644636","label":"MAIL.QUEUE.NUMEMAILSSENTPERMIN.STATISTICS","attributes":{"_99thPercentile":"0.0","_count":"13","_mean":"0.0","_max":"0.0","_min":"0.0"}}
2025-05-31 00:37:16,062+0200 IPDMONITORING {"timestamp":"1748644636","label":"MAIL.QUEUE.NUMITEMS.STATISTICS","attributes":{"_99thPercentile":"0.0","_count":"13","_mean":"0.0","_max":"0.0","_min":"0.0"}}
2025-05-31 00:37:16,062+0200 IPDMONITORING {"timestamp":"1748644636","label":"MAIL.QUEUE.NUMEMAILSSENTPERMIN.VALUE","attributes":{"_value":"0.0"}}
2025-05-31 00:37:16,062+0200 IPDMONITORING {"timestamp":"1748644636","label":"DB.CONNECTION.LATENCY.VALUE","attributes":{"_value":"0.0"}}
2025-05-31 00:37:16,062+0200 IPDMONITORING {"timestamp":"1748644636","label":"DB.CONNECTION.LATENCY.STATISTICS","attributes":{"_99thPercentile":"1.0","_count":"13","_mean":"0.10632244883625541","_max":"1.0","_min":"0.0"}}
2025-05-31 00:37:16,062+0200 IPDMONITORING {"timestamp":"1748644636","label":"DB.CONNECTION.POOL.NUMIDLE.STATISTICS","attributes":{"_99thPercentile":"3.0","_count":"13","_mean":"2.8856788447658746","_max":"3.0","_min":"2.0"}}
2025-05-31 00:37:16,062+0200 IPDMONITORING {"timestamp":"1748644636","label":"DB.CONNECTION.POOL.NUMACTIVE.VALUE","attributes":{"_value":"0.0"}}
2025-05-31 00:37:16,062+0200 IPDMONITORING {"timestamp":"1748644636","label":"DB.CONNECTION.FAILURES.COUNTER","attributes":{"_count":"0"}}
2025-05-31 00:37:16,062+0200 IPDMONITORING {"timestamp":"1748644636","label":"HTTP.REQUESTS.VALUE","attributes":{"_value":"0.0"}}
2025-05-31 00:37:16,062+0200 IPDMONITORING {"timestamp":"1748644636","label":"MAIL.QUEUE.NUMITEMSADDEDPERMIN.VALUE","attributes":{"_value":"0.0"}}
2025-05-31 00:37:16,062+0200 IPDMONITORING {"timestamp":"1748644636","label":"MAIL.QUEUE.NUMITEMS.VALUE","attributes":{"_value":"0.0"}}
2025-05-31 00:37:16,063+0200 IPDMONITORING {"timestamp":"1748644636","label":"MAIL.QUEUE.NUMERRORSADDEDPERMIN.STATISTICS","attributes":{"_99thPercentile":"0.0","_count":"13","_mean":"0.0","_max":"0.0","_min":"0.0"}}
2025-05-31 00:37:16,063+0200 IPDMONITORING {"timestamp":"1748644636","label":"DB.CONNECTION.POOL.NUMACTIVE.STATISTICS","attributes":{"_99thPercentile":"1.0","_count":"13","_mean":"0.11430904944947165","_max":"1.0","_min":"0.0"}}
2025-05-31 00:37:16,063+0200 IPDMONITORING {"timestamp":"1748644636","label":"MAIL.QUEUE.NUMITEMSPROCESSEDPERMIN.VALUE","attributes":{"_value":"0.0"}}
2025-05-31 00:37:16,063+0200 IPDMONITORING {"timestamp":"1748644636","label":"MAIL.QUEUE.NUMITEMSPROCESSEDPERMIN.STATISTICS","attributes":{"_99thPercentile":"0.0","_count":"13","_mean":"0.0","_max":"0.0","_min":"0.0"}}
2025-05-31 00:37:16,063+0200 IPDMONITORING {"timestamp":"1748644636","label":"MAIL.QUEUE.NUMERRORSADDEDPERMIN.VALUE","attributes":{"_value":"0.0"}}
2025-05-31 00:37:16,063+0200 IPDMONITORING {"timestamp":"1748644636","label":"HTTP.CONNECTION.SESSIONS.ACTIVE.STATISTICS","attributes":{"_99thPercentile":"1.0","_count":"13","_mean":"1.0009540161976063","_max":"6.0","_min":"0.0"}}
2025-05-31 00:37:16,063+0200 IPDMONITORING {"timestamp":"1748644636","label":"HTTP.REQUESTS.STATISTICS","attributes":{"_99thPercentile":"0.0","_count":"13","_mean":"0.8648057267795414","_max":"3219.0","_min":"0.0"}}
2025-05-31 00:37:16,063+0200 IPDMONITORING {"timestamp":"1748644636","label":"HOME.LOCAL.WRITE.LATENCY.INDEXWRITER.STATISTICS","attributes":{"_99thPercentile":"11.0","_count":"2","_mean":"9.265697015750023","_max":"11.0","_min":"5.0"}}
2025-05-31 00:37:16,063+0200 IPDMONITORING {"timestamp":"1748644636","label":"HTTP.CONNECTION.POOL.NUMACTIVE.VALUE","attributes":{"_value":"0.0"}}
2025-05-31 00:37:16,063+0200 IPDMONITORING {"timestamp":"1748644636","label":"HTTP.CONNECTION.SESSIONS.ACTIVE.VALUE","attributes":{"_value":"1.0"}}
2025-05-31 00:37:16,063+0200 IPDMONITORING {"timestamp":"1748644636","label":"DB.CONNECTION.STATE.VALUE","attributes":{"_value":"1.0"}}
2025-05-31 00:37:16,063+0200 IPDMONITORING {"timestamp":"1748644636","label":"HTTP.CONNECTION.POOL.NUMIDLE.VALUE","attributes":{"_value":"10.0"}}
2025-05-31 00:37:16,063+0200 IPDMONITORING {"timestamp":"1748644636","label":"HTTP.CONNECTION.POOL.NUMMAX.VALUE","attributes":{"_value":"200.0"}}
2025-05-31 00:37:16,064+0200 IPDMONITORING {"timestamp":"1748644636","label":"MAIL.QUEUE.NUMERRORS.VALUE","attributes":{"_value":"0.0"}}
2025-05-31 00:37:16,064+0200 IPDMONITORING {"timestamp":"1748644636","label":"HOME.LOCAL.WRITE.LATENCY.SYNTHETIC.VALUE","attributes":{"_value":"-1.0"}}
2025-05-31 00:37:16,064+0200 IPDMONITORING {"timestamp":"1748644636","label":"MAIL.QUEUE.NUMERRORS.STATISTICS","attributes":{"_99thPercentile":"0.0","_count":"13","_mean":"0.0","_max":"0.0","_min":"0.0"}}
2025-05-31 00:37:46,083+0200 IPDMONITORING {"timestamp":"1748644666","label":"MAIL.QUEUE.JOBRUNNING.VALUE","attributes":{"_value":"0.0"}}
2025-05-31 00:38:16,057+0200 IPDMONITORING {"timestamp":"1748644696","label":"MAIL.QUEUE.NUMITEMSADDEDPERMIN.STATISTICS","attributes":{"_99thPercentile":"0.0","_count":"14","_mean":"0.0","_max":"0.0","_min":"0.0"}}
2025-05-31 00:38:16,057+0200 IPDMONITORING {"timestamp":"1748644696","label":"HTTP.CONNECTION.SESSIONS.RECENT.VALUE","attributes":{"_value":"1.0"}}
2025-05-31 00:38:16,057+0200 IPDMONITORING {"timestamp":"1748644696","label":"DB.CONNECTION.POOL.NUMIDLE.VALUE","attributes":{"_value":"3.0"}}
2025-05-31 00:38:16,057+0200 IPDMONITORING {"timestamp":"1748644696","label":"MAIL.QUEUE.NUMEMAILSSENTPERMIN.STATISTICS","attributes":{"_99thPercentile":"0.0","_count":"14","_mean":"0.0","_max":"0.0","_min":"0.0"}}
2025-05-31 00:38:16,057+0200 IPDMONITORING {"timestamp":"1748644696","label":"MAIL.QUEUE.NUMITEMS.STATISTICS","attributes":{"_99thPercentile":"0.0","_count":"14","_mean":"0.0","_max":"0.0","_min":"0.0"}}
2025-05-31 00:38:16,058+0200 IPDMONITORING {"timestamp":"1748644696","label":"MAIL.QUEUE.NUMEMAILSSENTPERMIN.VALUE","attributes":{"_value":"0.0"}}
2025-05-31 00:38:16,058+0200 IPDMONITORING {"timestamp":"1748644696","label":"DB.CONNECTION.LATENCY.VALUE","attributes":{"_value":"2.0"}}
2025-05-31 00:38:16,058+0200 IPDMONITORING {"timestamp":"1748644696","label":"DB.CONNECTION.LATENCY.STATISTICS","attributes":{"_99thPercentile":"2.0","_count":"14","_mean":"1.2300919517328286","_max":"2.0","_min":"0.0"}}
2025-05-31 00:38:16,058+0200 IPDMONITORING {"timestamp":"1748644696","label":"DB.CONNECTION.POOL.NUMIDLE.STATISTICS","attributes":{"_99thPercentile":"3.0","_count":"14","_mean":"2.953520715579131","_max":"3.0","_min":"2.0"}}
2025-05-31 00:38:16,058+0200 IPDMONITORING {"timestamp":"1748644696","label":"DB.CONNECTION.POOL.NUMACTIVE.VALUE","attributes":{"_value":"0.0"}}
2025-05-31 00:38:16,058+0200 IPDMONITORING {"timestamp":"1748644696","label":"DB.CONNECTION.FAILURES.COUNTER","attributes":{"_count":"0"}}
2025-05-31 00:38:16,058+0200 IPDMONITORING {"timestamp":"1748644696","label":"HTTP.REQUESTS.VALUE","attributes":{"_value":"0.0"}}
2025-05-31 00:38:16,058+0200 IPDMONITORING {"timestamp":"1748644696","label":"MAIL.QUEUE.NUMITEMSADDEDPERMIN.VALUE","attributes":{"_value":"0.0"}}
2025-05-31 00:38:16,058+0200 IPDMONITORING {"timestamp":"1748644696","label":"MAIL.QUEUE.NUMITEMS.VALUE","attributes":{"_value":"0.0"}}
2025-05-31 00:38:16,058+0200 IPDMONITORING {"timestamp":"1748644696","label":"MAIL.QUEUE.NUMERRORSADDEDPERMIN.STATISTICS","attributes":{"_99thPercentile":"0.0","_count":"14","_mean":"0.0","_max":"0.0","_min":"0.0"}}
2025-05-31 00:38:16,058+0200 IPDMONITORING {"timestamp":"1748644696","label":"DB.CONNECTION.POOL.NUMACTIVE.STATISTICS","attributes":{"_99thPercentile":"1.0","_count":"14","_mean":"0.04647436260034556","_max":"1.0","_min":"0.0"}}
2025-05-31 00:38:16,058+0200 IPDMONITORING {"timestamp":"1748644696","label":"MAIL.QUEUE.NUMITEMSPROCESSEDPERMIN.VALUE","attributes":{"_value":"0.0"}}
2025-05-31 00:38:16,058+0200 IPDMONITORING {"timestamp":"1748644696","label":"MAIL.QUEUE.NUMITEMSPROCESSEDPERMIN.STATISTICS","attributes":{"_99thPercentile":"0.0","_count":"14","_mean":"0.0","_max":"0.0","_min":"0.0"}}
2025-05-31 00:38:16,058+0200 IPDMONITORING {"timestamp":"1748644696","label":"MAIL.QUEUE.NUMERRORSADDEDPERMIN.VALUE","attributes":{"_value":"0.0"}}
2025-05-31 00:38:16,058+0200 IPDMONITORING {"timestamp":"1748644696","label":"HTTP.CONNECTION.SESSIONS.ACTIVE.STATISTICS","attributes":{"_99thPercentile":"1.0","_count":"14","_mean":"1.0003878721318016","_max":"6.0","_min":"0.0"}}
2025-05-31 00:38:16,058+0200 IPDMONITORING {"timestamp":"1748644696","label":"HTTP.REQUESTS.STATISTICS","attributes":{"_99thPercentile":"0.0","_count":"14","_mean":"0.3516020395478282","_max":"3219.0","_min":"0.0"}}
2025-05-31 00:38:16,058+0200 IPDMONITORING {"timestamp":"1748644696","label":"HOME.LOCAL.WRITE.LATENCY.INDEXWRITER.STATISTICS","attributes":{"_99thPercentile":"11.0","_count":"2","_mean":"9.265697015750023","_max":"11.0","_min":"5.0"}}
2025-05-31 00:38:16,058+0200 IPDMONITORING {"timestamp":"1748644696","label":"HTTP.CONNECTION.POOL.NUMACTIVE.VALUE","attributes":{"_value":"0.0"}}
2025-05-31 00:38:16,058+0200 IPDMONITORING {"timestamp":"1748644696","label":"HTTP.CONNECTION.SESSIONS.ACTIVE.VALUE","attributes":{"_value":"1.0"}}
2025-05-31 00:38:16,058+0200 IPDMONITORING {"timestamp":"1748644696","label":"DB.CONNECTION.STATE.VALUE","attributes":{"_value":"1.0"}}
2025-05-31 00:38:16,059+0200 IPDMONITORING {"timestamp":"1748644696","label":"HTTP.CONNECTION.POOL.NUMIDLE.VALUE","attributes":{"_value":"10.0"}}
2025-05-31 00:38:16,059+0200 IPDMONITORING {"timestamp":"1748644696","label":"HTTP.CONNECTION.POOL.NUMMAX.VALUE","attributes":{"_value":"200.0"}}
2025-05-31 00:38:16,059+0200 IPDMONITORING {"timestamp":"1748644696","label":"MAIL.QUEUE.NUMERRORS.VALUE","attributes":{"_value":"0.0"}}
2025-05-31 00:38:16,059+0200 IPDMONITORING {"timestamp":"1748644696","label":"HOME.LOCAL.WRITE.LATENCY.SYNTHETIC.VALUE","attributes":{"_value":"-1.0"}}
2025-05-31 00:38:16,059+0200 IPDMONITORING {"timestamp":"1748644696","label":"MAIL.QUEUE.NUMERRORS.STATISTICS","attributes":{"_99thPercentile":"0.0","_count":"14","_mean":"0.0","_max":"0.0","_min":"0.0"}}
2025-05-31 00:38:46,084+0200 IPDMONITORING {"timestamp":"1748644726","label":"MAIL.QUEUE.JOBRUNNING.VALUE","attributes":{"_value":"0.0"}}
2025-05-31 00:39:16,059+0200 IPDMONITORING {"timestamp":"1748644756","label":"MAIL.QUEUE.NUMITEMSADDEDPERMIN.STATISTICS","attributes":{"_99thPercentile":"0.0","_count":"15","_mean":"0.0","_max":"0.0","_min":"0.0"}}
2025-05-31 00:39:16,060+0200 IPDMONITORING {"timestamp":"1748644756","label":"HTTP.CONNECTION.SESSIONS.RECENT.VALUE","attributes":{"_value":"1.0"}}
2025-05-31 00:39:16,061+0200 IPDMONITORING {"timestamp":"1748644756","label":"DB.CONNECTION.POOL.NUMIDLE.VALUE","attributes":{"_value":"3.0"}}
2025-05-31 00:39:16,061+0200 IPDMONITORING {"timestamp":"1748644756","label":"MAIL.QUEUE.NUMEMAILSSENTPERMIN.STATISTICS","attributes":{"_99thPercentile":"0.0","_count":"15","_mean":"0.0","_max":"0.0","_min":"0.0"}}
2025-05-31 00:39:16,061+0200 IPDMONITORING {"timestamp":"1748644756","label":"MAIL.QUEUE.NUMITEMS.STATISTICS","attributes":{"_99thPercentile":"0.0","_count":"15","_mean":"0.0","_max":"0.0","_min":"0.0"}}
2025-05-31 00:39:16,061+0200 IPDMONITORING {"timestamp":"1748644756","label":"MAIL.QUEUE.NUMEMAILSSENTPERMIN.VALUE","attributes":{"_value":"0.0"}}
2025-05-31 00:39:16,061+0200 IPDMONITORING {"timestamp":"1748644756","label":"DB.CONNECTION.LATENCY.VALUE","attributes":{"_value":"0.0"}}
2025-05-31 00:39:16,061+0200 IPDMONITORING {"timestamp":"1748644756","label":"DB.CONNECTION.LATENCY.STATISTICS","attributes":{"_99thPercentile":"2.0","_count":"15","_mean":"0.5001170654999625","_max":"2.0","_min":"0.0"}}
2025-05-31 00:39:16,061+0200 IPDMONITORING {"timestamp":"1748644756","label":"DB.CONNECTION.POOL.NUMIDLE.STATISTICS","attributes":{"_99thPercentile":"3.0","_count":"15","_mean":"2.9811029709621644","_max":"3.0","_min":"2.0"}}
2025-05-31 00:39:16,061+0200 IPDMONITORING {"timestamp":"1748644756","label":"DB.CONNECTION.POOL.NUMACTIVE.VALUE","attributes":{"_value":"0.0"}}
2025-05-31 00:39:16,061+0200 IPDMONITORING {"timestamp":"1748644756","label":"DB.CONNECTION.FAILURES.COUNTER","attributes":{"_count":"0"}}
2025-05-31 00:39:16,061+0200 IPDMONITORING {"timestamp":"1748644756","label":"HTTP.REQUESTS.VALUE","attributes":{"_value":"0.0"}}
2025-05-31 00:39:16,061+0200 IPDMONITORING {"timestamp":"1748644756","label":"MAIL.QUEUE.NUMITEMSADDEDPERMIN.VALUE","attributes":{"_value":"0.0"}}
2025-05-31 00:39:16,061+0200 IPDMONITORING {"timestamp":"1748644756","label":"MAIL.QUEUE.NUMITEMS.VALUE","attributes":{"_value":"0.0"}}
2025-05-31 00:39:16,062+0200 IPDMONITORING {"timestamp":"1748644756","label":"MAIL.QUEUE.NUMERRORSADDEDPERMIN.STATISTICS","attributes":{"_99thPercentile":"0.0","_count":"15","_mean":"0.0","_max":"0.0","_min":"0.0"}}
2025-05-31 00:39:16,062+0200 IPDMONITORING {"timestamp":"1748644756","label":"DB.CONNECTION.POOL.NUMACTIVE.STATISTICS","attributes":{"_99thPercentile":"1.0","_count":"15","_mean":"0.01889502797894432","_max":"1.0","_min":"0.0"}}
2025-05-31 00:39:16,062+0200 IPDMONITORING {"timestamp":"1748644756","label":"MAIL.QUEUE.NUMITEMSPROCESSEDPERMIN.VALUE","attributes":{"_value":"0.0"}}
2025-05-31 00:39:16,062+0200 IPDMONITORING {"timestamp":"1748644756","label":"MAIL.QUEUE.NUMITEMSPROCESSEDPERMIN.STATISTICS","attributes":{"_99thPercentile":"0.0","_count":"15","_mean":"0.0","_max":"0.0","_min":"0.0"}}
2025-05-31 00:39:16,062+0200 IPDMONITORING {"timestamp":"1748644756","label":"MAIL.QUEUE.NUMERRORSADDEDPERMIN.VALUE","attributes":{"_value":"0.0"}}
2025-05-31 00:39:16,062+0200 IPDMONITORING {"timestamp":"1748644756","label":"HTTP.CONNECTION.SESSIONS.ACTIVE.STATISTICS","attributes":{"_99thPercentile":"1.0","_count":"15","_mean":"1.0001576967250883","_max":"6.0","_min":"0.0"}}
2025-05-31 00:39:16,062+0200 IPDMONITORING {"timestamp":"1748644756","label":"HTTP.REQUESTS.STATISTICS","attributes":{"_99thPercentile":"0.0","_count":"15","_mean":"0.14295043553024872","_max":"3219.0","_min":"0.0"}}
2025-05-31 00:39:16,062+0200 IPDMONITORING {"timestamp":"1748644756","label":"HOME.LOCAL.WRITE.LATENCY.INDEXWRITER.STATISTICS","attributes":{"_99thPercentile":"11.0","_count":"2","_mean":"9.265697015750023","_max":"11.0","_min":"5.0"}}
2025-05-31 00:39:16,062+0200 IPDMONITORING {"timestamp":"1748644756","label":"HTTP.CONNECTION.POOL.NUMACTIVE.VALUE","attributes":{"_value":"0.0"}}
2025-05-31 00:39:16,062+0200 IPDMONITORING {"timestamp":"1748644756","label":"HTTP.CONNECTION.SESSIONS.ACTIVE.VALUE","attributes":{"_value":"1.0"}}
2025-05-31 00:39:16,062+0200 IPDMONITORING {"timestamp":"1748644756","label":"DB.CONNECTION.STATE.VALUE","attributes":{"_value":"1.0"}}
2025-05-31 00:39:16,062+0200 IPDMONITORING {"timestamp":"1748644756","label":"HTTP.CONNECTION.POOL.NUMIDLE.VALUE","attributes":{"_value":"10.0"}}
2025-05-31 00:39:16,062+0200 IPDMONITORING {"timestamp":"1748644756","label":"HTTP.CONNECTION.POOL.NUMMAX.VALUE","attributes":{"_value":"200.0"}}
2025-05-31 00:39:16,062+0200 IPDMONITORING {"timestamp":"1748644756","label":"MAIL.QUEUE.NUMERRORS.VALUE","attributes":{"_value":"0.0"}}
2025-05-31 00:39:16,063+0200 IPDMONITORING {"timestamp":"1748644756","label":"HOME.LOCAL.WRITE.LATENCY.SYNTHETIC.VALUE","attributes":{"_value":"-1.0"}}
2025-05-31 00:39:16,063+0200 IPDMONITORING {"timestamp":"1748644756","label":"MAIL.QUEUE.NUMERRORS.STATISTICS","attributes":{"_99thPercentile":"0.0","_count":"15","_mean":"0.0","_max":"0.0","_min":"0.0"}}
2025-05-31 00:39:46,087+0200 IPDMONITORING {"timestamp":"1748644786","label":"MAIL.QUEUE.JOBRUNNING.VALUE","attributes":{"_value":"0.0"}}
2025-05-31 00:40:16,055+0200 IPDMONITORING {"timestamp":"1748644816","label":"MAIL.QUEUE.NUMITEMSADDEDPERMIN.STATISTICS","attributes":{"_99thPercentile":"0.0","_count":"16","_mean":"0.0","_max":"0.0","_min":"0.0"}}
2025-05-31 00:40:16,056+0200 IPDMONITORING {"timestamp":"1748644816","label":"HTTP.CONNECTION.SESSIONS.RECENT.VALUE","attributes":{"_value":"2.0"}}
2025-05-31 00:40:16,056+0200 IPDMONITORING {"timestamp":"1748644816","label":"DB.CONNECTION.POOL.NUMIDLE.VALUE","attributes":{"_value":"3.0"}}
2025-05-31 00:40:16,056+0200 IPDMONITORING {"timestamp":"1748644816","label":"MAIL.QUEUE.NUMEMAILSSENTPERMIN.STATISTICS","attributes":{"_99thPercentile":"0.0","_count":"16","_mean":"0.0","_max":"0.0","_min":"0.0"}}
2025-05-31 00:40:16,056+0200 IPDMONITORING {"timestamp":"1748644816","label":"MAIL.QUEUE.NUMITEMS.STATISTICS","attributes":{"_99thPercentile":"0.0","_count":"16","_mean":"0.0","_max":"0.0","_min":"0.0"}}
2025-05-31 00:40:16,056+0200 IPDMONITORING {"timestamp":"1748644816","label":"MAIL.QUEUE.NUMEMAILSSENTPERMIN.VALUE","attributes":{"_value":"0.0"}}
2025-05-31 00:40:16,056+0200 IPDMONITORING {"timestamp":"1748644816","label":"DB.CONNECTION.LATENCY.VALUE","attributes":{"_value":"0.0"}}
2025-05-31 00:40:16,056+0200 IPDMONITORING {"timestamp":"1748644816","label":"DB.CONNECTION.LATENCY.STATISTICS","attributes":{"_99thPercentile":"2.0","_count":"16","_mean":"0.20333225972579408","_max":"2.0","_min":"0.0"}}
2025-05-31 00:40:16,056+0200 IPDMONITORING {"timestamp":"1748644816","label":"DB.CONNECTION.POOL.NUMIDLE.STATISTICS","attributes":{"_99thPercentile":"3.0","_count":"16","_mean":"2.992317047584597","_max":"3.0","_min":"2.0"}}
2025-05-31 00:40:16,056+0200 IPDMONITORING {"timestamp":"1748644816","label":"DB.CONNECTION.POOL.NUMACTIVE.VALUE","attributes":{"_value":"0.0"}}
2025-05-31 00:40:16,056+0200 IPDMONITORING {"timestamp":"1748644816","label":"DB.CONNECTION.FAILURES.COUNTER","attributes":{"_count":"0"}}
2025-05-31 00:40:16,056+0200 IPDMONITORING {"timestamp":"1748644816","label":"HTTP.REQUESTS.VALUE","attributes":{"_value":"915.0"}}
2025-05-31 00:40:16,056+0200 IPDMONITORING {"timestamp":"1748644816","label":"MAIL.QUEUE.NUMITEMSADDEDPERMIN.VALUE","attributes":{"_value":"0.0"}}
2025-05-31 00:40:16,056+0200 IPDMONITORING {"timestamp":"1748644816","label":"MAIL.QUEUE.NUMITEMS.VALUE","attributes":{"_value":"0.0"}}
2025-05-31 00:40:16,056+0200 IPDMONITORING {"timestamp":"1748644816","label":"MAIL.QUEUE.NUMERRORSADDEDPERMIN.STATISTICS","attributes":{"_99thPercentile":"0.0","_count":"16","_mean":"0.0","_max":"0.0","_min":"0.0"}}
2025-05-31 00:40:16,056+0200 IPDMONITORING {"timestamp":"1748644816","label":"DB.CONNECTION.POOL.NUMACTIVE.STATISTICS","attributes":{"_99thPercentile":"0.0","_count":"16","_mean":"0.007682138846232075","_max":"1.0","_min":"0.0"}}
2025-05-31 00:40:16,056+0200 IPDMONITORING {"timestamp":"1748644816","label":"MAIL.QUEUE.NUMITEMSPROCESSEDPERMIN.VALUE","attributes":{"_value":"0.0"}}
2025-05-31 00:40:16,056+0200 IPDMONITORING {"timestamp":"1748644816","label":"MAIL.QUEUE.NUMITEMSPROCESSEDPERMIN.STATISTICS","attributes":{"_99thPercentile":"0.0","_count":"16","_mean":"0.0","_max":"0.0","_min":"0.0"}}
2025-05-31 00:40:16,056+0200 IPDMONITORING {"timestamp":"1748644816","label":"MAIL.QUEUE.NUMERRORSADDEDPERMIN.VALUE","attributes":{"_value":"0.0"}}
2025-05-31 00:40:16,056+0200 IPDMONITORING {"timestamp":"1748644816","label":"HTTP.CONNECTION.SESSIONS.ACTIVE.STATISTICS","attributes":{"_99thPercentile":"2.0","_count":"16","_mean":"1.5934947856836414","_max":"6.0","_min":"0.0"}}
2025-05-31 00:40:16,056+0200 IPDMONITORING {"timestamp":"1748644816","label":"HTTP.REQUESTS.STATISTICS","attributes":{"_99thPercentile":"915.0","_count":"16","_mean":"543.0471832568759","_max":"3219.0","_min":"0.0"}}
2025-05-31 00:40:16,057+0200 IPDMONITORING {"timestamp":"1748644816","label":"HOME.LOCAL.WRITE.LATENCY.INDEXWRITER.STATISTICS","attributes":{"_99thPercentile":"11.0","_count":"2","_mean":"9.265697015750023","_max":"11.0","_min":"5.0"}}
2025-05-31 00:40:16,057+0200 IPDMONITORING {"timestamp":"1748644816","label":"HTTP.CONNECTION.POOL.NUMACTIVE.VALUE","attributes":{"_value":"0.0"}}
2025-05-31 00:40:16,057+0200 IPDMONITORING {"timestamp":"1748644816","label":"HTTP.CONNECTION.SESSIONS.ACTIVE.VALUE","attributes":{"_value":"2.0"}}
2025-05-31 00:40:16,057+0200 IPDMONITORING {"timestamp":"1748644816","label":"DB.CONNECTION.STATE.VALUE","attributes":{"_value":"1.0"}}
2025-05-31 00:40:16,057+0200 IPDMONITORING {"timestamp":"1748644816","label":"HTTP.CONNECTION.POOL.NUMIDLE.VALUE","attributes":{"_value":"10.0"}}
2025-05-31 00:40:16,057+0200 IPDMONITORING {"timestamp":"1748644816","label":"HTTP.CONNECTION.POOL.NUMMAX.VALUE","attributes":{"_value":"200.0"}}
2025-05-31 00:40:16,057+0200 IPDMONITORING {"timestamp":"1748644816","label":"MAIL.QUEUE.NUMERRORS.VALUE","attributes":{"_value":"0.0"}}
2025-05-31 00:40:16,057+0200 IPDMONITORING {"timestamp":"1748644816","label":"HOME.LOCAL.WRITE.LATENCY.SYNTHETIC.VALUE","attributes":{"_value":"-1.0"}}
2025-05-31 00:40:16,057+0200 IPDMONITORING {"timestamp":"1748644816","label":"MAIL.QUEUE.NUMERRORS.STATISTICS","attributes":{"_99thPercentile":"0.0","_count":"16","_mean":"0.0","_max":"0.0","_min":"0.0"}}
2025-05-31 00:40:46,084+0200 IPDMONITORING {"timestamp":"1748644846","label":"MAIL.QUEUE.JOBRUNNING.VALUE","attributes":{"_value":"0.0"}}
2025-05-31 00:41:16,059+0200 IPDMONITORING {"timestamp":"1748644876","label":"MAIL.QUEUE.NUMITEMSADDEDPERMIN.STATISTICS","attributes":{"_99thPercentile":"0.0","_count":"17","_mean":"0.0","_max":"0.0","_min":"0.0"}}
2025-05-31 00:41:16,060+0200 IPDMONITORING {"timestamp":"1748644876","label":"HTTP.CONNECTION.SESSIONS.RECENT.VALUE","attributes":{"_value":"4.0"}}
2025-05-31 00:41:16,061+0200 IPDMONITORING {"timestamp":"1748644876","label":"DB.CONNECTION.POOL.NUMIDLE.VALUE","attributes":{"_value":"2.0"}}
2025-05-31 00:41:16,061+0200 IPDMONITORING {"timestamp":"1748644876","label":"MAIL.QUEUE.NUMEMAILSSENTPERMIN.STATISTICS","attributes":{"_99thPercentile":"0.0","_count":"17","_mean":"0.0","_max":"0.0","_min":"0.0"}}
2025-05-31 00:41:16,061+0200 IPDMONITORING {"timestamp":"1748644876","label":"MAIL.QUEUE.NUMITEMS.STATISTICS","attributes":{"_99thPercentile":"0.0","_count":"17","_mean":"0.0","_max":"0.0","_min":"0.0"}}
2025-05-31 00:41:16,061+0200 IPDMONITORING {"timestamp":"1748644876","label":"MAIL.QUEUE.NUMEMAILSSENTPERMIN.VALUE","attributes":{"_value":"0.0"}}
2025-05-31 00:41:16,061+0200 IPDMONITORING {"timestamp":"1748644876","label":"DB.CONNECTION.LATENCY.VALUE","attributes":{"_value":"1.0"}}
2025-05-31 00:41:16,061+0200 IPDMONITORING {"timestamp":"1748644876","label":"DB.CONNECTION.LATENCY.STATISTICS","attributes":{"_99thPercentile":"2.0","_count":"17","_mean":"0.6760991750479027","_max":"2.0","_min":"0.0"}}
2025-05-31 00:41:16,061+0200 IPDMONITORING {"timestamp":"1748644876","label":"DB.CONNECTION.POOL.NUMIDLE.STATISTICS","attributes":{"_99thPercentile":"3.0","_count":"17","_mean":"2.40344587094245","_max":"3.0","_min":"2.0"}}
2025-05-31 00:41:16,061+0200 IPDMONITORING {"timestamp":"1748644876","label":"DB.CONNECTION.POOL.NUMACTIVE.VALUE","attributes":{"_value":"1.0"}}
2025-05-31 00:41:16,061+0200 IPDMONITORING {"timestamp":"1748644876","label":"DB.CONNECTION.FAILURES.COUNTER","attributes":{"_count":"0"}}
2025-05-31 00:41:16,061+0200 IPDMONITORING {"timestamp":"1748644876","label":"HTTP.REQUESTS.VALUE","attributes":{"_value":"915.0"}}
2025-05-31 00:41:16,061+0200 IPDMONITORING {"timestamp":"1748644876","label":"MAIL.QUEUE.NUMITEMSADDEDPERMIN.VALUE","attributes":{"_value":"0.0"}}
2025-05-31 00:41:16,061+0200 IPDMONITORING {"timestamp":"1748644876","label":"MAIL.QUEUE.NUMITEMS.VALUE","attributes":{"_value":"0.0"}}
2025-05-31 00:41:16,061+0200 IPDMONITORING {"timestamp":"1748644876","label":"MAIL.QUEUE.NUMERRORSADDEDPERMIN.STATISTICS","attributes":{"_99thPercentile":"0.0","_count":"17","_mean":"0.0","_max":"0.0","_min":"0.0"}}
2025-05-31 00:41:16,062+0200 IPDMONITORING {"timestamp":"1748644876","label":"DB.CONNECTION.POOL.NUMACTIVE.STATISTICS","attributes":{"_99thPercentile":"1.0","_count":"17","_mean":"0.5965537982851183","_max":"1.0","_min":"0.0"}}
2025-05-31 00:41:16,062+0200 IPDMONITORING {"timestamp":"1748644876","label":"MAIL.QUEUE.NUMITEMSPROCESSEDPERMIN.VALUE","attributes":{"_value":"0.0"}}
2025-05-31 00:41:16,062+0200 IPDMONITORING {"timestamp":"1748644876","label":"MAIL.QUEUE.NUMITEMSPROCESSEDPERMIN.STATISTICS","attributes":{"_99thPercentile":"0.0","_count":"17","_mean":"0.0","_max":"0.0","_min":"0.0"}}
2025-05-31 00:41:16,062+0200 IPDMONITORING {"timestamp":"1748644876","label":"MAIL.QUEUE.NUMERRORSADDEDPERMIN.VALUE","attributes":{"_value":"0.0"}}
2025-05-31 00:41:16,062+0200 IPDMONITORING {"timestamp":"1748644876","label":"HTTP.CONNECTION.SESSIONS.ACTIVE.STATISTICS","attributes":{"_99thPercentile":"4.0","_count":"17","_mean":"3.021588317483137","_max":"6.0","_min":"0.0"}}
2025-05-31 00:41:16,062+0200 IPDMONITORING {"timestamp":"1748644876","label":"HTTP.REQUESTS.STATISTICS","attributes":{"_99thPercentile":"915.0","_count":"17","_mean":"763.7753198781621","_max":"3219.0","_min":"0.0"}}
2025-05-31 00:41:16,062+0200 IPDMONITORING {"timestamp":"1748644876","label":"HOME.LOCAL.WRITE.LATENCY.INDEXWRITER.STATISTICS","attributes":{"_99thPercentile":"11.0","_count":"2","_mean":"9.265697015750023","_max":"11.0","_min":"5.0"}}
2025-05-31 00:41:16,062+0200 IPDMONITORING {"timestamp":"1748644876","label":"HTTP.CONNECTION.POOL.NUMACTIVE.VALUE","attributes":{"_value":"0.0"}}
2025-05-31 00:41:16,062+0200 IPDMONITORING {"timestamp":"1748644876","label":"HTTP.CONNECTION.SESSIONS.ACTIVE.VALUE","attributes":{"_value":"4.0"}}
2025-05-31 00:41:16,062+0200 IPDMONITORING {"timestamp":"1748644876","label":"DB.CONNECTION.STATE.VALUE","attributes":{"_value":"1.0"}}
2025-05-31 00:41:16,062+0200 IPDMONITORING {"timestamp":"1748644876","label":"HTTP.CONNECTION.POOL.NUMIDLE.VALUE","attributes":{"_value":"10.0"}}
2025-05-31 00:41:16,063+0200 IPDMONITORING {"timestamp":"1748644876","label":"HTTP.CONNECTION.POOL.NUMMAX.VALUE","attributes":{"_value":"200.0"}}
2025-05-31 00:41:16,063+0200 IPDMONITORING {"timestamp":"1748644876","label":"MAIL.QUEUE.NUMERRORS.VALUE","attributes":{"_value":"0.0"}}
2025-05-31 00:41:16,063+0200 IPDMONITORING {"timestamp":"1748644876","label":"HOME.LOCAL.WRITE.LATENCY.SYNTHETIC.VALUE","attributes":{"_value":"-1.0"}}
2025-05-31 00:41:16,063+0200 IPDMONITORING {"timestamp":"1748644876","label":"MAIL.QUEUE.NUMERRORS.STATISTICS","attributes":{"_99thPercentile":"0.0","_count":"17","_mean":"0.0","_max":"0.0","_min":"0.0"}}
2025-05-31 00:41:46,071+0200 IPDMONITORING {"timestamp":"1748644906","label":"MAIL.QUEUE.JOBRUNNING.VALUE","attributes":{"_value":"0.0"}}
2025-05-31 00:41:50,245+0200 IPDMONITORING {"timestamp":"1748644910","label":"MAIL.QUEUE.JOBRUNNING.VALUE","attributes":{"_value":"1.0"}}
2025-05-31 00:41:50,247+0200 IPDMONITORING {"timestamp":"1748644910","label":"MAIL.QUEUE.JOBRUNNING.VALUE","attributes":{"_value":"0.0"}}
